use_cuda = False, num_devices = 4, num_processes = 4
Initialized without checkpointing
Initialized without checkpointing
Initialized without checkpointing
Starting to train
Launch training of model 0 on process 56405
Starting to train
Launch training of model 1 on process 56407
Starting training from epoch  0
Starting training from epoch  0
Starting to train
Launch training of model 2 on process 56406
Starting training from epoch  0
(Print) Epoch: 0 Total_Loss: 2822.9404296875 with error 2822.62548828125 KL divergence 0.3148741126060486
(Save) Epoch: 0 Total_Loss: 2822.9404296875 with error 2822.62548828125 KL divergence 0.3148741126060486
(Print) Epoch: 0 Total_Loss: 3139.310791015625 with error 3138.8486328125 KL divergence 0.462105929851532
(Save) Epoch: 0 Total_Loss: 3139.310791015625 with error 3138.8486328125 KL divergence 0.462105929851532
(Print) Epoch: 0 Total_Loss: 3642.719482421875 with error 3642.43701171875 KL divergence 0.2821429371833801
(Save) Epoch: 0 Total_Loss: 3642.719482421875 with error 3642.43701171875 KL divergence 0.2821429371833801
(Save) Epoch: 100 Total_Loss: 1102.468505859375 with error 1084.7161865234375 KL divergence 17.752214431762695
(Save) Epoch: 100 Total_Loss: 1429.20654296875 with error 1409.2894287109375 KL divergence 19.916967391967773
(Save) Epoch: 100 Total_Loss: 1435.9017333984375 with error 1418.555908203125 KL divergence 17.345842361450195
(Save) Epoch: 200 Total_Loss: 525.650390625 with error 492.1349182128906 KL divergence 33.515403747558594
(Save) Epoch: 200 Total_Loss: 469.3885803222656 with error 426.64752197265625 KL divergence 42.74111557006836
(Save) Epoch: 200 Total_Loss: 597.5245361328125 with error 560.7797241210938 KL divergence 36.744712829589844
(Save) Epoch: 300 Total_Loss: 346.65911865234375 with error 306.78350830078125 KL divergence 39.87559509277344
(Save) Epoch: 300 Total_Loss: 279.102783203125 with error 221.27822875976562 KL divergence 57.824546813964844
(Save) Epoch: 300 Total_Loss: 484.86944580078125 with error 442.37939453125 KL divergence 42.49003601074219
(Save) Epoch: 400 Total_Loss: 338.2293701171875 with error 295.60821533203125 KL divergence 42.6212043762207
(Save) Epoch: 400 Total_Loss: 178.9080352783203 with error 111.46158599853516 KL divergence 67.44644927978516
(Save) Epoch: 400 Total_Loss: 370.05499267578125 with error 311.71636962890625 KL divergence 58.338653564453125
(Save) Epoch: 500 Total_Loss: 194.94821166992188 with error 141.85736083984375 KL divergence 53.090850830078125
(Save) Epoch: 500 Total_Loss: 160.96766662597656 with error 87.0921630859375 KL divergence 73.87552642822266
(Save) Epoch: 500 Total_Loss: 313.36383056640625 with error 255.04043579101562 KL divergence 58.323387145996094
(Save) Epoch: 600 Total_Loss: 128.33541870117188 with error 74.62326049804688 KL divergence 53.712158203125
(Save) Epoch: 600 Total_Loss: 134.25924682617188 with error 62.745330810546875 KL divergence 71.51393127441406
(Save) Epoch: 600 Total_Loss: 223.69619750976562 with error 163.7749481201172 KL divergence 59.921226501464844
(Save) Epoch: 700 Total_Loss: 120.87184143066406 with error 52.75995635986328 KL divergence 68.11187744140625
(Save) Epoch: 700 Total_Loss: 153.32923889160156 with error 115.8227767944336 KL divergence 37.50645065307617
(Save) Epoch: 700 Total_Loss: 169.81082153320312 with error 105.77201843261719 KL divergence 64.03880310058594
(Save) Epoch: 800 Total_Loss: 100.62767028808594 with error 38.81087112426758 KL divergence 61.816795349121094
(Save) Epoch: 800 Total_Loss: 149.89028930664062 with error 118.24471282958984 KL divergence 31.64557456970215
(Save) Epoch: 800 Total_Loss: 136.41616821289062 with error 78.32164764404297 KL divergence 58.094520568847656
(Save) Epoch: 900 Total_Loss: 91.29608917236328 with error 32.55537033081055 KL divergence 58.7407112121582
(Save) Epoch: 900 Total_Loss: 76.38676452636719 with error 33.90934753417969 KL divergence 42.4774169921875
(Save) Epoch: 900 Total_Loss: 101.72367095947266 with error 50.167236328125 KL divergence 51.556427001953125
(Print) Epoch: 1000 Total_Loss: 77.43114471435547 with error 25.13155746459961 KL divergence 52.29957962036133
(Save) Epoch: 1000 Total_Loss: 77.43114471435547 with error 25.13155746459961 KL divergence 52.29957962036133
(Print) Epoch: 1000 Total_Loss: 76.983642578125 with error 47.879150390625 KL divergence 29.1044979095459
(Save) Epoch: 1000 Total_Loss: 76.983642578125 with error 47.879150390625 KL divergence 29.1044979095459
(Print) Epoch: 1000 Total_Loss: 94.65135192871094 with error 59.35869216918945 KL divergence 35.29265213012695
(Save) Epoch: 1000 Total_Loss: 94.65135192871094 with error 59.35869216918945 KL divergence 35.29265213012695
(Save) Epoch: 1100 Total_Loss: 74.66575622558594 with error 29.481094360351562 KL divergence 45.184669494628906
(Save) Epoch: 1100 Total_Loss: 66.93608856201172 with error 36.07212448120117 KL divergence 30.863964080810547
(Save) Epoch: 1100 Total_Loss: 77.11804962158203 with error 31.019779205322266 KL divergence 46.0982666015625
(Save) Epoch: 1200 Total_Loss: 58.791290283203125 with error 19.301387786865234 KL divergence 39.48991012573242
(Save) Epoch: 1200 Total_Loss: 78.56281280517578 with error 50.51038360595703 KL divergence 28.052425384521484
(Save) Epoch: 1200 Total_Loss: 65.55607604980469 with error 23.949909210205078 KL divergence 41.606170654296875
(Save) Epoch: 1300 Total_Loss: 51.6197509765625 with error 15.631428718566895 KL divergence 35.98832321166992
(Save) Epoch: 1300 Total_Loss: 61.84051513671875 with error 28.545520782470703 KL divergence 33.29499053955078
(Save) Epoch: 1300 Total_Loss: 54.268714904785156 with error 17.13046646118164 KL divergence 37.13824462890625
(Save) Epoch: 1400 Total_Loss: 55.633880615234375 with error 16.599939346313477 KL divergence 39.03394317626953
(Save) Epoch: 1400 Total_Loss: 45.083648681640625 with error 16.358304977416992 KL divergence 28.7253475189209
(Save) Epoch: 1400 Total_Loss: 52.91827392578125 with error 14.079388618469238 KL divergence 38.83888626098633
(Save) Epoch: 1500 Total_Loss: 65.19328308105469 with error 22.539936065673828 KL divergence 42.653358459472656
(Save) Epoch: 1500 Total_Loss: 47.095802307128906 with error 15.542996406555176 KL divergence 31.55280113220215
(Save) Epoch: 1500 Total_Loss: 48.880184173583984 with error 12.57586669921875 KL divergence 36.3043212890625
(Save) Epoch: 1600 Total_Loss: 44.330528259277344 with error 12.353288650512695 KL divergence 31.97723960876465
(Save) Epoch: 1600 Total_Loss: 42.2840690612793 with error 12.253924369812012 KL divergence 30.030147552490234
(Save) Epoch: 1600 Total_Loss: 43.638023376464844 with error 11.588491439819336 KL divergence 32.049537658691406
(Save) Epoch: 1700 Total_Loss: 43.2523307800293 with error 8.388542175292969 KL divergence 34.86378860473633
(Save) Epoch: 1700 Total_Loss: 38.22945022583008 with error 9.46778392791748 KL divergence 28.761669158935547
(Save) Epoch: 1700 Total_Loss: 40.25339889526367 with error 12.297200202941895 KL divergence 27.956207275390625
(Save) Epoch: 1800 Total_Loss: 40.20463562011719 with error 8.889549255371094 KL divergence 31.315088272094727
(Save) Epoch: 1800 Total_Loss: 38.65995788574219 with error 9.32829761505127 KL divergence 29.331661224365234
(Save) Epoch: 1800 Total_Loss: 37.74260330200195 with error 13.955340385437012 KL divergence 23.78726577758789
(Save) Epoch: 1900 Total_Loss: 42.24528121948242 with error 8.324583053588867 KL divergence 33.92070388793945
(Save) Epoch: 1900 Total_Loss: 39.48375701904297 with error 10.79350471496582 KL divergence 28.69025230407715
(Print) Epoch: 2000 Total_Loss: 38.818241119384766 with error 9.572731971740723 KL divergence 29.245508193969727
(Save) Epoch: 2000 Total_Loss: 38.818241119384766 with error 9.572731971740723 KL divergence 29.245508193969727
(Print) Epoch: 2000 Total_Loss: 26.686870574951172 with error 6.3678975105285645 KL divergence 20.318973541259766
(Save) Epoch: 2000 Total_Loss: 26.686870574951172 with error 6.3678975105285645 KL divergence 20.318973541259766
(Save) Epoch: 1900 Total_Loss: 36.873924255371094 with error 9.154293060302734 KL divergence 27.719629287719727
(Save) Epoch: 2100 Total_Loss: 35.64051055908203 with error 8.534749984741211 KL divergence 27.105754852294922
(Save) Epoch: 2100 Total_Loss: 31.311534881591797 with error 7.574053764343262 KL divergence 23.73748016357422
(Print) Epoch: 2000 Total_Loss: 37.08314895629883 with error 8.22123908996582 KL divergence 28.861907958984375
(Save) Epoch: 2000 Total_Loss: 37.08314895629883 with error 8.22123908996582 KL divergence 28.861907958984375
(Save) Epoch: 2200 Total_Loss: 33.40266799926758 with error 7.704533576965332 KL divergence 25.698131561279297
(Save) Epoch: 2200 Total_Loss: 31.776630401611328 with error 7.538140296936035 KL divergence 24.238489151000977
(Save) Epoch: 2100 Total_Loss: 31.922903060913086 with error 9.7758207321167 KL divergence 22.147083282470703
(Save) Epoch: 2300 Total_Loss: 33.06342315673828 with error 9.888846397399902 KL divergence 23.174577713012695
(Save) Epoch: 2300 Total_Loss: 30.614635467529297 with error 5.743052005767822 KL divergence 24.871585845947266
(Save) Epoch: 2200 Total_Loss: 34.64128875732422 with error 7.673009395599365 KL divergence 26.968280792236328
(Save) Epoch: 2400 Total_Loss: 27.0915584564209 with error 5.108675479888916 KL divergence 21.982881546020508
(Save) Epoch: 2400 Total_Loss: 35.341209411621094 with error 5.266840934753418 KL divergence 30.07437515258789
(Save) Epoch: 2300 Total_Loss: 33.14289093017578 with error 6.873171806335449 KL divergence 26.26971435546875
(Save) Epoch: 2500 Total_Loss: 25.75665855407715 with error 5.3310041427612305 KL divergence 20.425655364990234
(Save) Epoch: 2500 Total_Loss: 25.13857078552246 with error 5.114488124847412 KL divergence 20.02408218383789
(Save) Epoch: 2600 Total_Loss: 27.81460952758789 with error 6.643454074859619 KL divergence 21.171152114868164
(Save) Epoch: 2400 Total_Loss: 29.159683227539062 with error 5.284285545349121 KL divergence 23.87540054321289
(Save) Epoch: 2600 Total_Loss: 32.411476135253906 with error 6.517783164978027 KL divergence 25.893692016601562
(Save) Epoch: 2700 Total_Loss: 27.57303810119629 with error 5.781900405883789 KL divergence 21.791141510009766
(Save) Epoch: 2500 Total_Loss: 29.244384765625 with error 6.426053047180176 KL divergence 22.81833267211914
(Save) Epoch: 2700 Total_Loss: 22.963939666748047 with error 3.7341761589050293 KL divergence 19.22976303100586
(Save) Epoch: 2800 Total_Loss: 24.77682113647461 with error 5.30564022064209 KL divergence 19.47118377685547
(Save) Epoch: 2800 Total_Loss: 30.311199188232422 with error 8.55577564239502 KL divergence 21.75542640686035
(Save) Epoch: 2600 Total_Loss: 26.536396026611328 with error 7.569610595703125 KL divergence 18.96678352355957
(Save) Epoch: 2900 Total_Loss: 23.27793312072754 with error 4.873071193695068 KL divergence 18.404861450195312
(Save) Epoch: 2900 Total_Loss: 25.1480770111084 with error 5.2847900390625 KL divergence 19.8632869720459
(Save) Epoch: 2700 Total_Loss: 28.43182945251465 with error 7.704720497131348 KL divergence 20.727108001708984
(Print) Epoch: 3000 Total_Loss: 24.926712036132812 with error 5.006621360778809 KL divergence 19.920087814331055
(Save) Epoch: 3000 Total_Loss: 24.926712036132812 with error 5.006621360778809 KL divergence 19.920087814331055
(Print) Epoch: 3000 Total_Loss: 24.93194007873535 with error 4.646939277648926 KL divergence 20.28499984741211
(Save) Epoch: 3000 Total_Loss: 24.93194007873535 with error 4.646939277648926 KL divergence 20.28499984741211
(Save) Epoch: 2800 Total_Loss: 28.012704849243164 with error 5.126537322998047 KL divergence 22.886165618896484
(Save) Epoch: 3100 Total_Loss: 25.105852127075195 with error 4.911227226257324 KL divergence 20.194623947143555
(Save) Epoch: 3100 Total_Loss: 23.422534942626953 with error 3.34100604057312 KL divergence 20.081527709960938
(Save) Epoch: 3200 Total_Loss: 19.99288558959961 with error 3.774555206298828 KL divergence 16.218332290649414
(Save) Epoch: 2900 Total_Loss: 22.863412857055664 with error 5.9991583824157715 KL divergence 16.864253997802734
(Save) Epoch: 3200 Total_Loss: 27.087459564208984 with error 5.090315341949463 KL divergence 21.997142791748047
(Save) Epoch: 3300 Total_Loss: 21.552043914794922 with error 4.31594181060791 KL divergence 17.236103057861328
(Print) Epoch: 3000 Total_Loss: 24.579509735107422 with error 5.6542229652404785 KL divergence 18.925289154052734
(Save) Epoch: 3000 Total_Loss: 24.579509735107422 with error 5.6542229652404785 KL divergence 18.925289154052734
(Save) Epoch: 3300 Total_Loss: 21.741809844970703 with error 2.8832263946533203 KL divergence 18.858585357666016
(Save) Epoch: 3400 Total_Loss: 20.57731819152832 with error 3.922269105911255 KL divergence 16.655048370361328
(Save) Epoch: 3100 Total_Loss: 23.722408294677734 with error 4.6460981369018555 KL divergence 19.076313018798828
(Save) Epoch: 3400 Total_Loss: 22.61809539794922 with error 3.8075523376464844 KL divergence 18.810543060302734
(Save) Epoch: 3500 Total_Loss: 19.3020076751709 with error 3.721557140350342 KL divergence 15.580451965332031
(Save) Epoch: 3200 Total_Loss: 20.441198348999023 with error 3.3946189880371094 KL divergence 17.046579360961914
(Save) Epoch: 3500 Total_Loss: 24.434965133666992 with error 3.497325897216797 KL divergence 20.937641143798828
(Save) Epoch: 3600 Total_Loss: 17.825040817260742 with error 3.684692859649658 KL divergence 14.140348434448242
(Save) Epoch: 3300 Total_Loss: 23.8124942779541 with error 4.382785320281982 KL divergence 19.429706573486328
(Save) Epoch: 3600 Total_Loss: 17.90617561340332 with error 3.3097357749938965 KL divergence 14.59643840789795
(Save) Epoch: 3700 Total_Loss: 18.503910064697266 with error 3.783466339111328 KL divergence 14.720440864562988
(Save) Epoch: 3400 Total_Loss: 20.090587615966797 with error 3.491671085357666 KL divergence 16.598913192749023
(Save) Epoch: 3800 Total_Loss: 21.671220779418945 with error 4.079509258270264 KL divergence 17.59170913696289
(Save) Epoch: 3700 Total_Loss: 16.17763900756836 with error 2.829277753829956 KL divergence 13.348361015319824
(Save) Epoch: 3500 Total_Loss: 19.841848373413086 with error 5.5482025146484375 KL divergence 14.293644905090332
(Save) Epoch: 3900 Total_Loss: 22.724796295166016 with error 5.3504438400268555 KL divergence 17.37435531616211
(Save) Epoch: 3800 Total_Loss: 20.246070861816406 with error 3.0348777770996094 KL divergence 17.211193084716797
(Save) Epoch: 3600 Total_Loss: 18.446842193603516 with error 4.093605995178223 KL divergence 14.353235244750977
(Print) Epoch: 4000 Total_Loss: 17.278209686279297 with error 3.515441417694092 KL divergence 13.762768745422363
(Save) Epoch: 4000 Total_Loss: 17.278209686279297 with error 3.515441417694092 KL divergence 13.762768745422363
(Save) Epoch: 3900 Total_Loss: 20.680810928344727 with error 2.539954900741577 KL divergence 18.140853881835938
(Save) Epoch: 3700 Total_Loss: 19.621610641479492 with error 3.411900281906128 KL divergence 16.20970916748047
(Save) Epoch: 4100 Total_Loss: 19.261754989624023 with error 3.4647579193115234 KL divergence 15.796995162963867
(Print) Epoch: 4000 Total_Loss: 19.29588508605957 with error 3.507176637649536 KL divergence 15.788708686828613
(Save) Epoch: 4000 Total_Loss: 19.29588508605957 with error 3.507176637649536 KL divergence 15.788708686828613
(Save) Epoch: 3800 Total_Loss: 19.50460433959961 with error 3.878693103790283 KL divergence 15.6259126663208
(Save) Epoch: 4200 Total_Loss: 18.406566619873047 with error 4.049407005310059 KL divergence 14.357159614562988
(Save) Epoch: 4100 Total_Loss: 17.148151397705078 with error 2.3403263092041016 KL divergence 14.807827949523926
(Save) Epoch: 3900 Total_Loss: 20.351329803466797 with error 4.810769557952881 KL divergence 15.540559768676758
(Save) Epoch: 4300 Total_Loss: 18.470218658447266 with error 3.6748268604278564 KL divergence 14.795392036437988
(Save) Epoch: 4200 Total_Loss: 16.731428146362305 with error 2.819403886795044 KL divergence 13.912023544311523
(Print) Epoch: 4000 Total_Loss: 18.983539581298828 with error 4.48291015625 KL divergence 14.500628471374512
(Save) Epoch: 4000 Total_Loss: 18.983539581298828 with error 4.48291015625 KL divergence 14.500628471374512
(Save) Epoch: 4400 Total_Loss: 18.21442222595215 with error 3.853198289871216 KL divergence 14.361224174499512
(Save) Epoch: 4300 Total_Loss: 18.48065757751465 with error 3.6946539878845215 KL divergence 14.786005020141602
(Save) Epoch: 4500 Total_Loss: 18.006526947021484 with error 3.968540906906128 KL divergence 14.037988662719727
(Save) Epoch: 4100 Total_Loss: 20.42021369934082 with error 4.157220363616943 KL divergence 16.26299476623535
(Save) Epoch: 4400 Total_Loss: 16.181692123413086 with error 3.449777126312256 KL divergence 12.731917381286621
(Save) Epoch: 4600 Total_Loss: 18.195390701293945 with error 4.035328388214111 KL divergence 14.160059928894043
(Save) Epoch: 4200 Total_Loss: 19.76066780090332 with error 5.053343772888184 KL divergence 14.707324028015137
(Save) Epoch: 4500 Total_Loss: 17.51473617553711 with error 3.3345584869384766 KL divergence 14.18017578125
(Save) Epoch: 4700 Total_Loss: 17.62295913696289 with error 2.8237786293029785 KL divergence 14.799179077148438
(Save) Epoch: 4300 Total_Loss: 16.8539981842041 with error 3.119680643081665 KL divergence 13.7343168258667
(Save) Epoch: 4600 Total_Loss: 17.217914581298828 with error 3.159288167953491 KL divergence 14.058627128601074
(Save) Epoch: 4800 Total_Loss: 15.828386306762695 with error 2.0528478622436523 KL divergence 13.775537490844727
(Save) Epoch: 4400 Total_Loss: 19.039554595947266 with error 4.223692893981934 KL divergence 14.815862655639648
(Save) Epoch: 4700 Total_Loss: 18.157958984375 with error 4.517239570617676 KL divergence 13.640721321105957
(Save) Epoch: 4900 Total_Loss: 15.058575630187988 with error 2.7439632415771484 KL divergence 12.31461238861084
(Save) Epoch: 4500 Total_Loss: 15.099519729614258 with error 2.8856279850006104 KL divergence 12.213891983032227
(Save) Epoch: 4800 Total_Loss: 17.752981185913086 with error 3.0085673332214355 KL divergence 14.744413375854492
(Print) Epoch: 5000 Total_Loss: 15.10064697265625 with error 3.0773472785949707 KL divergence 12.023298263549805
(Save) Epoch: 5000 Total_Loss: 15.10064697265625 with error 3.0773472785949707 KL divergence 12.023298263549805
(Save) Epoch: 4600 Total_Loss: 16.678054809570312 with error 3.0567924976348877 KL divergence 13.621261596679688
(Save) Epoch: 4900 Total_Loss: 15.692085266113281 with error 2.7498135566711426 KL divergence 12.94227123260498
(Save) Epoch: 5100 Total_Loss: 14.251562118530273 with error 1.8325525522232056 KL divergence 12.419011116027832
(Save) Epoch: 4700 Total_Loss: 18.279983520507812 with error 4.9761152267456055 KL divergence 13.303866386413574
