use_cuda = False, num_devices = 4, num_processes = 4
Initialized without checkpointing
load from checkpoint
Initialized without checkpointing
load from checkpoint
Initialized without checkpointing
load from checkpoint
Starting to train
Launch training of model 0 on process 32201
Starting training from epoch  4900
Starting to train
Launch training of model 1 on process 32199
Starting training from epoch  5100
Starting to train
Launch training of model 2 on process 32202
Starting training from epoch  4700
(Save) Epoch: 4700 Total_Loss: 386410.65625 with error 386400.15625 KL divergence 10.528691291809082
(Save) Epoch: 4900 Total_Loss: 17.281978607177734 with error 4.077092170715332 KL divergence 13.204885482788086
(Save) Epoch: 5100 Total_Loss: 17.011104583740234 with error 4.911547660827637 KL divergence 12.09955883026123
(Print) Epoch: 5000 Total_Loss: 15.471803665161133 with error 2.972623825073242 KL divergence 12.499178886413574
(Save) Epoch: 5000 Total_Loss: 15.471803665161133 with error 2.972623825073242 KL divergence 12.499178886413574
(Save) Epoch: 4800 Total_Loss: 133.04013061523438 with error 114.52091217041016 KL divergence 18.519201278686523
(Save) Epoch: 5200 Total_Loss: 18.187036514282227 with error 4.988892078399658 KL divergence 13.198144912719727
(Save) Epoch: 5100 Total_Loss: 14.492527961730957 with error 2.2337565422058105 KL divergence 12.258771896362305
(Save) Epoch: 4900 Total_Loss: 130.2384033203125 with error 111.87115478515625 KL divergence 18.367252349853516
(Save) Epoch: 5300 Total_Loss: 15.3345365524292 with error 3.5285351276397705 KL divergence 11.805998802185059
(Save) Epoch: 5200 Total_Loss: 14.804525375366211 with error 2.4441919326782227 KL divergence 12.360334396362305
(Print) Epoch: 5000 Total_Loss: 168.5832977294922 with error 155.89773559570312 KL divergence 12.685548782348633
(Save) Epoch: 5000 Total_Loss: 168.5832977294922 with error 155.89773559570312 KL divergence 12.685548782348633
(Save) Epoch: 5400 Total_Loss: 17.15496253967285 with error 4.337655067443848 KL divergence 12.81730842590332
(Save) Epoch: 5300 Total_Loss: 15.588337898254395 with error 4.153406143188477 KL divergence 11.43493366241455
(Save) Epoch: 5100 Total_Loss: 128.1643829345703 with error 111.85932922363281 KL divergence 16.305042266845703
(Save) Epoch: 5500 Total_Loss: 16.144542694091797 with error 3.732746124267578 KL divergence 12.411797523498535
(Save) Epoch: 5400 Total_Loss: 14.832101821899414 with error 3.0647025108337402 KL divergence 11.7673978805542
(Save) Epoch: 5200 Total_Loss: 142.18997192382812 with error 129.46713256835938 KL divergence 12.72286605834961
(Save) Epoch: 5600 Total_Loss: 14.275927543640137 with error 2.051823377609253 KL divergence 12.224104881286621
(Save) Epoch: 5500 Total_Loss: 15.67411994934082 with error 3.3239150047302246 KL divergence 12.350205421447754
(Save) Epoch: 5300 Total_Loss: 107.8645248413086 with error 93.16242218017578 KL divergence 14.702116012573242
(Save) Epoch: 5700 Total_Loss: 13.678215026855469 with error 2.7694029808044434 KL divergence 10.908811569213867
(Save) Epoch: 5600 Total_Loss: 14.386835098266602 with error 2.4939382076263428 KL divergence 11.892894744873047
(Save) Epoch: 5400 Total_Loss: 76.18917846679688 with error 60.61894989013672 KL divergence 15.570228576660156
(Save) Epoch: 5700 Total_Loss: 13.819270133972168 with error 2.815481662750244 KL divergence 11.003789901733398
(Save) Epoch: 5800 Total_Loss: 14.063224792480469 with error 3.3322677612304688 KL divergence 10.730955123901367
(Save) Epoch: 5500 Total_Loss: 69.99956512451172 with error 54.91035079956055 KL divergence 15.089212417602539
(Save) Epoch: 5800 Total_Loss: 13.857076644897461 with error 3.0425660610198975 KL divergence 10.814512252807617
(Save) Epoch: 5600 Total_Loss: 75.6515121459961 with error 63.86140060424805 KL divergence 11.790117263793945
(Save) Epoch: 5900 Total_Loss: 14.314188003540039 with error 2.533412218093872 KL divergence 11.780776977539062
(Save) Epoch: 5900 Total_Loss: 14.372075080871582 with error 3.3973422050476074 KL divergence 10.974733352661133
(Save) Epoch: 5700 Total_Loss: 71.19160461425781 with error 57.19187545776367 KL divergence 13.999728202819824
(Print) Epoch: 6000 Total_Loss: 14.110539436340332 with error 2.90885853767395 KL divergence 11.201681137084961
(Save) Epoch: 6000 Total_Loss: 14.110539436340332 with error 2.90885853767395 KL divergence 11.201681137084961
(Print) Epoch: 6000 Total_Loss: 13.063772201538086 with error 2.8884291648864746 KL divergence 10.17534351348877
(Save) Epoch: 6000 Total_Loss: 13.063772201538086 with error 2.8884291648864746 KL divergence 10.17534351348877
(Save) Epoch: 5800 Total_Loss: 92.12506103515625 with error 80.57817077636719 KL divergence 11.546880722045898
(Save) Epoch: 6100 Total_Loss: 12.803753852844238 with error 2.336047410964966 KL divergence 10.467706680297852
(Save) Epoch: 6100 Total_Loss: 13.214444160461426 with error 2.866086959838867 KL divergence 10.348358154296875
(Save) Epoch: 5900 Total_Loss: 62.290771484375 with error 48.31946563720703 KL divergence 13.971308708190918
(Save) Epoch: 6200 Total_Loss: 14.526293754577637 with error 3.290882110595703 KL divergence 11.235414505004883
(Save) Epoch: 6200 Total_Loss: 13.15099048614502 with error 3.1703121662139893 KL divergence 9.98067855834961
(Print) Epoch: 6000 Total_Loss: 74.79911041259766 with error 60.81438446044922 KL divergence 13.984720230102539
(Save) Epoch: 6000 Total_Loss: 74.79911041259766 with error 60.81438446044922 KL divergence 13.984720230102539
(Save) Epoch: 6300 Total_Loss: 13.854942321777344 with error 3.2371392250061035 KL divergence 10.617802619934082
(Save) Epoch: 6300 Total_Loss: 13.388666152954102 with error 2.9374663829803467 KL divergence 10.45119857788086
(Save) Epoch: 6100 Total_Loss: 75.01949310302734 with error 62.32963943481445 KL divergence 12.689862251281738
(Save) Epoch: 6400 Total_Loss: 13.119932174682617 with error 2.67071533203125 KL divergence 10.449217796325684
(Save) Epoch: 6400 Total_Loss: 14.127227783203125 with error 3.639615297317505 KL divergence 10.487611770629883
(Save) Epoch: 6200 Total_Loss: 85.64369201660156 with error 73.68115234375 KL divergence 11.962533950805664
(Save) Epoch: 6500 Total_Loss: 13.187334060668945 with error 3.041189193725586 KL divergence 10.146145820617676
(Save) Epoch: 6300 Total_Loss: 77.11176300048828 with error 63.438995361328125 KL divergence 13.672764778137207
(Save) Epoch: 6500 Total_Loss: 13.531764030456543 with error 2.6110100746154785 KL divergence 10.920753479003906
(Save) Epoch: 6600 Total_Loss: 12.977252006530762 with error 2.894545078277588 KL divergence 10.082707405090332
(Save) Epoch: 6400 Total_Loss: 78.64675903320312 with error 66.84735870361328 KL divergence 11.799409866333008
(Save) Epoch: 6600 Total_Loss: 13.9935884475708 with error 3.138101577758789 KL divergence 10.855485916137695
(Save) Epoch: 6500 Total_Loss: 66.69351959228516 with error 52.792144775390625 KL divergence 13.901369094848633
(Save) Epoch: 6700 Total_Loss: 12.997339248657227 with error 2.8616745471954346 KL divergence 10.135663986206055
(Save) Epoch: 6700 Total_Loss: 14.2680025100708 with error 3.2952353954315186 KL divergence 10.972768783569336
(Save) Epoch: 6600 Total_Loss: 71.49243927001953 with error 58.875328063964844 KL divergence 12.617109298706055
(Save) Epoch: 6800 Total_Loss: 13.269935607910156 with error 3.7135238647460938 KL divergence 9.556411743164062
(Save) Epoch: 6800 Total_Loss: 13.065417289733887 with error 2.8665382862091064 KL divergence 10.19887924194336
(Save) Epoch: 6700 Total_Loss: 59.485679626464844 with error 46.688899993896484 KL divergence 12.796773910522461
(Save) Epoch: 6900 Total_Loss: 13.687418937683105 with error 4.234087944030762 KL divergence 9.453330993652344
(Save) Epoch: 6800 Total_Loss: 52.19312286376953 with error 39.55084228515625 KL divergence 12.642280578613281
(Save) Epoch: 6900 Total_Loss: 12.404409408569336 with error 2.349836826324463 KL divergence 10.054572105407715
(Print) Epoch: 7000 Total_Loss: 12.289777755737305 with error 3.091395139694214 KL divergence 9.198384284973145
(Save) Epoch: 7000 Total_Loss: 12.289777755737305 with error 3.091395139694214 KL divergence 9.198384284973145
(Save) Epoch: 6900 Total_Loss: 55.86445236206055 with error 42.978267669677734 KL divergence 12.88617992401123
(Print) Epoch: 7000 Total_Loss: 13.425976753234863 with error 3.16031813621521 KL divergence 10.265657424926758
(Save) Epoch: 7000 Total_Loss: 13.425976753234863 with error 3.16031813621521 KL divergence 10.265657424926758
(Save) Epoch: 7100 Total_Loss: 12.816378593444824 with error 3.5042757987976074 KL divergence 9.312101364135742
(Print) Epoch: 7000 Total_Loss: 60.039833068847656 with error 47.27458572387695 KL divergence 12.765249252319336
(Save) Epoch: 7000 Total_Loss: 60.039833068847656 with error 47.27458572387695 KL divergence 12.765249252319336
(Save) Epoch: 7200 Total_Loss: 12.250528335571289 with error 2.666987895965576 KL divergence 9.583539962768555
(Save) Epoch: 7100 Total_Loss: 13.442889213562012 with error 3.585092067718506 KL divergence 9.857797622680664
(Save) Epoch: 7100 Total_Loss: 55.384002685546875 with error 44.55747604370117 KL divergence 10.82652473449707
(Save) Epoch: 7300 Total_Loss: 11.323259353637695 with error 2.2648627758026123 KL divergence 9.05839729309082
(Save) Epoch: 7200 Total_Loss: 13.430041313171387 with error 3.4677352905273438 KL divergence 9.962307929992676
(Save) Epoch: 7200 Total_Loss: 39.657958984375 with error 25.96115493774414 KL divergence 13.696805000305176
(Save) Epoch: 7400 Total_Loss: 12.526605606079102 with error 3.42724347114563 KL divergence 9.09936237335205
(Save) Epoch: 7300 Total_Loss: 38.95309066772461 with error 25.25481605529785 KL divergence 13.698274612426758
(Save) Epoch: 7300 Total_Loss: 12.738719940185547 with error 3.144965648651123 KL divergence 9.593753814697266
(Save) Epoch: 7500 Total_Loss: 12.947509765625 with error 3.6112987995147705 KL divergence 9.336209297180176
(Save) Epoch: 7400 Total_Loss: 35.691062927246094 with error 23.063434600830078 KL divergence 12.627629280090332
(Save) Epoch: 7400 Total_Loss: 11.443231582641602 with error 2.2189154624938965 KL divergence 9.224315643310547
(Save) Epoch: 7600 Total_Loss: 11.94587516784668 with error 2.915347099304199 KL divergence 9.030529975891113
(Save) Epoch: 7500 Total_Loss: 39.38842010498047 with error 25.700927734375 KL divergence 13.687492370605469
(Save) Epoch: 7500 Total_Loss: 12.3923921585083 with error 3.383141279220581 KL divergence 9.009251594543457
(Save) Epoch: 7700 Total_Loss: 12.252337455749512 with error 3.682100772857666 KL divergence 8.570237159729004
(Save) Epoch: 7600 Total_Loss: 39.26285934448242 with error 26.37811279296875 KL divergence 12.884745597839355
(Save) Epoch: 7600 Total_Loss: 12.10753345489502 with error 2.484194040298462 KL divergence 9.623339653015137
(Save) Epoch: 7700 Total_Loss: 59.30881881713867 with error 46.05610275268555 KL divergence 13.252716064453125
(Save) Epoch: 7800 Total_Loss: 12.085487365722656 with error 2.9373137950897217 KL divergence 9.148174285888672
(Save) Epoch: 7800 Total_Loss: 57.00883865356445 with error 42.891029357910156 KL divergence 14.117810249328613
(Save) Epoch: 7900 Total_Loss: 11.879469871520996 with error 3.183403968811035 KL divergence 8.696065902709961
(Save) Epoch: 7700 Total_Loss: 11.914719581604004 with error 1.89251708984375 KL divergence 10.022202491760254
(Save) Epoch: 7900 Total_Loss: 31.446781158447266 with error 17.24808120727539 KL divergence 14.198701858520508
(Print) Epoch: 8000 Total_Loss: 11.933049201965332 with error 3.078364849090576 KL divergence 8.854684829711914
(Save) Epoch: 8000 Total_Loss: 11.933049201965332 with error 3.078364849090576 KL divergence 8.854684829711914
(Save) Epoch: 7800 Total_Loss: 13.261741638183594 with error 3.7295570373535156 KL divergence 9.532182693481445
(Print) Epoch: 8000 Total_Loss: 43.878604888916016 with error 31.951793670654297 KL divergence 11.92680549621582
(Save) Epoch: 8000 Total_Loss: 43.878604888916016 with error 31.951793670654297 KL divergence 11.92680549621582
(Save) Epoch: 8100 Total_Loss: 12.038787841796875 with error 3.195434808731079 KL divergence 8.843352317810059
(Save) Epoch: 7900 Total_Loss: 12.887211799621582 with error 3.8058300018310547 KL divergence 9.081382751464844
(Save) Epoch: 8100 Total_Loss: 57.986412048339844 with error 44.20698165893555 KL divergence 13.779436111450195
(Save) Epoch: 8200 Total_Loss: 12.199746131896973 with error 3.748802900314331 KL divergence 8.450943946838379
(Print) Epoch: 8000 Total_Loss: 12.535924911499023 with error 3.2050883769989014 KL divergence 9.330836296081543
(Save) Epoch: 8000 Total_Loss: 12.535924911499023 with error 3.2050883769989014 KL divergence 9.330836296081543
(Save) Epoch: 8200 Total_Loss: 53.32868194580078 with error 41.09596252441406 KL divergence 12.232717514038086
(Save) Epoch: 8300 Total_Loss: 11.537096977233887 with error 3.219470262527466 KL divergence 8.317627906799316
(Save) Epoch: 8300 Total_Loss: 37.65438461303711 with error 26.62001609802246 KL divergence 11.034372329711914
(Save) Epoch: 8100 Total_Loss: 11.857229232788086 with error 3.322951555252075 KL divergence 8.534276962280273
(Save) Epoch: 8400 Total_Loss: 11.566761016845703 with error 3.3157706260681152 KL divergence 8.250990867614746
(Save) Epoch: 8400 Total_Loss: 31.942302703857422 with error 18.049041748046875 KL divergence 13.89326286315918
(Save) Epoch: 8200 Total_Loss: 12.414578437805176 with error 3.3130850791931152 KL divergence 9.101491928100586
(Save) Epoch: 8500 Total_Loss: 10.927642822265625 with error 2.7787067890167236 KL divergence 8.148935317993164
(Save) Epoch: 8500 Total_Loss: 50.248329162597656 with error 37.78965377807617 KL divergence 12.458672523498535
(Save) Epoch: 8300 Total_Loss: 12.907565116882324 with error 4.819563865661621 KL divergence 8.08800220489502
(Save) Epoch: 8600 Total_Loss: 11.382216453552246 with error 3.3457303047180176 KL divergence 8.036486625671387
(Save) Epoch: 8600 Total_Loss: 51.18424606323242 with error 38.3411750793457 KL divergence 12.843072891235352
(Save) Epoch: 8700 Total_Loss: 45.24052810668945 with error 31.916391372680664 KL divergence 13.324134826660156
(Save) Epoch: 8700 Total_Loss: 11.080157279968262 with error 2.495929002761841 KL divergence 8.584227561950684
(Save) Epoch: 8400 Total_Loss: 11.67664623260498 with error 2.9758682250976562 KL divergence 8.700777053833008
(Save) Epoch: 8800 Total_Loss: 29.862518310546875 with error 16.18625259399414 KL divergence 13.67626953125
(Save) Epoch: 8800 Total_Loss: 12.152067184448242 with error 4.112160682678223 KL divergence 8.039907455444336
(Save) Epoch: 8500 Total_Loss: 11.711257934570312 with error 3.176919460296631 KL divergence 8.534337997436523
(Save) Epoch: 8900 Total_Loss: 37.98490524291992 with error 23.896839141845703 KL divergence 14.088068008422852
(Save) Epoch: 8900 Total_Loss: 10.79958438873291 with error 2.7129549980163574 KL divergence 8.086629867553711
(Save) Epoch: 8600 Total_Loss: 11.406007766723633 with error 3.09169340133667 KL divergence 8.314313888549805
(Print) Epoch: 9000 Total_Loss: 24.64400863647461 with error 8.127614974975586 KL divergence 16.516395568847656
(Save) Epoch: 9000 Total_Loss: 24.64400863647461 with error 8.127614974975586 KL divergence 16.516395568847656
(Print) Epoch: 9000 Total_Loss: 9.996673583984375 with error 2.199415683746338 KL divergence 7.7972588539123535
(Save) Epoch: 9000 Total_Loss: 9.996673583984375 with error 2.199415683746338 KL divergence 7.7972588539123535
(Save) Epoch: 8700 Total_Loss: 12.07824993133545 with error 3.381322145462036 KL divergence 8.696928024291992
(Save) Epoch: 9100 Total_Loss: 42.949520111083984 with error 28.740970611572266 KL divergence 14.208552360534668
(Save) Epoch: 9100 Total_Loss: 11.666074752807617 with error 3.5653445720672607 KL divergence 8.100728988647461
(Save) Epoch: 9200 Total_Loss: 31.487529754638672 with error 18.272356033325195 KL divergence 13.215177536010742
(Save) Epoch: 8800 Total_Loss: 12.039158821105957 with error 3.7808609008789062 KL divergence 8.258296966552734
(Save) Epoch: 9200 Total_Loss: 11.046323776245117 with error 2.9329781532287598 KL divergence 8.1133451461792
(Save) Epoch: 9300 Total_Loss: 28.790857315063477 with error 13.32715129852295 KL divergence 15.463704109191895
(Save) Epoch: 8900 Total_Loss: 10.523305892944336 with error 2.3503665924072266 KL divergence 8.172938346862793
(Save) Epoch: 9300 Total_Loss: 10.842840194702148 with error 3.090334892272949 KL divergence 7.752503871917725
(Save) Epoch: 9400 Total_Loss: 48.62218475341797 with error 34.97810363769531 KL divergence 13.644079208374023
(Print) Epoch: 9000 Total_Loss: 11.346380233764648 with error 2.867727756500244 KL divergence 8.478652000427246
(Save) Epoch: 9000 Total_Loss: 11.346380233764648 with error 2.867727756500244 KL divergence 8.478652000427246
(Save) Epoch: 9400 Total_Loss: 10.180106163024902 with error 2.3737692832946777 KL divergence 7.806336402893066
(Save) Epoch: 9500 Total_Loss: 38.6153564453125 with error 23.292577743530273 KL divergence 15.322774887084961
(Save) Epoch: 9100 Total_Loss: 10.569878578186035 with error 2.0777857303619385 KL divergence 8.492094039916992
(Save) Epoch: 9600 Total_Loss: 35.56513214111328 with error 21.499584197998047 KL divergence 14.065553665161133
(Save) Epoch: 9500 Total_Loss: 10.080510139465332 with error 2.318019390106201 KL divergence 7.762489318847656
(Save) Epoch: 9700 Total_Loss: 31.22982406616211 with error 16.865310668945312 KL divergence 14.364514350891113
(Save) Epoch: 9200 Total_Loss: 11.938939094543457 with error 3.8557465076446533 KL divergence 8.083192825317383
(Save) Epoch: 9600 Total_Loss: 10.085445404052734 with error 2.4769046306610107 KL divergence 7.608539581298828
(Save) Epoch: 9800 Total_Loss: 24.19762420654297 with error 6.486636161804199 KL divergence 17.710988998413086
