use_cuda = False, num_devices = 4, num_processes = 4
Initialized without checkpointing
load from checkpoint
Initialized without checkpointing
load from checkpoint
Initialized without checkpointing
load from checkpoint
Starting to train
Launch training of model 0 on process 16976
Starting training from epoch  9600
Starting to train
Launch training of model 1 on process 16978
Starting training from epoch  9200
Starting to train
Launch training of model 2 on process 16975
Starting training from epoch  9800
(Save) Epoch: 9800 Total_Loss: 22.314788818359375 with error 5.838850975036621 KL divergence 16.475936889648438
(Save) Epoch: 9600 Total_Loss: 10.237611770629883 with error 2.776933193206787 KL divergence 7.460679054260254
(Save) Epoch: 9200 Total_Loss: 10.25482177734375 with error 3.248096466064453 KL divergence 7.006725311279297
(Save) Epoch: 9900 Total_Loss: 22.532114028930664 with error 5.125009536743164 KL divergence 17.407102584838867
(Save) Epoch: 9700 Total_Loss: 9.542572021484375 with error 1.9987764358520508 KL divergence 7.543795108795166
(Save) Epoch: 9300 Total_Loss: 9.31451416015625 with error 2.182391405105591 KL divergence 7.132122993469238
(Print) Epoch: 10000 Total_Loss: 20.962017059326172 with error 8.07794189453125 KL divergence 12.884074211120605
(Save) Epoch: 10000 Total_Loss: 20.962017059326172 with error 8.07794189453125 KL divergence 12.884074211120605
(Save) Epoch: 9800 Total_Loss: 9.208109855651855 with error 2.1212356090545654 KL divergence 7.086875915527344
(Save) Epoch: 10100 Total_Loss: 19.843284606933594 with error 3.811070680618286 KL divergence 16.032215118408203
(Save) Epoch: 10200 Total_Loss: 18.41189956665039 with error 4.116531848907471 KL divergence 14.295367240905762
(Save) Epoch: 9400 Total_Loss: 10.228830337524414 with error 2.7482504844665527 KL divergence 7.4805803298950195
(Save) Epoch: 10300 Total_Loss: 23.84964370727539 with error 5.855668067932129 KL divergence 17.993976593017578
(Save) Epoch: 10400 Total_Loss: 20.996068954467773 with error 5.2138471603393555 KL divergence 15.78222370147705
(Save) Epoch: 9900 Total_Loss: 9.629873275756836 with error 2.7843005657196045 KL divergence 6.845573425292969
(Save) Epoch: 10500 Total_Loss: 22.213176727294922 with error 6.101711750030518 KL divergence 16.11146354675293
(Save) Epoch: 10600 Total_Loss: 19.277599334716797 with error 3.697157621383667 KL divergence 15.580438613891602
(Save) Epoch: 9500 Total_Loss: 10.217561721801758 with error 2.9401566982269287 KL divergence 7.277406215667725
(Save) Epoch: 10700 Total_Loss: 21.85715103149414 with error 6.554160118103027 KL divergence 15.30298900604248
(Save) Epoch: 10800 Total_Loss: 21.569965362548828 with error 6.1957502365112305 KL divergence 15.374214172363281
(Print) Epoch: 10000 Total_Loss: 10.993766784667969 with error 3.408466339111328 KL divergence 7.585301399230957
(Save) Epoch: 10000 Total_Loss: 10.993766784667969 with error 3.408466339111328 KL divergence 7.585301399230957
(Save) Epoch: 10100 Total_Loss: 9.09195327758789 with error 1.9785162210464478 KL divergence 7.113437652587891
(Save) Epoch: 10900 Total_Loss: 19.23858642578125 with error 5.0987324714660645 KL divergence 14.139854431152344
(Print) Epoch: 11000 Total_Loss: 19.32352066040039 with error 4.432651996612549 KL divergence 14.890869140625
(Save) Epoch: 11000 Total_Loss: 19.32352066040039 with error 4.432651996612549 KL divergence 14.890869140625
(Save) Epoch: 10200 Total_Loss: 11.140154838562012 with error 3.4983086585998535 KL divergence 7.641845703125
(Save) Epoch: 10300 Total_Loss: 10.800158500671387 with error 3.033918857574463 KL divergence 7.766238212585449
(Save) Epoch: 11100 Total_Loss: 19.899356842041016 with error 3.5700740814208984 KL divergence 16.329280853271484
(Save) Epoch: 9600 Total_Loss: 10.594937324523926 with error 3.485187530517578 KL divergence 7.109750270843506
(Save) Epoch: 10400 Total_Loss: 10.51479434967041 with error 2.9996097087860107 KL divergence 7.5151848793029785
(Save) Epoch: 11200 Total_Loss: 24.260147094726562 with error 7.166467189788818 KL divergence 17.093679428100586
(Save) Epoch: 10500 Total_Loss: 9.886406898498535 with error 2.6669294834136963 KL divergence 7.219477653503418
(Save) Epoch: 11300 Total_Loss: 20.472597122192383 with error 5.992612361907959 KL divergence 14.479985237121582
(Save) Epoch: 10600 Total_Loss: 9.852197647094727 with error 2.936192512512207 KL divergence 6.916003227233887
(Save) Epoch: 11400 Total_Loss: 19.99253273010254 with error 3.672119617462158 KL divergence 16.320415496826172
(Save) Epoch: 10700 Total_Loss: 9.269950866699219 with error 1.9497562646865845 KL divergence 7.320193290710449
(Save) Epoch: 11500 Total_Loss: 20.94711685180664 with error 5.863992214202881 KL divergence 15.083120346069336
(Save) Epoch: 9700 Total_Loss: 10.237756729125977 with error 3.4775149822235107 KL divergence 6.760241508483887
(Save) Epoch: 10800 Total_Loss: 9.540681838989258 with error 2.1637959480285645 KL divergence 7.37688684463501
(Save) Epoch: 11600 Total_Loss: 17.749174118041992 with error 4.501358985900879 KL divergence 13.247815132141113
(Save) Epoch: 10900 Total_Loss: 9.410737037658691 with error 2.3465375900268555 KL divergence 7.064198970794678
(Save) Epoch: 11700 Total_Loss: 21.497961044311523 with error 6.89407205581665 KL divergence 14.603889465332031
(Print) Epoch: 11000 Total_Loss: 9.232007026672363 with error 1.4850618839263916 KL divergence 7.746944427490234
(Save) Epoch: 11000 Total_Loss: 9.232007026672363 with error 1.4850618839263916 KL divergence 7.746944427490234
(Save) Epoch: 11800 Total_Loss: 18.663393020629883 with error 4.832035541534424 KL divergence 13.831355094909668
(Save) Epoch: 11100 Total_Loss: 7.896687984466553 with error 1.113692045211792 KL divergence 6.782995700836182
(Save) Epoch: 11900 Total_Loss: 18.761201858520508 with error 4.951748847961426 KL divergence 13.809453964233398
(Save) Epoch: 11200 Total_Loss: 10.863576889038086 with error 3.715672731399536 KL divergence 7.147904396057129
(Save) Epoch: 9800 Total_Loss: 10.246564865112305 with error 3.4981772899627686 KL divergence 6.748388767242432
(Print) Epoch: 12000 Total_Loss: 19.7191104888916 with error 5.93099308013916 KL divergence 13.788116455078125
(Save) Epoch: 12000 Total_Loss: 19.7191104888916 with error 5.93099308013916 KL divergence 13.788116455078125
(Save) Epoch: 11300 Total_Loss: 7.854123115539551 with error 1.2198470830917358 KL divergence 6.634275913238525
(Save) Epoch: 12100 Total_Loss: 17.930355072021484 with error 5.0845770835876465 KL divergence 12.845779418945312
(Save) Epoch: 11400 Total_Loss: 10.228034019470215 with error 3.1142771244049072 KL divergence 7.1137566566467285
(Save) Epoch: 12200 Total_Loss: 19.37893295288086 with error 5.3126654624938965 KL divergence 14.066266059875488
(Save) Epoch: 11500 Total_Loss: 9.020647048950195 with error 2.5059638023376465 KL divergence 6.514683723449707
(Save) Epoch: 12300 Total_Loss: 18.206350326538086 with error 3.9180870056152344 KL divergence 14.2882661819458
(Save) Epoch: 11600 Total_Loss: 9.168904304504395 with error 2.4421565532684326 KL divergence 6.726747989654541
(Save) Epoch: 12400 Total_Loss: 18.025121688842773 with error 3.5419623851776123 KL divergence 14.483159065246582
(Save) Epoch: 11700 Total_Loss: 9.092265129089355 with error 2.363497257232666 KL divergence 6.728768348693848
(Save) Epoch: 9900 Total_Loss: 10.770585060119629 with error 4.721095085144043 KL divergence 6.0494890213012695
(Save) Epoch: 12500 Total_Loss: 20.114398956298828 with error 4.9555559158325195 KL divergence 15.158842086791992
(Save) Epoch: 11800 Total_Loss: 10.159103393554688 with error 3.4677574634552 KL divergence 6.691346168518066
(Save) Epoch: 12600 Total_Loss: 20.5977725982666 with error 6.426548957824707 KL divergence 14.171223640441895
(Save) Epoch: 11900 Total_Loss: 10.278383255004883 with error 4.038623332977295 KL divergence 6.23975944519043
(Print) Epoch: 12000 Total_Loss: 8.97245979309082 with error 2.0919198989868164 KL divergence 6.8805389404296875
(Save) Epoch: 12000 Total_Loss: 8.97245979309082 with error 2.0919198989868164 KL divergence 6.8805389404296875
(Save) Epoch: 12700 Total_Loss: 18.465560913085938 with error 6.726918697357178 KL divergence 11.738643646240234
(Save) Epoch: 12100 Total_Loss: 8.595087051391602 with error 2.163391590118408 KL divergence 6.431694030761719
(Save) Epoch: 12800 Total_Loss: 17.23447036743164 with error 4.707426071166992 KL divergence 12.527046203613281
(Print) Epoch: 10000 Total_Loss: 9.407441139221191 with error 2.5449044704437256 KL divergence 6.862536430358887
(Save) Epoch: 10000 Total_Loss: 9.407441139221191 with error 2.5449044704437256 KL divergence 6.862536430358887
(Save) Epoch: 12200 Total_Loss: 8.483503341674805 with error 1.8840217590332031 KL divergence 6.599482536315918
(Save) Epoch: 12900 Total_Loss: 17.695924758911133 with error 3.591726303100586 KL divergence 14.10419750213623
(Save) Epoch: 10100 Total_Loss: 9.386332511901855 with error 2.982654333114624 KL divergence 6.403677940368652
(Save) Epoch: 12300 Total_Loss: 9.26848030090332 with error 3.0071072578430176 KL divergence 6.261373043060303
(Print) Epoch: 13000 Total_Loss: 19.500789642333984 with error 6.236835956573486 KL divergence 13.263956069946289
(Save) Epoch: 13000 Total_Loss: 19.500789642333984 with error 6.236835956573486 KL divergence 13.263956069946289
(Save) Epoch: 10200 Total_Loss: 9.070034980773926 with error 2.691716194152832 KL divergence 6.378318786621094
(Save) Epoch: 12400 Total_Loss: 8.869597434997559 with error 2.6444478034973145 KL divergence 6.225149631500244
(Save) Epoch: 13100 Total_Loss: 18.12957191467285 with error 5.100306034088135 KL divergence 13.029266357421875
(Save) Epoch: 10300 Total_Loss: 9.471467971801758 with error 3.0416362285614014 KL divergence 6.429832458496094
(Save) Epoch: 12500 Total_Loss: 8.70570182800293 with error 2.2885210514068604 KL divergence 6.417180061340332
(Save) Epoch: 13200 Total_Loss: 19.007169723510742 with error 5.428336143493652 KL divergence 13.578834533691406
(Save) Epoch: 12600 Total_Loss: 8.63110637664795 with error 1.8275692462921143 KL divergence 6.803536891937256
(Save) Epoch: 10400 Total_Loss: 9.226622581481934 with error 2.234034299850464 KL divergence 6.992588996887207
(Save) Epoch: 13300 Total_Loss: 20.00962257385254 with error 5.1465744972229 KL divergence 14.86304759979248
(Save) Epoch: 12700 Total_Loss: 8.124866485595703 with error 2.0871422290802 KL divergence 6.037724494934082
(Save) Epoch: 10500 Total_Loss: 8.656353950500488 with error 2.3593790531158447 KL divergence 6.296975612640381
(Save) Epoch: 13400 Total_Loss: 18.4038028717041 with error 4.3887152671813965 KL divergence 14.015088081359863
(Save) Epoch: 12800 Total_Loss: 9.33687973022461 with error 2.6944398880004883 KL divergence 6.642439365386963
(Save) Epoch: 10600 Total_Loss: 10.573604583740234 with error 3.710495710372925 KL divergence 6.8631086349487305
(Save) Epoch: 13500 Total_Loss: 20.825786590576172 with error 5.315839767456055 KL divergence 15.50994873046875
(Save) Epoch: 12900 Total_Loss: 8.23280143737793 with error 1.9385935068130493 KL divergence 6.29420804977417
(Save) Epoch: 10700 Total_Loss: 8.004411697387695 with error 2.3777737617492676 KL divergence 5.6266374588012695
(Save) Epoch: 13600 Total_Loss: 18.597570419311523 with error 5.8116936683654785 KL divergence 12.785874366760254
(Print) Epoch: 13000 Total_Loss: 8.663566589355469 with error 2.8023858070373535 KL divergence 5.861179828643799
(Save) Epoch: 13000 Total_Loss: 8.663566589355469 with error 2.8023858070373535 KL divergence 5.861179828643799
(Save) Epoch: 10800 Total_Loss: 9.063189506530762 with error 2.703699827194214 KL divergence 6.359490394592285
(Save) Epoch: 13700 Total_Loss: 17.825889587402344 with error 4.854432106018066 KL divergence 12.971458435058594
(Save) Epoch: 13100 Total_Loss: 7.6978607177734375 with error 1.4357719421386719 KL divergence 6.262087821960449
(Save) Epoch: 10900 Total_Loss: 8.624768257141113 with error 2.3432726860046387 KL divergence 6.281496047973633
(Save) Epoch: 13800 Total_Loss: 15.921008110046387 with error 2.496586322784424 KL divergence 13.424421310424805
(Save) Epoch: 13200 Total_Loss: 8.503886222839355 with error 2.13667368888855 KL divergence 6.367212772369385
(Print) Epoch: 11000 Total_Loss: 8.006187438964844 with error 2.129812717437744 KL divergence 5.876375198364258
(Save) Epoch: 11000 Total_Loss: 8.006187438964844 with error 2.129812717437744 KL divergence 5.876375198364258
(Save) Epoch: 13900 Total_Loss: 17.812400817871094 with error 4.203789710998535 KL divergence 13.608610153198242
(Save) Epoch: 13300 Total_Loss: 8.594411849975586 with error 2.189056873321533 KL divergence 6.405354976654053
(Save) Epoch: 11100 Total_Loss: 8.898015975952148 with error 2.431209087371826 KL divergence 6.466805934906006
(Save) Epoch: 13400 Total_Loss: 7.6517133712768555 with error 1.668939232826233 KL divergence 5.982773780822754
(Print) Epoch: 14000 Total_Loss: 16.668498992919922 with error 2.91825532913208 KL divergence 13.750242233276367
(Save) Epoch: 14000 Total_Loss: 16.668498992919922 with error 2.91825532913208 KL divergence 13.750242233276367
(Save) Epoch: 11200 Total_Loss: 8.81275749206543 with error 2.7459118366241455 KL divergence 6.066844940185547
(Save) Epoch: 14100 Total_Loss: 16.166614532470703 with error 3.867192029953003 KL divergence 12.299421310424805
(Save) Epoch: 13500 Total_Loss: 7.907286167144775 with error 1.5520133972167969 KL divergence 6.35527229309082
(Save) Epoch: 11300 Total_Loss: 8.58053970336914 with error 2.5002853870391846 KL divergence 6.080254554748535
(Save) Epoch: 14200 Total_Loss: 15.839593887329102 with error 3.4742698669433594 KL divergence 12.365324974060059
(Save) Epoch: 13600 Total_Loss: 8.217836380004883 with error 1.8888559341430664 KL divergence 6.328980445861816
(Save) Epoch: 11400 Total_Loss: 7.946331024169922 with error 2.34611177444458 KL divergence 5.600218772888184
(Save) Epoch: 14300 Total_Loss: 16.72553062438965 with error 3.595154285430908 KL divergence 13.130375862121582
(Save) Epoch: 13700 Total_Loss: 8.281153678894043 with error 2.3602242469787598 KL divergence 5.920929908752441
(Save) Epoch: 11500 Total_Loss: 9.071822166442871 with error 2.9067728519439697 KL divergence 6.165049076080322
(Save) Epoch: 13800 Total_Loss: 7.338405609130859 with error 1.6046180725097656 KL divergence 5.733787536621094
(Save) Epoch: 14400 Total_Loss: 18.775226593017578 with error 5.975752830505371 KL divergence 12.799474716186523
(Save) Epoch: 11600 Total_Loss: 8.078046798706055 with error 2.2048897743225098 KL divergence 5.873157978057861
(Save) Epoch: 14500 Total_Loss: 16.250972747802734 with error 3.7625889778137207 KL divergence 12.488385200500488
(Save) Epoch: 13900 Total_Loss: 7.488794803619385 with error 1.3294769525527954 KL divergence 6.1593170166015625
(Save) Epoch: 11700 Total_Loss: 7.309023857116699 with error 1.9481338262557983 KL divergence 5.3608903884887695
(Save) Epoch: 14600 Total_Loss: 14.462634086608887 with error 2.2887885570526123 KL divergence 12.173845291137695
(Print) Epoch: 14000 Total_Loss: 8.722860336303711 with error 2.6833481788635254 KL divergence 6.039513111114502
(Save) Epoch: 14000 Total_Loss: 8.722860336303711 with error 2.6833481788635254 KL divergence 6.039513111114502
(Save) Epoch: 11800 Total_Loss: 7.9203667640686035 with error 2.11232328414917 KL divergence 5.808043479919434
(Save) Epoch: 14100 Total_Loss: 7.455848693847656 with error 1.6597063541412354 KL divergence 5.796142578125
(Save) Epoch: 14700 Total_Loss: 17.19278907775879 with error 5.675137519836426 KL divergence 11.51764965057373
(Save) Epoch: 11900 Total_Loss: 8.626784324645996 with error 2.748617649078369 KL divergence 5.878166198730469
(Save) Epoch: 14200 Total_Loss: 8.575427055358887 with error 2.743870973587036 KL divergence 5.831557273864746
(Save) Epoch: 14800 Total_Loss: 15.07305908203125 with error 3.6534008979797363 KL divergence 11.419659614562988
(Print) Epoch: 12000 Total_Loss: 8.398998260498047 with error 2.826927661895752 KL divergence 5.572071075439453
(Save) Epoch: 12000 Total_Loss: 8.398998260498047 with error 2.826927661895752 KL divergence 5.572071075439453
(Save) Epoch: 14300 Total_Loss: 7.771100044250488 with error 1.905618667602539 KL divergence 5.865481376647949
(Save) Epoch: 14900 Total_Loss: 16.011932373046875 with error 3.766134262084961 KL divergence 12.24579906463623
(Save) Epoch: 12100 Total_Loss: 7.699784278869629 with error 2.174851417541504 KL divergence 5.524933815002441
(Save) Epoch: 14400 Total_Loss: 8.064948081970215 with error 2.2011475563049316 KL divergence 5.863800525665283
(Print) Epoch: 15000 Total_Loss: 15.934979438781738 with error 3.610036849975586 KL divergence 12.324941635131836
(Save) Epoch: 15000 Total_Loss: 15.934979438781738 with error 3.610036849975586 KL divergence 12.324941635131836
(Save) Epoch: 12200 Total_Loss: 8.173196792602539 with error 2.332047939300537 KL divergence 5.841147422790527
(Save) Epoch: 14500 Total_Loss: 8.037332534790039 with error 2.039583444595337 KL divergence 5.997749328613281
(Save) Epoch: 15100 Total_Loss: 14.997339248657227 with error 3.458061933517456 KL divergence 11.539276123046875
(Save) Epoch: 12300 Total_Loss: 7.478619575500488 with error 2.0196897983551025 KL divergence 5.458930015563965
(Save) Epoch: 14600 Total_Loss: 7.117283821105957 with error 1.3444710969924927 KL divergence 5.772812843322754
(Save) Epoch: 15200 Total_Loss: 16.1951904296875 with error 3.3844566345214844 KL divergence 12.810734748840332
(Save) Epoch: 12400 Total_Loss: 7.844246864318848 with error 2.486043691635132 KL divergence 5.358202934265137
(Save) Epoch: 14700 Total_Loss: 7.517284393310547 with error 1.840395212173462 KL divergence 5.676888465881348
(Save) Epoch: 12500 Total_Loss: 7.963883399963379 with error 2.645447254180908 KL divergence 5.318436145782471
(Save) Epoch: 15300 Total_Loss: 17.300945281982422 with error 5.025774955749512 KL divergence 12.275172233581543
(Save) Epoch: 14800 Total_Loss: 7.959055423736572 with error 2.2215781211853027 KL divergence 5.737476825714111
(Save) Epoch: 12600 Total_Loss: 8.739941596984863 with error 3.5598418712615967 KL divergence 5.180099010467529
(Save) Epoch: 15400 Total_Loss: 14.224957466125488 with error 2.7792811393737793 KL divergence 11.445676803588867
(Save) Epoch: 14900 Total_Loss: 9.007402420043945 with error 3.3098857402801514 KL divergence 5.697517395019531
(Save) Epoch: 12700 Total_Loss: 7.2389936447143555 with error 2.1222660541534424 KL divergence 5.116726875305176
(Save) Epoch: 15500 Total_Loss: 14.636930465698242 with error 3.3915648460388184 KL divergence 11.245368003845215
(Print) Epoch: 15000 Total_Loss: 8.204212188720703 with error 2.6340742111206055 KL divergence 5.570137977600098
(Save) Epoch: 15000 Total_Loss: 8.204212188720703 with error 2.6340742111206055 KL divergence 5.570137977600098
(Save) Epoch: 12800 Total_Loss: 7.696650505065918 with error 2.920498847961426 KL divergence 4.77615213394165
(Save) Epoch: 15600 Total_Loss: 12.213980674743652 with error 1.840836763381958 KL divergence 10.373143196105957
(Save) Epoch: 15100 Total_Loss: 7.584689140319824 with error 2.0397772789001465 KL divergence 5.544912338256836
(Save) Epoch: 12900 Total_Loss: 7.842471122741699 with error 2.6861772537231445 KL divergence 5.156293869018555
(Save) Epoch: 15700 Total_Loss: 13.61732292175293 with error 2.121953010559082 KL divergence 11.495370864868164
(Save) Epoch: 15200 Total_Loss: 7.331282138824463 with error 1.523194432258606 KL divergence 5.80808687210083
(Save) Epoch: 15800 Total_Loss: 14.871052742004395 with error 3.8542487621307373 KL divergence 11.016803741455078
(Print) Epoch: 13000 Total_Loss: 6.949792385101318 with error 1.989453673362732 KL divergence 4.960339069366455
(Save) Epoch: 13000 Total_Loss: 6.949792385101318 with error 1.989453673362732 KL divergence 4.960339069366455
(Save) Epoch: 15300 Total_Loss: 8.233179092407227 with error 2.7874302864074707 KL divergence 5.445748805999756
(Save) Epoch: 15900 Total_Loss: 13.212560653686523 with error 3.0018954277038574 KL divergence 10.210667610168457
(Save) Epoch: 13100 Total_Loss: 6.8371992111206055 with error 1.9828603267669678 KL divergence 4.854338645935059
(Save) Epoch: 15400 Total_Loss: 7.974393367767334 with error 2.4280102252960205 KL divergence 5.546381950378418
(Print) Epoch: 16000 Total_Loss: 13.571515083312988 with error 3.3055312633514404 KL divergence 10.265983581542969
(Save) Epoch: 16000 Total_Loss: 13.571515083312988 with error 3.3055312633514404 KL divergence 10.265983581542969
(Save) Epoch: 13200 Total_Loss: 6.541626930236816 with error 1.3456422090530396 KL divergence 5.195984840393066
(Save) Epoch: 15500 Total_Loss: 7.162692070007324 with error 1.685306191444397 KL divergence 5.477385997772217
(Save) Epoch: 13300 Total_Loss: 6.980434417724609 with error 1.5914480686187744 KL divergence 5.388986110687256
(Save) Epoch: 16100 Total_Loss: 13.883056640625 with error 2.951314926147461 KL divergence 10.931740760803223
(Save) Epoch: 15600 Total_Loss: 8.164127349853516 with error 2.7099456787109375 KL divergence 5.454181671142578
(Save) Epoch: 16200 Total_Loss: 14.480165481567383 with error 3.229923963546753 KL divergence 11.25024127960205
(Save) Epoch: 13400 Total_Loss: 6.726144313812256 with error 1.7293983697891235 KL divergence 4.996747016906738
(Save) Epoch: 15700 Total_Loss: 7.166952610015869 with error 1.6486990451812744 KL divergence 5.518253326416016
(Save) Epoch: 16300 Total_Loss: 15.947183609008789 with error 4.792645454406738 KL divergence 11.154540061950684
(Save) Epoch: 13500 Total_Loss: 6.284284591674805 with error 1.397748589515686 KL divergence 4.886536598205566
(Save) Epoch: 15800 Total_Loss: 7.134983062744141 with error 1.6601722240447998 KL divergence 5.474810600280762
(Save) Epoch: 16400 Total_Loss: 14.058670043945312 with error 2.913996934890747 KL divergence 11.144673347473145
(Save) Epoch: 13600 Total_Loss: 6.1077961921691895 with error 1.1638057231903076 KL divergence 4.943990230560303
(Save) Epoch: 15900 Total_Loss: 7.924489498138428 with error 2.1745803356170654 KL divergence 5.749909400939941
(Save) Epoch: 16500 Total_Loss: 14.175824165344238 with error 3.4476394653320312 KL divergence 10.728185653686523
(Save) Epoch: 13700 Total_Loss: 7.128476619720459 with error 1.7979316711425781 KL divergence 5.330545425415039
(Print) Epoch: 16000 Total_Loss: 6.719973087310791 with error 1.53363037109375 KL divergence 5.186342716217041
(Save) Epoch: 16000 Total_Loss: 6.719973087310791 with error 1.53363037109375 KL divergence 5.186342716217041
(Save) Epoch: 16600 Total_Loss: 15.9179048538208 with error 5.279518127441406 KL divergence 10.638387680053711
(Save) Epoch: 13800 Total_Loss: 6.994243621826172 with error 2.1401166915893555 KL divergence 4.854126930236816
(Save) Epoch: 16100 Total_Loss: 7.445847511291504 with error 1.8899627923965454 KL divergence 5.55588436126709
(Save) Epoch: 16700 Total_Loss: 14.629191398620605 with error 4.645375728607178 KL divergence 9.983816146850586
(Save) Epoch: 13900 Total_Loss: 7.618694305419922 with error 2.8264660835266113 KL divergence 4.7922282218933105
(Save) Epoch: 16200 Total_Loss: 6.725420951843262 with error 1.632786512374878 KL divergence 5.092635154724121
(Save) Epoch: 16800 Total_Loss: 13.765584945678711 with error 3.565203905105591 KL divergence 10.200382232666016
(Print) Epoch: 14000 Total_Loss: 6.846157073974609 with error 2.0057694911956787 KL divergence 4.840388298034668
(Save) Epoch: 14000 Total_Loss: 6.846157073974609 with error 2.0057694911956787 KL divergence 4.840388298034668
(Save) Epoch: 16300 Total_Loss: 6.943319797515869 with error 1.2943847179412842 KL divergence 5.648934364318848
(Save) Epoch: 16900 Total_Loss: 12.544724464416504 with error 2.1535050868988037 KL divergence 10.391219139099121
(Save) Epoch: 14100 Total_Loss: 5.618358612060547 with error 1.2354129552841187 KL divergence 4.382945537567139
(Save) Epoch: 16400 Total_Loss: 7.032105922698975 with error 1.6386226415634155 KL divergence 5.393484115600586
(Print) Epoch: 17000 Total_Loss: 12.772415161132812 with error 2.6457340717315674 KL divergence 10.126680374145508
(Save) Epoch: 17000 Total_Loss: 12.772415161132812 with error 2.6457340717315674 KL divergence 10.126680374145508
(Save) Epoch: 14200 Total_Loss: 6.207492828369141 with error 1.6025470495224 KL divergence 4.604945659637451
(Save) Epoch: 16500 Total_Loss: 7.48413610458374 with error 2.2077300548553467 KL divergence 5.276406764984131
(Save) Epoch: 17100 Total_Loss: 13.744354248046875 with error 3.16432523727417 KL divergence 10.580028533935547
(Save) Epoch: 16600 Total_Loss: 6.8165388107299805 with error 1.696576714515686 KL divergence 5.119962215423584
(Save) Epoch: 14300 Total_Loss: 6.440649509429932 with error 1.7593052387237549 KL divergence 4.681344032287598
(Save) Epoch: 17200 Total_Loss: 14.0758695602417 with error 3.7104244232177734 KL divergence 10.365446090698242
(Save) Epoch: 14400 Total_Loss: 6.175152778625488 with error 1.5804095268249512 KL divergence 4.594743251800537
(Save) Epoch: 16700 Total_Loss: 7.22437047958374 with error 1.5960173606872559 KL divergence 5.628354072570801
(Save) Epoch: 17300 Total_Loss: 13.904495239257812 with error 3.6715188026428223 KL divergence 10.232975006103516
(Save) Epoch: 16800 Total_Loss: 7.6932501792907715 with error 2.214726448059082 KL divergence 5.478524208068848
(Save) Epoch: 14500 Total_Loss: 6.036670684814453 with error 1.5903453826904297 KL divergence 4.446325302124023
(Save) Epoch: 17400 Total_Loss: 13.309392929077148 with error 2.431701898574829 KL divergence 10.877691268920898
(Save) Epoch: 16900 Total_Loss: 6.4557905197143555 with error 1.0275429487228394 KL divergence 5.428246974945068
(Save) Epoch: 14600 Total_Loss: 6.552172660827637 with error 1.6180641651153564 KL divergence 4.934109210968018
(Save) Epoch: 17500 Total_Loss: 14.63317584991455 with error 4.274615287780762 KL divergence 10.358561515808105
(Print) Epoch: 17000 Total_Loss: 6.644036293029785 with error 1.4589229822158813 KL divergence 5.185112953186035
(Save) Epoch: 17000 Total_Loss: 6.644036293029785 with error 1.4589229822158813 KL divergence 5.185112953186035
(Save) Epoch: 14700 Total_Loss: 6.983537197113037 with error 2.683567762374878 KL divergence 4.299969673156738
(Save) Epoch: 17600 Total_Loss: 10.490848541259766 with error 1.5909013748168945 KL divergence 8.899946212768555
(Save) Epoch: 17100 Total_Loss: 7.073439121246338 with error 2.0843253135681152 KL divergence 4.9891133308410645
(Save) Epoch: 14800 Total_Loss: 5.94064474105835 with error 1.6684625148773193 KL divergence 4.272181510925293
(Save) Epoch: 17700 Total_Loss: 13.791269302368164 with error 3.8117218017578125 KL divergence 9.979547500610352
(Save) Epoch: 17200 Total_Loss: 6.383313179016113 with error 1.2689826488494873 KL divergence 5.114329814910889
(Save) Epoch: 14900 Total_Loss: 5.673245906829834 with error 1.1709716320037842 KL divergence 4.502274513244629
(Save) Epoch: 17800 Total_Loss: 16.013757705688477 with error 6.291015148162842 KL divergence 9.722743034362793
(Save) Epoch: 17300 Total_Loss: 6.872454643249512 with error 1.8787124156951904 KL divergence 4.9937424659729
(Print) Epoch: 15000 Total_Loss: 5.6103620529174805 with error 1.3808770179748535 KL divergence 4.229485511779785
(Save) Epoch: 15000 Total_Loss: 5.6103620529174805 with error 1.3808770179748535 KL divergence 4.229485511779785
(Save) Epoch: 17900 Total_Loss: 11.693842887878418 with error 1.9910659790039062 KL divergence 9.702777862548828
(Save) Epoch: 17400 Total_Loss: 7.127335548400879 with error 1.8928825855255127 KL divergence 5.234452247619629
(Save) Epoch: 15100 Total_Loss: 6.492824554443359 with error 2.249101161956787 KL divergence 4.2437238693237305
(Print) Epoch: 18000 Total_Loss: 12.668966293334961 with error 2.7175769805908203 KL divergence 9.951388359069824
(Save) Epoch: 18000 Total_Loss: 12.668966293334961 with error 2.7175769805908203 KL divergence 9.951388359069824
(Save) Epoch: 17500 Total_Loss: 7.621772766113281 with error 2.4319348335266113 KL divergence 5.189837455749512
(Save) Epoch: 15200 Total_Loss: 6.633777618408203 with error 2.1086699962615967 KL divergence 4.5251078605651855
(Save) Epoch: 18100 Total_Loss: 12.046735763549805 with error 2.9680135250091553 KL divergence 9.078722953796387
(Save) Epoch: 15300 Total_Loss: 5.849230766296387 with error 1.3818278312683105 KL divergence 4.467403411865234
(Save) Epoch: 17600 Total_Loss: 6.280355930328369 with error 1.0112502574920654 KL divergence 5.269105911254883
(Save) Epoch: 17700 Total_Loss: 7.373333930969238 with error 2.1702606678009033 KL divergence 5.203073978424072
(Save) Epoch: 18200 Total_Loss: 13.02135944366455 with error 3.4921393394470215 KL divergence 9.529220581054688
(Save) Epoch: 15400 Total_Loss: 6.343397617340088 with error 2.0477724075317383 KL divergence 4.29562520980835
(Save) Epoch: 17800 Total_Loss: 6.924044132232666 with error 1.7548319101333618 KL divergence 5.169212341308594
(Save) Epoch: 18300 Total_Loss: 13.05932331085205 with error 3.5037829875946045 KL divergence 9.555540084838867
(Save) Epoch: 15500 Total_Loss: 5.658652305603027 with error 1.3341572284698486 KL divergence 4.3244948387146
(Save) Epoch: 17900 Total_Loss: 6.318082332611084 with error 1.233880639076233 KL divergence 5.084201335906982
(Save) Epoch: 15600 Total_Loss: 6.59661340713501 with error 2.200603485107422 KL divergence 4.396010398864746
(Save) Epoch: 18400 Total_Loss: 12.269732475280762 with error 3.409632921218872 KL divergence 8.860098838806152
(Print) Epoch: 18000 Total_Loss: 7.443219184875488 with error 2.6129050254821777 KL divergence 4.830313682556152
(Save) Epoch: 18000 Total_Loss: 7.443219184875488 with error 2.6129050254821777 KL divergence 4.830313682556152
(Save) Epoch: 15700 Total_Loss: 5.795236587524414 with error 1.4812790155410767 KL divergence 4.3139567375183105
(Save) Epoch: 18500 Total_Loss: 13.280868530273438 with error 3.382343292236328 KL divergence 9.898526191711426
(Save) Epoch: 18100 Total_Loss: 6.0618696212768555 with error 1.1651771068572998 KL divergence 4.896692752838135
(Save) Epoch: 15800 Total_Loss: 5.241454124450684 with error 1.261088490486145 KL divergence 3.980365753173828
(Save) Epoch: 18600 Total_Loss: 11.404518127441406 with error 2.7037744522094727 KL divergence 8.700742721557617
(Save) Epoch: 18200 Total_Loss: 5.92880392074585 with error 1.1509311199188232 KL divergence 4.7778730392456055
(Save) Epoch: 15900 Total_Loss: 5.739625930786133 with error 1.4835275411605835 KL divergence 4.256098747253418
(Save) Epoch: 18700 Total_Loss: 13.023571968078613 with error 3.839573383331299 KL divergence 9.184000015258789
(Save) Epoch: 18300 Total_Loss: 6.290553092956543 with error 1.3038556575775146 KL divergence 4.986697196960449
(Print) Epoch: 16000 Total_Loss: 6.0077924728393555 with error 1.4095516204833984 KL divergence 4.598240852355957
(Save) Epoch: 16000 Total_Loss: 6.0077924728393555 with error 1.4095516204833984 KL divergence 4.598240852355957
(Save) Epoch: 18800 Total_Loss: 12.465230941772461 with error 3.6352715492248535 KL divergence 8.829959869384766
(Save) Epoch: 18400 Total_Loss: 6.226168632507324 with error 1.348230242729187 KL divergence 4.877938270568848
(Save) Epoch: 16100 Total_Loss: 6.441525459289551 with error 2.096186399459839 KL divergence 4.345339298248291
(Save) Epoch: 18900 Total_Loss: 10.48994255065918 with error 1.5592749118804932 KL divergence 8.930668830871582
(Save) Epoch: 18500 Total_Loss: 7.6599602699279785 with error 2.6959962844848633 KL divergence 4.963963031768799
(Save) Epoch: 16200 Total_Loss: 5.866171836853027 with error 1.610334038734436 KL divergence 4.255837440490723
(Print) Epoch: 19000 Total_Loss: 12.289398193359375 with error 3.335115909576416 KL divergence 8.95428466796875
(Save) Epoch: 19000 Total_Loss: 12.289398193359375 with error 3.335115909576416 KL divergence 8.95428466796875
(Save) Epoch: 18600 Total_Loss: 6.554465293884277 with error 1.7894935607910156 KL divergence 4.764971733093262
(Save) Epoch: 16300 Total_Loss: 6.160788059234619 with error 1.8498876094818115 KL divergence 4.310900688171387
(Save) Epoch: 19100 Total_Loss: 11.601336479187012 with error 2.7749533653259277 KL divergence 8.826384544372559
(Save) Epoch: 18700 Total_Loss: 6.749483585357666 with error 2.0762457847595215 KL divergence 4.673238277435303
(Save) Epoch: 16400 Total_Loss: 5.6427459716796875 with error 1.3249778747558594 KL divergence 4.317767143249512
(Save) Epoch: 19200 Total_Loss: 11.336437225341797 with error 2.5374724864959717 KL divergence 8.798964500427246
(Save) Epoch: 18800 Total_Loss: 6.794609069824219 with error 1.8689053058624268 KL divergence 4.925704002380371
(Save) Epoch: 16500 Total_Loss: 6.68567419052124 with error 2.3601081371307373 KL divergence 4.325566291809082
(Save) Epoch: 19300 Total_Loss: 11.211447715759277 with error 3.076874256134033 KL divergence 8.134574890136719
(Save) Epoch: 18900 Total_Loss: 6.70709753036499 with error 2.0926640033721924 KL divergence 4.614433288574219
(Save) Epoch: 16600 Total_Loss: 5.683657169342041 with error 1.4758397340774536 KL divergence 4.207817554473877
(Save) Epoch: 19400 Total_Loss: 9.939727783203125 with error 1.7467302083969116 KL divergence 8.192997932434082
(Print) Epoch: 19000 Total_Loss: 6.3386549949646 with error 2.0037612915039062 KL divergence 4.334894180297852
(Save) Epoch: 19000 Total_Loss: 6.3386549949646 with error 2.0037612915039062 KL divergence 4.334894180297852
(Save) Epoch: 16700 Total_Loss: 5.25749397277832 with error 1.1111043691635132 KL divergence 4.146389484405518
(Save) Epoch: 19500 Total_Loss: 12.328096389770508 with error 3.4041848182678223 KL divergence 8.923912048339844
(Save) Epoch: 19100 Total_Loss: 5.986281394958496 with error 1.3710492849349976 KL divergence 4.615231513977051
(Save) Epoch: 16800 Total_Loss: 6.08168363571167 with error 1.547587275505066 KL divergence 4.534096717834473
(Save) Epoch: 19200 Total_Loss: 5.435084342956543 with error 1.0255539417266846 KL divergence 4.409529685974121
(Save) Epoch: 19600 Total_Loss: 10.460752487182617 with error 2.403700351715088 KL divergence 8.057051658630371
(Save) Epoch: 16900 Total_Loss: 6.165187835693359 with error 1.781285047531128 KL divergence 4.383902549743652
(Save) Epoch: 19300 Total_Loss: 5.482691764831543 with error 1.161015272140503 KL divergence 4.321677207946777
(Print) Epoch: 17000 Total_Loss: 5.4012770652771 with error 1.1211975812911987 KL divergence 4.2800798416137695
(Save) Epoch: 17000 Total_Loss: 5.4012770652771 with error 1.1211975812911987 KL divergence 4.2800798416137695
(Save) Epoch: 19700 Total_Loss: 10.776422500610352 with error 2.6907544136047363 KL divergence 8.085667610168457
(Save) Epoch: 19400 Total_Loss: 5.64837121963501 with error 1.3829375505447388 KL divergence 4.265432834625244
(Save) Epoch: 17100 Total_Loss: 5.856781005859375 with error 1.54389226436615 KL divergence 4.3128886222839355
(Save) Epoch: 19800 Total_Loss: 11.955366134643555 with error 3.27728533744812 KL divergence 8.678082466125488
(Save) Epoch: 19500 Total_Loss: 6.040918350219727 with error 1.8402020931243896 KL divergence 4.200716018676758
(Save) Epoch: 17200 Total_Loss: 5.442305088043213 with error 1.3519760370254517 KL divergence 4.090329170227051
(Save) Epoch: 19900 Total_Loss: 11.744010925292969 with error 2.8749287128448486 KL divergence 8.869083404541016
(Save) Epoch: 19600 Total_Loss: 5.575552940368652 with error 1.3982770442962646 KL divergence 4.177275657653809
(Save) Epoch: 17300 Total_Loss: 5.93114709854126 with error 1.3922169208526611 KL divergence 4.538930416107178
(Print) Epoch: 20000 Total_Loss: 11.584440231323242 with error 3.520664930343628 KL divergence 8.063776016235352
(Save) Epoch: 20000 Total_Loss: 11.584440231323242 with error 3.520664930343628 KL divergence 8.063776016235352
(Save) Epoch: 19700 Total_Loss: 4.9128828048706055 with error 0.7164621353149414 KL divergence 4.196421146392822
(Save) Epoch: 17400 Total_Loss: 5.222471714019775 with error 1.295433759689331 KL divergence 3.9270377159118652
(Save) Epoch: 20100 Total_Loss: 10.545753479003906 with error 2.4302103519439697 KL divergence 8.115543365478516
(Save) Epoch: 19800 Total_Loss: 5.536774635314941 with error 1.4324336051940918 KL divergence 4.104340553283691
(Save) Epoch: 17500 Total_Loss: 5.8646955490112305 with error 1.5587737560272217 KL divergence 4.305922031402588
(Save) Epoch: 20200 Total_Loss: 10.265851974487305 with error 1.7894611358642578 KL divergence 8.476390838623047
(Save) Epoch: 19900 Total_Loss: 4.804752826690674 with error 0.5954373478889465 KL divergence 4.209315299987793
(Save) Epoch: 17600 Total_Loss: 5.837229251861572 with error 1.5117857456207275 KL divergence 4.325443744659424
(Save) Epoch: 20300 Total_Loss: 10.718633651733398 with error 2.4476590156555176 KL divergence 8.270975112915039
(Print) Epoch: 20000 Total_Loss: 4.890476703643799 with error 0.8088030815124512 KL divergence 4.081673622131348
(Save) Epoch: 20000 Total_Loss: 4.890476703643799 with error 0.8088030815124512 KL divergence 4.081673622131348
(Save) Epoch: 17700 Total_Loss: 5.557889938354492 with error 1.4309595823287964 KL divergence 4.1269307136535645
(Save) Epoch: 20400 Total_Loss: 10.852117538452148 with error 2.9820923805236816 KL divergence 7.87002420425415
(Save) Epoch: 20100 Total_Loss: 5.133120536804199 with error 1.100534200668335 KL divergence 4.032586097717285
(Save) Epoch: 17800 Total_Loss: 5.3198394775390625 with error 1.2488019466400146 KL divergence 4.071037769317627
(Save) Epoch: 20500 Total_Loss: 11.124273300170898 with error 3.3998560905456543 KL divergence 7.724417209625244
(Save) Epoch: 20200 Total_Loss: 5.2503862380981445 with error 1.2850401401519775 KL divergence 3.965346097946167
(Save) Epoch: 17900 Total_Loss: 5.388326168060303 with error 1.3602765798568726 KL divergence 4.028049468994141
(Save) Epoch: 20600 Total_Loss: 10.724016189575195 with error 2.9860663414001465 KL divergence 7.737950801849365
(Save) Epoch: 20300 Total_Loss: 5.22900390625 with error 1.2870347499847412 KL divergence 3.941969394683838
(Print) Epoch: 18000 Total_Loss: 6.282739162445068 with error 2.1491751670837402 KL divergence 4.133564472198486
(Save) Epoch: 18000 Total_Loss: 6.282739162445068 with error 2.1491751670837402 KL divergence 4.133564472198486
(Save) Epoch: 20700 Total_Loss: 12.683643341064453 with error 4.150590896606445 KL divergence 8.533052444458008
(Save) Epoch: 20400 Total_Loss: 5.093490123748779 with error 1.1619536876678467 KL divergence 3.931536912918091
(Save) Epoch: 18100 Total_Loss: 5.665360450744629 with error 1.4163715839385986 KL divergence 4.248989105224609
(Save) Epoch: 20500 Total_Loss: 5.1106109619140625 with error 1.1652841567993164 KL divergence 3.945327043533325
(Save) Epoch: 20800 Total_Loss: 9.757247924804688 with error 2.097320079803467 KL divergence 7.659928321838379
(Save) Epoch: 18200 Total_Loss: 5.829395771026611 with error 1.6168794631958008 KL divergence 4.212515830993652
(Save) Epoch: 20600 Total_Loss: 5.154269218444824 with error 1.2713263034820557 KL divergence 3.8829429149627686
(Save) Epoch: 20900 Total_Loss: 9.996201515197754 with error 1.9755719900131226 KL divergence 8.020628929138184
(Save) Epoch: 18300 Total_Loss: 5.507492542266846 with error 1.4713197946548462 KL divergence 4.036172866821289
(Save) Epoch: 20700 Total_Loss: 5.075220108032227 with error 1.4220479726791382 KL divergence 3.653172016143799
(Save) Epoch: 18400 Total_Loss: 6.072556495666504 with error 1.9252653121948242 KL divergence 4.1472907066345215
(Print) Epoch: 21000 Total_Loss: 9.39144515991211 with error 1.936511754989624 KL divergence 7.45493221282959
(Save) Epoch: 21000 Total_Loss: 9.39144515991211 with error 1.936511754989624 KL divergence 7.45493221282959
(Save) Epoch: 20800 Total_Loss: 4.779677391052246 with error 0.7941998243331909 KL divergence 3.985477924346924
(Save) Epoch: 18500 Total_Loss: 5.650547981262207 with error 1.5262566804885864 KL divergence 4.12429141998291
(Save) Epoch: 21100 Total_Loss: 11.271566390991211 with error 3.3296420574188232 KL divergence 7.941925048828125
(Save) Epoch: 20900 Total_Loss: 5.143452167510986 with error 1.3208577632904053 KL divergence 3.822594404220581
(Save) Epoch: 18600 Total_Loss: 5.562625885009766 with error 1.454154133796692 KL divergence 4.1084723472595215
(Save) Epoch: 21200 Total_Loss: 11.278849601745605 with error 3.814582347869873 KL divergence 7.464266777038574
(Print) Epoch: 21000 Total_Loss: 4.8055219650268555 with error 1.1629422903060913 KL divergence 3.6425795555114746
(Save) Epoch: 21000 Total_Loss: 4.8055219650268555 with error 1.1629422903060913 KL divergence 3.6425795555114746
(Save) Epoch: 18700 Total_Loss: 5.704239368438721 with error 1.427052617073059 KL divergence 4.277186393737793
(Save) Epoch: 21300 Total_Loss: 9.758304595947266 with error 2.342979907989502 KL divergence 7.415325164794922
(Save) Epoch: 21100 Total_Loss: 4.739536762237549 with error 0.887225329875946 KL divergence 3.852311372756958
(Save) Epoch: 18800 Total_Loss: 5.343619346618652 with error 1.5032126903533936 KL divergence 3.840406894683838
(Save) Epoch: 21400 Total_Loss: 10.997932434082031 with error 3.4476261138916016 KL divergence 7.550306797027588
(Save) Epoch: 21200 Total_Loss: 4.995995044708252 with error 1.176222801208496 KL divergence 3.8197720050811768
(Save) Epoch: 18900 Total_Loss: 5.564409255981445 with error 1.3562726974487305 KL divergence 4.208136081695557
(Save) Epoch: 21500 Total_Loss: 10.695037841796875 with error 2.9559121131896973 KL divergence 7.739125728607178
(Save) Epoch: 21300 Total_Loss: 5.5693464279174805 with error 1.8156459331512451 KL divergence 3.753699779510498
(Print) Epoch: 19000 Total_Loss: 5.5826520919799805 with error 1.4117937088012695 KL divergence 4.170858383178711
(Save) Epoch: 19000 Total_Loss: 5.5826520919799805 with error 1.4117937088012695 KL divergence 4.170858383178711
(Save) Epoch: 21400 Total_Loss: 4.442591190338135 with error 0.7793313264846802 KL divergence 3.6632602214813232
(Save) Epoch: 21600 Total_Loss: 11.60047435760498 with error 4.533243656158447 KL divergence 7.067231178283691
(Save) Epoch: 19100 Total_Loss: 5.41314172744751 with error 1.264391541481018 KL divergence 4.148750305175781
(Save) Epoch: 21500 Total_Loss: 5.054279327392578 with error 1.3377864360809326 KL divergence 3.7164928913116455
(Save) Epoch: 21700 Total_Loss: 9.956475257873535 with error 2.848436117172241 KL divergence 7.108038425445557
(Save) Epoch: 19200 Total_Loss: 4.971705436706543 with error 1.2099835872650146 KL divergence 3.7617220878601074
(Save) Epoch: 21600 Total_Loss: 4.355932712554932 with error 0.7524086236953735 KL divergence 3.6035244464874268
(Save) Epoch: 21800 Total_Loss: 11.718204498291016 with error 4.6212005615234375 KL divergence 7.097003936767578
(Save) Epoch: 19300 Total_Loss: 5.990793704986572 with error 1.856543779373169 KL divergence 4.134249210357666
(Save) Epoch: 21700 Total_Loss: 4.599957466125488 with error 0.9312946200370789 KL divergence 3.6686623096466064
(Save) Epoch: 21900 Total_Loss: 10.648307800292969 with error 3.327281951904297 KL divergence 7.321025848388672
(Save) Epoch: 19400 Total_Loss: 5.325222969055176 with error 1.2412197589874268 KL divergence 4.084002494812012
(Save) Epoch: 21800 Total_Loss: 5.2497453689575195 with error 1.7289358377456665 KL divergence 3.5208096504211426
(Save) Epoch: 19500 Total_Loss: 5.7104644775390625 with error 1.4009158611297607 KL divergence 4.309548377990723
(Print) Epoch: 22000 Total_Loss: 10.33542251586914 with error 3.048511505126953 KL divergence 7.2869110107421875
(Save) Epoch: 22000 Total_Loss: 10.33542251586914 with error 3.048511505126953 KL divergence 7.2869110107421875
(Save) Epoch: 21900 Total_Loss: 4.586522102355957 with error 1.0832087993621826 KL divergence 3.5033137798309326
(Save) Epoch: 19600 Total_Loss: 5.5269622802734375 with error 1.528690218925476 KL divergence 3.9982714653015137
(Save) Epoch: 22100 Total_Loss: 10.099311828613281 with error 2.9961395263671875 KL divergence 7.103172302246094
(Print) Epoch: 22000 Total_Loss: 4.629101276397705 with error 1.1657711267471313 KL divergence 3.463329792022705
(Save) Epoch: 22000 Total_Loss: 4.629101276397705 with error 1.1657711267471313 KL divergence 3.463329792022705
(Save) Epoch: 19700 Total_Loss: 5.123142719268799 with error 1.17073392868042 KL divergence 3.952409029006958
