use_cuda = False, num_devices = 4, num_processes = 4
Initialized without checkpointing
load from checkpoint
Initialized without checkpointing
load from checkpoint
Initialized without checkpointing
load from checkpoint
Starting to train
Launch training of model 0 on process 22341
Starting training from epoch  22000
Starting to train
Launch training of model 1 on process 22343
Starting to train
Launch training of model 2 on process 22342
Starting training from epoch  19700
Starting training from epoch  22100
(Print) Epoch: 22000 Total_Loss: 4.503205299377441 with error 4.468155384063721 KL divergence 3.5051333904266357
(Save) Epoch: 22000 Total_Loss: 4.503205299377441 with error 4.468155384063721 KL divergence 3.5051333904266357
(Save) Epoch: 19700 Total_Loss: 3.471951723098755 with error 3.421508312225342 KL divergence 5.044355392456055
(Save) Epoch: 22100 Total_Loss: 5.026673793792725 with error 4.965760231018066 KL divergence 6.091301918029785
(Save) Epoch: 22200 Total_Loss: 0.8565033078193665 with error 0.7624207139015198 KL divergence 9.408254623413086
(Save) Epoch: 19800 Total_Loss: 0.619118869304657 with error 0.5543103218078613 KL divergence 6.480844974517822
(Save) Epoch: 22100 Total_Loss: 0.7275933027267456 with error 0.6626269221305847 KL divergence 6.49664306640625
(Save) Epoch: 22300 Total_Loss: 0.6077926158905029 with error 0.5021384358406067 KL divergence 10.565420150756836
(Save) Epoch: 22200 Total_Loss: 0.4991316795349121 with error 0.43459320068359375 KL divergence 6.45385217666626
(Save) Epoch: 19900 Total_Loss: 0.6093984842300415 with error 0.5379864573478699 KL divergence 7.14120626449585
(Save) Epoch: 22400 Total_Loss: 0.6479056477546692 with error 0.531701385974884 KL divergence 11.620433807373047
(Print) Epoch: 20000 Total_Loss: 0.47875118255615234 with error 0.397955060005188 KL divergence 8.07961368560791
(Save) Epoch: 20000 Total_Loss: 0.47875118255615234 with error 0.397955060005188 KL divergence 8.07961368560791
(Save) Epoch: 22300 Total_Loss: 0.375905305147171 with error 0.3053775727748871 KL divergence 7.052771091461182
(Save) Epoch: 22500 Total_Loss: 0.4472835958003998 with error 0.3260628283023834 KL divergence 12.122078895568848
(Save) Epoch: 22400 Total_Loss: 0.3226252794265747 with error 0.2447165548801422 KL divergence 7.790873050689697
(Save) Epoch: 20100 Total_Loss: 0.43891477584838867 with error 0.35617396235466003 KL divergence 8.27408218383789
(Save) Epoch: 22600 Total_Loss: 0.6374115943908691 with error 0.5040642619132996 KL divergence 13.334732055664062
(Save) Epoch: 22500 Total_Loss: 0.39702826738357544 with error 0.3199719786643982 KL divergence 7.705631256103516
(Save) Epoch: 20200 Total_Loss: 0.3704582452774048 with error 0.28566914796829224 KL divergence 8.478910446166992
(Save) Epoch: 22700 Total_Loss: 0.38206514716148376 with error 0.24256548285484314 KL divergence 13.949966430664062
(Save) Epoch: 22600 Total_Loss: 0.3884299397468567 with error 0.30529463291168213 KL divergence 8.313533782958984
(Save) Epoch: 20300 Total_Loss: 0.4282100796699524 with error 0.33600226044654846 KL divergence 9.220783233642578
(Save) Epoch: 22800 Total_Loss: 0.4990135729312897 with error 0.3536868989467621 KL divergence 14.532673835754395
(Save) Epoch: 22700 Total_Loss: 0.2998529076576233 with error 0.20987370610237122 KL divergence 8.997920036315918
(Save) Epoch: 20400 Total_Loss: 0.5122702121734619 with error 0.42147451639175415 KL divergence 9.079565048217773
(Save) Epoch: 22900 Total_Loss: 0.35398274660110474 with error 0.21148106455802917 KL divergence 14.250162124633789
(Save) Epoch: 22800 Total_Loss: 0.28816989064216614 with error 0.20255489647388458 KL divergence 8.561498641967773
(Save) Epoch: 20500 Total_Loss: 0.45627155900001526 with error 0.355970561504364 KL divergence 10.030099868774414
(Print) Epoch: 23000 Total_Loss: 0.3620670437812805 with error 0.2141374796628952 KL divergence 14.792953491210938
(Save) Epoch: 23000 Total_Loss: 0.3620670437812805 with error 0.2141374796628952 KL divergence 14.792953491210938
(Save) Epoch: 22900 Total_Loss: 0.3139086365699768 with error 0.22247929871082306 KL divergence 9.142934799194336
(Save) Epoch: 20600 Total_Loss: 0.38348716497421265 with error 0.2723373770713806 KL divergence 11.114974021911621
(Print) Epoch: 23000 Total_Loss: 0.33558347821235657 with error 0.2376444786787033 KL divergence 9.79389762878418
(Save) Epoch: 23000 Total_Loss: 0.33558347821235657 with error 0.2376444786787033 KL divergence 9.79389762878418
(Save) Epoch: 23100 Total_Loss: 0.2934488356113434 with error 0.1449325978755951 KL divergence 14.85162353515625
(Save) Epoch: 20700 Total_Loss: 0.3372805416584015 with error 0.22689969837665558 KL divergence 11.038081169128418
(Save) Epoch: 23100 Total_Loss: 0.2770366072654724 with error 0.17831948399543762 KL divergence 9.871713638305664
(Save) Epoch: 23200 Total_Loss: 0.2711976170539856 with error 0.11635538190603256 KL divergence 15.484220504760742
(Save) Epoch: 20800 Total_Loss: 0.42836880683898926 with error 0.3195825219154358 KL divergence 10.878631591796875
(Save) Epoch: 23200 Total_Loss: 0.30063995718955994 with error 0.20353791117668152 KL divergence 9.710203170776367
(Save) Epoch: 23300 Total_Loss: 0.3875756561756134 with error 0.227218359708786 KL divergence 16.035724639892578
(Save) Epoch: 20900 Total_Loss: 0.39307984709739685 with error 0.2911599278450012 KL divergence 10.191995620727539
(Save) Epoch: 23300 Total_Loss: 0.2814437747001648 with error 0.18223783373832703 KL divergence 9.9205961227417
(Save) Epoch: 23400 Total_Loss: 0.3483424186706543 with error 0.18673190474510193 KL divergence 16.161052703857422
(Print) Epoch: 21000 Total_Loss: 0.3578073978424072 with error 0.2470569610595703 KL divergence 11.075044631958008
(Save) Epoch: 21000 Total_Loss: 0.3578073978424072 with error 0.2470569610595703 KL divergence 11.075044631958008
(Save) Epoch: 23400 Total_Loss: 0.3009537160396576 with error 0.20036688446998596 KL divergence 10.058687210083008
(Save) Epoch: 23500 Total_Loss: 0.2778794765472412 with error 0.11650514602661133 KL divergence 16.137432098388672
(Save) Epoch: 21100 Total_Loss: 0.3182448446750641 with error 0.2102021723985672 KL divergence 10.804269790649414
(Save) Epoch: 23500 Total_Loss: 0.29657262563705444 with error 0.20060262084007263 KL divergence 9.596999168395996
(Save) Epoch: 23600 Total_Loss: 0.31142377853393555 with error 0.1490924060344696 KL divergence 16.233139038085938
(Save) Epoch: 21200 Total_Loss: 0.2825683355331421 with error 0.168290376663208 KL divergence 11.42779541015625
(Save) Epoch: 23600 Total_Loss: 0.3085631728172302 with error 0.20875267684459686 KL divergence 9.981050491333008
(Save) Epoch: 23700 Total_Loss: 0.28344064950942993 with error 0.11820659786462784 KL divergence 16.523405075073242
(Save) Epoch: 23700 Total_Loss: 0.28842034935951233 with error 0.18220672011375427 KL divergence 10.62136173248291
(Save) Epoch: 21300 Total_Loss: 0.3210199773311615 with error 0.20679965615272522 KL divergence 11.422036170959473
(Save) Epoch: 23800 Total_Loss: 0.3424144685268402 with error 0.16982848942279816 KL divergence 17.258602142333984
(Save) Epoch: 23800 Total_Loss: 0.25789695978164673 with error 0.15002457797527313 KL divergence 10.787240982055664
(Save) Epoch: 21400 Total_Loss: 0.3402050733566284 with error 0.22494585812091827 KL divergence 11.525922775268555
(Save) Epoch: 23900 Total_Loss: 0.2782362699508667 with error 0.10800208151340485 KL divergence 17.023420333862305
(Save) Epoch: 23900 Total_Loss: 0.249388188123703 with error 0.13881678879261017 KL divergence 11.05714225769043
(Save) Epoch: 21500 Total_Loss: 0.3389953374862671 with error 0.22337031364440918 KL divergence 11.5625
(Print) Epoch: 24000 Total_Loss: 0.3011009097099304 with error 0.12773290276527405 KL divergence 17.336803436279297
(Save) Epoch: 24000 Total_Loss: 0.3011009097099304 with error 0.12773290276527405 KL divergence 17.336803436279297
(Print) Epoch: 24000 Total_Loss: 0.23944778740406036 with error 0.13479474186897278 KL divergence 10.465303421020508
(Save) Epoch: 24000 Total_Loss: 0.23944778740406036 with error 0.13479474186897278 KL divergence 10.465303421020508
(Save) Epoch: 21600 Total_Loss: 0.2569473385810852 with error 0.12365053594112396 KL divergence 13.329679489135742
(Save) Epoch: 24100 Total_Loss: 0.3398247957229614 with error 0.16483411192893982 KL divergence 17.499073028564453
(Save) Epoch: 24100 Total_Loss: 0.33262524008750916 with error 0.22701434791088104 KL divergence 10.561088562011719
(Save) Epoch: 21700 Total_Loss: 0.2520674765110016 with error 0.13025322556495667 KL divergence 12.181426048278809
(Save) Epoch: 24200 Total_Loss: 0.28619009256362915 with error 0.10920363664627075 KL divergence 17.698644638061523
(Save) Epoch: 24200 Total_Loss: 0.2436046302318573 with error 0.1414773315191269 KL divergence 10.212730407714844
(Save) Epoch: 21800 Total_Loss: 0.2618691325187683 with error 0.1445191502571106 KL divergence 11.734994888305664
(Save) Epoch: 24300 Total_Loss: 0.2717622220516205 with error 0.09884365648031235 KL divergence 17.291860580444336
(Save) Epoch: 24300 Total_Loss: 0.24919655919075012 with error 0.14472195506095886 KL divergence 10.44745922088623
(Save) Epoch: 24400 Total_Loss: 0.2627468705177307 with error 0.0887688621878624 KL divergence 17.39780044555664
(Save) Epoch: 21900 Total_Loss: 0.27973419427871704 with error 0.15717744827270508 KL divergence 12.2556734085083
(Save) Epoch: 24400 Total_Loss: 0.21541576087474823 with error 0.10661014169454575 KL divergence 10.880561828613281
(Save) Epoch: 24500 Total_Loss: 0.27130410075187683 with error 0.09276770800352097 KL divergence 17.853639602661133
(Print) Epoch: 22000 Total_Loss: 0.3116844594478607 with error 0.19081786274909973 KL divergence 12.08665943145752
(Save) Epoch: 22000 Total_Loss: 0.3116844594478607 with error 0.19081786274909973 KL divergence 12.08665943145752
(Save) Epoch: 24500 Total_Loss: 0.24120721220970154 with error 0.13010744750499725 KL divergence 11.109976768493652
(Save) Epoch: 24600 Total_Loss: 0.28908634185791016 with error 0.11269392818212509 KL divergence 17.639240264892578
(Save) Epoch: 22100 Total_Loss: 0.26702526211738586 with error 0.14377887547016144 KL divergence 12.324641227722168
(Save) Epoch: 24600 Total_Loss: 0.2568569481372833 with error 0.1450173407793045 KL divergence 11.1839599609375
(Save) Epoch: 24700 Total_Loss: 0.279891699552536 with error 0.10151112079620361 KL divergence 17.838058471679688
(Save) Epoch: 22200 Total_Loss: 0.2543236017227173 with error 0.1255355179309845 KL divergence 12.878812789916992
(Save) Epoch: 24700 Total_Loss: 0.22487597167491913 with error 0.11333706229925156 KL divergence 11.153889656066895
(Save) Epoch: 24800 Total_Loss: 0.3172457814216614 with error 0.13651959598064423 KL divergence 18.072620391845703
(Save) Epoch: 22300 Total_Loss: 0.24893295764923096 with error 0.12197908014059067 KL divergence 12.695384979248047
(Save) Epoch: 24800 Total_Loss: 0.19989171624183655 with error 0.08060005307197571 KL divergence 11.929165840148926
(Save) Epoch: 24900 Total_Loss: 0.26948633790016174 with error 0.08958388864994049 KL divergence 17.990245819091797
(Save) Epoch: 24900 Total_Loss: 0.23505893349647522 with error 0.1268305629491806 KL divergence 10.822834968566895
(Save) Epoch: 22400 Total_Loss: 0.23567502200603485 with error 0.10564395040273666 KL divergence 13.003107070922852
(Print) Epoch: 25000 Total_Loss: 0.2845896780490875 with error 0.10354010760784149 KL divergence 18.104955673217773
(Save) Epoch: 25000 Total_Loss: 0.2845896780490875 with error 0.10354010760784149 KL divergence 18.104955673217773
(Print) Epoch: 25000 Total_Loss: 0.2425542175769806 with error 0.13223116099834442 KL divergence 11.032305717468262
(Save) Epoch: 25000 Total_Loss: 0.2425542175769806 with error 0.13223116099834442 KL divergence 11.032305717468262
(Save) Epoch: 22500 Total_Loss: 0.20877107977867126 with error 0.08244340121746063 KL divergence 12.632768630981445
(Save) Epoch: 25100 Total_Loss: 0.22679665684700012 with error 0.04943053796887398 KL divergence 17.73661231994629
(Save) Epoch: 25100 Total_Loss: 0.2293444126844406 with error 0.11988015472888947 KL divergence 10.946426391601562
(Save) Epoch: 22600 Total_Loss: 0.20352502167224884 with error 0.07233639061450958 KL divergence 13.118860244750977
(Save) Epoch: 25200 Total_Loss: 0.27425694465637207 with error 0.09332112222909927 KL divergence 18.093578338623047
(Save) Epoch: 25200 Total_Loss: 0.21816113591194153 with error 0.10613039880990982 KL divergence 11.203071594238281
(Save) Epoch: 22700 Total_Loss: 0.21299894154071808 with error 0.08225013315677643 KL divergence 13.074880599975586
(Save) Epoch: 25300 Total_Loss: 0.33200234174728394 with error 0.14938294887542725 KL divergence 18.26193618774414
(Save) Epoch: 25300 Total_Loss: 0.22614960372447968 with error 0.10661792755126953 KL divergence 11.953169822692871
(Save) Epoch: 22800 Total_Loss: 0.2250864952802658 with error 0.08675707876682281 KL divergence 13.832942008972168
(Save) Epoch: 25400 Total_Loss: 0.32576295733451843 with error 0.1391974240541458 KL divergence 18.65655517578125
(Save) Epoch: 25400 Total_Loss: 0.19006220996379852 with error 0.07503223419189453 KL divergence 11.502999305725098
(Save) Epoch: 22900 Total_Loss: 0.24561068415641785 with error 0.10243018716573715 KL divergence 14.318048477172852
(Save) Epoch: 25500 Total_Loss: 0.29974156618118286 with error 0.11672888696193695 KL divergence 18.301265716552734
(Save) Epoch: 25500 Total_Loss: 0.20314951241016388 with error 0.08639125525951385 KL divergence 11.675824165344238
(Print) Epoch: 23000 Total_Loss: 0.21767397224903107 with error 0.08039625734090805 KL divergence 13.72777271270752
(Save) Epoch: 23000 Total_Loss: 0.21767397224903107 with error 0.08039625734090805 KL divergence 13.72777271270752
(Save) Epoch: 25600 Total_Loss: 0.2698208689689636 with error 0.08327685296535492 KL divergence 18.654407501220703
(Save) Epoch: 25600 Total_Loss: 0.21020159125328064 with error 0.09999241679906845 KL divergence 11.020920753479004
(Save) Epoch: 23100 Total_Loss: 0.18295805156230927 with error 0.04594772681593895 KL divergence 13.701032638549805
(Save) Epoch: 25700 Total_Loss: 0.2754993438720703 with error 0.0919550210237503 KL divergence 18.354433059692383
(Save) Epoch: 25700 Total_Loss: 0.23396249115467072 with error 0.11521359533071518 KL divergence 11.874886512756348
(Save) Epoch: 23200 Total_Loss: 0.1954258233308792 with error 0.06280408799648285 KL divergence 13.262171745300293
(Save) Epoch: 25800 Total_Loss: 0.2954302728176117 with error 0.11298354715108871 KL divergence 18.244678497314453
(Save) Epoch: 25800 Total_Loss: 0.2133626639842987 with error 0.0971885547041893 KL divergence 11.617408752441406
(Save) Epoch: 23300 Total_Loss: 0.20130860805511475 with error 0.0571615993976593 KL divergence 14.414701461791992
(Save) Epoch: 25900 Total_Loss: 0.3209042549133301 with error 0.13650864362716675 KL divergence 18.439559936523438
(Save) Epoch: 25900 Total_Loss: 0.20978538691997528 with error 0.08595265448093414 KL divergence 12.383275985717773
(Save) Epoch: 23400 Total_Loss: 0.18087425827980042 with error 0.04468154534697533 KL divergence 13.619272232055664
(Print) Epoch: 26000 Total_Loss: 0.2751741111278534 with error 0.09173760563135147 KL divergence 18.343650817871094
(Save) Epoch: 26000 Total_Loss: 0.2751741111278534 with error 0.09173760563135147 KL divergence 18.343650817871094
(Print) Epoch: 26000 Total_Loss: 0.27172988653182983 with error 0.146080881357193 KL divergence 12.564901351928711
(Save) Epoch: 26000 Total_Loss: 0.27172988653182983 with error 0.146080881357193 KL divergence 12.564901351928711
(Save) Epoch: 23500 Total_Loss: 0.20082063972949982 with error 0.05947015807032585 KL divergence 14.135047912597656
(Save) Epoch: 26100 Total_Loss: 0.20007047057151794 with error 0.08206851035356522 KL divergence 11.800198554992676
(Save) Epoch: 26100 Total_Loss: 0.3304463326931 with error 0.14207470417022705 KL divergence 18.837162017822266
(Save) Epoch: 26200 Total_Loss: 0.16622363030910492 with error 0.048136040568351746 KL divergence 11.808757781982422
(Save) Epoch: 26200 Total_Loss: 0.28552427887916565 with error 0.10047586262226105 KL divergence 18.504846572875977
(Save) Epoch: 23600 Total_Loss: 0.19438333809375763 with error 0.06280208379030228 KL divergence 13.158126831054688
(Save) Epoch: 26300 Total_Loss: 0.2092721164226532 with error 0.08443759381771088 KL divergence 12.483453750610352
(Save) Epoch: 26300 Total_Loss: 0.25656288862228394 with error 0.07446390390396118 KL divergence 18.209897994995117
(Save) Epoch: 23700 Total_Loss: 0.17206944525241852 with error 0.028943022713065147 KL divergence 14.312642097473145
(Save) Epoch: 26400 Total_Loss: 0.18197810649871826 with error 0.06127195432782173 KL divergence 12.070615768432617
(Save) Epoch: 26400 Total_Loss: 0.29040858149528503 with error 0.10581974685192108 KL divergence 18.458885192871094
(Save) Epoch: 23800 Total_Loss: 0.17465874552726746 with error 0.03708576411008835 KL divergence 13.757298469543457
(Save) Epoch: 26500 Total_Loss: 0.15635058283805847 with error 0.04198368266224861 KL divergence 11.436689376831055
(Save) Epoch: 26500 Total_Loss: 0.2561649680137634 with error 0.07242514938116074 KL divergence 18.373981475830078
(Save) Epoch: 23900 Total_Loss: 0.18566088378429413 with error 0.04429670423269272 KL divergence 14.136419296264648
(Save) Epoch: 26600 Total_Loss: 0.18695488572120667 with error 0.06704995036125183 KL divergence 11.990492820739746
(Save) Epoch: 26600 Total_Loss: 0.27545589208602905 with error 0.09009726345539093 KL divergence 18.535863876342773
(Print) Epoch: 24000 Total_Loss: 0.19656307995319366 with error 0.05750786513090134 KL divergence 13.90552043914795
(Save) Epoch: 24000 Total_Loss: 0.19656307995319366 with error 0.05750786513090134 KL divergence 13.90552043914795
(Save) Epoch: 26700 Total_Loss: 0.1729288250207901 with error 0.054123975336551666 KL divergence 11.880484580993652
(Save) Epoch: 26700 Total_Loss: 0.2692454755306244 with error 0.087623730301857 KL divergence 18.162174224853516
(Save) Epoch: 24100 Total_Loss: 0.17630590498447418 with error 0.039481956511735916 KL divergence 13.682395935058594
(Save) Epoch: 26800 Total_Loss: 0.16118204593658447 with error 0.04456276446580887 KL divergence 11.661928176879883
(Save) Epoch: 26800 Total_Loss: 0.2773323655128479 with error 0.09150239080190659 KL divergence 18.582996368408203
(Save) Epoch: 24200 Total_Loss: 0.17568108439445496 with error 0.0394919328391552 KL divergence 13.618914604187012
(Save) Epoch: 26900 Total_Loss: 0.15904858708381653 with error 0.043015580624341965 KL divergence 11.603301048278809
(Save) Epoch: 26900 Total_Loss: 0.22228005528450012 with error 0.039746612310409546 KL divergence 18.253345489501953
(Save) Epoch: 24300 Total_Loss: 0.16805286705493927 with error 0.034310903400182724 KL divergence 13.374194145202637
(Print) Epoch: 27000 Total_Loss: 0.159868985414505 with error 0.045695096254348755 KL divergence 11.417389869689941
(Save) Epoch: 27000 Total_Loss: 0.159868985414505 with error 0.045695096254348755 KL divergence 11.417389869689941
(Print) Epoch: 27000 Total_Loss: 0.29966846108436584 with error 0.11065036058425903 KL divergence 18.901811599731445
(Save) Epoch: 27000 Total_Loss: 0.29966846108436584 with error 0.11065036058425903 KL divergence 18.901811599731445
(Save) Epoch: 24400 Total_Loss: 0.17683234810829163 with error 0.04272934049367905 KL divergence 13.410301208496094
(Save) Epoch: 27100 Total_Loss: 0.16204020380973816 with error 0.044503699988126755 KL divergence 11.753649711608887
(Save) Epoch: 27100 Total_Loss: 0.27216845750808716 with error 0.08494703471660614 KL divergence 18.72214126586914
(Save) Epoch: 27200 Total_Loss: 0.15666119754314423 with error 0.03850986436009407 KL divergence 11.815134048461914
(Save) Epoch: 24500 Total_Loss: 0.16924360394477844 with error 0.03575523942708969 KL divergence 13.348835945129395
(Save) Epoch: 27200 Total_Loss: 0.3156359791755676 with error 0.12727655470371246 KL divergence 18.835941314697266
(Save) Epoch: 27300 Total_Loss: 0.15290942788124084 with error 0.04115718975663185 KL divergence 11.175225257873535
(Save) Epoch: 24600 Total_Loss: 0.16743628680706024 with error 0.032830871641635895 KL divergence 13.460542678833008
(Save) Epoch: 27300 Total_Loss: 0.23865506052970886 with error 0.05818720906972885 KL divergence 18.04678726196289
(Save) Epoch: 27400 Total_Loss: 0.16601140797138214 with error 0.051473528146743774 KL divergence 11.453789710998535
(Save) Epoch: 24700 Total_Loss: 0.17772163450717926 with error 0.03965882211923599 KL divergence 13.806282043457031
(Save) Epoch: 27400 Total_Loss: 0.27940431237220764 with error 0.09181772917509079 KL divergence 18.758657455444336
(Save) Epoch: 27500 Total_Loss: 0.1421549916267395 with error 0.028635915368795395 KL divergence 11.351907730102539
(Save) Epoch: 24800 Total_Loss: 0.16582134366035461 with error 0.03453404828906059 KL divergence 13.128728866577148
(Save) Epoch: 27500 Total_Loss: 0.23860804736614227 with error 0.05642907693982124 KL divergence 18.217899322509766
(Save) Epoch: 27600 Total_Loss: 0.1740209460258484 with error 0.058194052428007126 KL divergence 11.582691192626953
(Save) Epoch: 24900 Total_Loss: 0.1745743453502655 with error 0.03668036684393883 KL divergence 13.789398193359375
(Save) Epoch: 27600 Total_Loss: 0.2722153961658478 with error 0.0858878344297409 KL divergence 18.63275718688965
(Save) Epoch: 27700 Total_Loss: 0.17315009236335754 with error 0.04955343157052994 KL divergence 12.35966682434082
(Print) Epoch: 25000 Total_Loss: 0.17662513256072998 with error 0.04164455085992813 KL divergence 13.49805736541748
(Save) Epoch: 25000 Total_Loss: 0.17662513256072998 with error 0.04164455085992813 KL divergence 13.49805736541748
(Save) Epoch: 27700 Total_Loss: 0.2579568028450012 with error 0.07460923492908478 KL divergence 18.334758758544922
(Save) Epoch: 27800 Total_Loss: 0.17398212850093842 with error 0.06260893493890762 KL divergence 11.137319564819336
(Save) Epoch: 25100 Total_Loss: 0.18307632207870483 with error 0.05094034597277641 KL divergence 13.213598251342773
(Save) Epoch: 27800 Total_Loss: 0.24196180701255798 with error 0.057480085641145706 KL divergence 18.44817543029785
(Save) Epoch: 27900 Total_Loss: 0.15532374382019043 with error 0.03780011832714081 KL divergence 11.752362251281738
(Save) Epoch: 25200 Total_Loss: 0.18699707090854645 with error 0.050116561353206635 KL divergence 13.688051223754883
(Save) Epoch: 27900 Total_Loss: 0.25354307889938354 with error 0.06950660049915314 KL divergence 18.40365219116211
(Print) Epoch: 28000 Total_Loss: 0.15449930727481842 with error 0.0419878326356411 KL divergence 11.25114631652832
(Save) Epoch: 28000 Total_Loss: 0.15449930727481842 with error 0.0419878326356411 KL divergence 11.25114631652832
(Save) Epoch: 25300 Total_Loss: 0.1668320596218109 with error 0.032900407910346985 KL divergence 13.393165588378906
(Print) Epoch: 28000 Total_Loss: 0.23213939368724823 with error 0.05020272731781006 KL divergence 18.193668365478516
(Save) Epoch: 28000 Total_Loss: 0.23213939368724823 with error 0.05020272731781006 KL divergence 18.193668365478516
(Save) Epoch: 28100 Total_Loss: 0.1347304880619049 with error 0.028191333636641502 KL divergence 10.653915405273438
(Save) Epoch: 25400 Total_Loss: 0.17737320065498352 with error 0.03907662630081177 KL divergence 13.829656600952148
(Save) Epoch: 28100 Total_Loss: 0.23549601435661316 with error 0.05282680317759514 KL divergence 18.266918182373047
(Save) Epoch: 28200 Total_Loss: 0.14263997972011566 with error 0.03088003396987915 KL divergence 11.175996780395508
(Save) Epoch: 28200 Total_Loss: 0.24984636902809143 with error 0.06420139968395233 KL divergence 18.564495086669922
(Save) Epoch: 25500 Total_Loss: 0.18298840522766113 with error 0.05389584228396416 KL divergence 12.909258842468262
(Save) Epoch: 28300 Total_Loss: 0.13740941882133484 with error 0.030184919014573097 KL divergence 10.72244930267334
(Save) Epoch: 28300 Total_Loss: 0.26966843008995056 with error 0.08491314202547073 KL divergence 18.47553062438965
(Save) Epoch: 25600 Total_Loss: 0.1739242970943451 with error 0.03869597241282463 KL divergence 13.522834777832031
(Save) Epoch: 28400 Total_Loss: 0.14209844172000885 with error 0.027566179633140564 KL divergence 11.453226089477539
(Save) Epoch: 28400 Total_Loss: 0.24784931540489197 with error 0.0626467689871788 KL divergence 18.5202579498291
(Save) Epoch: 25700 Total_Loss: 0.16216641664505005 with error 0.0333004929125309 KL divergence 12.886591911315918
(Save) Epoch: 28500 Total_Loss: 0.14390689134597778 with error 0.033423446118831635 KL divergence 11.048344612121582
(Save) Epoch: 28500 Total_Loss: 0.2723429203033447 with error 0.08236289769411087 KL divergence 18.998001098632812
(Save) Epoch: 28600 Total_Loss: 0.14637461304664612 with error 0.029451539739966393 KL divergence 11.69230842590332
(Save) Epoch: 25800 Total_Loss: 0.16688531637191772 with error 0.03830890357494354 KL divergence 12.857641220092773
(Save) Epoch: 28600 Total_Loss: 0.23312795162200928 with error 0.050918348133563995 KL divergence 18.220964431762695
(Save) Epoch: 28700 Total_Loss: 0.1422683596611023 with error 0.029297515749931335 KL divergence 11.297083854675293
(Save) Epoch: 25900 Total_Loss: 0.1569567620754242 with error 0.028675680980086327 KL divergence 12.828107833862305
(Save) Epoch: 28700 Total_Loss: 0.22494113445281982 with error 0.04443146288394928 KL divergence 18.050968170166016
(Save) Epoch: 28800 Total_Loss: 0.14785189926624298 with error 0.03799190744757652 KL divergence 10.986000061035156
(Print) Epoch: 26000 Total_Loss: 0.14664475619792938 with error 0.024082006886601448 KL divergence 12.256275177001953
(Save) Epoch: 26000 Total_Loss: 0.14664475619792938 with error 0.024082006886601448 KL divergence 12.256275177001953
(Save) Epoch: 28800 Total_Loss: 0.2411770075559616 with error 0.05664568021893501 KL divergence 18.453134536743164
(Save) Epoch: 28900 Total_Loss: 0.13571293652057648 with error 0.02393440343439579 KL divergence 11.177854537963867
(Save) Epoch: 26100 Total_Loss: 0.15737135708332062 with error 0.030150115489959717 KL divergence 12.722124099731445
(Save) Epoch: 28900 Total_Loss: 0.2644650340080261 with error 0.0822625458240509 KL divergence 18.220251083374023
(Print) Epoch: 29000 Total_Loss: 0.1408696472644806 with error 0.0350370779633522 KL divergence 10.583253860473633
(Save) Epoch: 29000 Total_Loss: 0.1408696472644806 with error 0.0350370779633522 KL divergence 10.583253860473633
(Save) Epoch: 26200 Total_Loss: 0.15767927467823029 with error 0.02276461198925972 KL divergence 13.491464614868164
(Print) Epoch: 29000 Total_Loss: 0.24556131660938263 with error 0.06073722243309021 KL divergence 18.482410430908203
(Save) Epoch: 29000 Total_Loss: 0.24556131660938263 with error 0.06073722243309021 KL divergence 18.482410430908203
(Save) Epoch: 29100 Total_Loss: 0.14230884611606598 with error 0.029377520084381104 KL divergence 11.293135643005371
(Save) Epoch: 26300 Total_Loss: 0.16122832894325256 with error 0.03501769155263901 KL divergence 12.621065139770508
(Save) Epoch: 29100 Total_Loss: 0.22417326271533966 with error 0.03911462426185608 KL divergence 18.505863189697266
(Save) Epoch: 29200 Total_Loss: 0.14207199215888977 with error 0.032415688037872314 KL divergence 10.965629577636719
(Save) Epoch: 26400 Total_Loss: 0.15767470002174377 with error 0.030766213312745094 KL divergence 12.690848350524902
(Save) Epoch: 29200 Total_Loss: 0.20740142464637756 with error 0.027545487508177757 KL divergence 17.985595703125
(Save) Epoch: 29300 Total_Loss: 0.13472437858581543 with error 0.029265090823173523 KL divergence 10.545928955078125
(Save) Epoch: 26500 Total_Loss: 0.18243154883384705 with error 0.04737596586346626 KL divergence 13.505558967590332
(Save) Epoch: 29300 Total_Loss: 0.22529959678649902 with error 0.04179178923368454 KL divergence 18.350780487060547
(Save) Epoch: 29400 Total_Loss: 0.1378140151500702 with error 0.03048674203455448 KL divergence 10.732728004455566
(Save) Epoch: 26600 Total_Loss: 0.15952032804489136 with error 0.032896384596824646 KL divergence 12.662393569946289
(Save) Epoch: 29400 Total_Loss: 0.22707347571849823 with error 0.04289878159761429 KL divergence 18.417469024658203
(Save) Epoch: 29500 Total_Loss: 0.1417892873287201 with error 0.03318779170513153 KL divergence 10.860151290893555
(Save) Epoch: 26700 Total_Loss: 0.15724855661392212 with error 0.03081248141825199 KL divergence 12.643606185913086
(Save) Epoch: 29500 Total_Loss: 0.2224450558423996 with error 0.04164945334196091 KL divergence 18.07956314086914
(Save) Epoch: 29600 Total_Loss: 0.15041516721248627 with error 0.03515171259641647 KL divergence 11.526346206665039
(Save) Epoch: 26800 Total_Loss: 0.15154746174812317 with error 0.024821046739816666 KL divergence 12.672642707824707
(Save) Epoch: 29600 Total_Loss: 0.21350844204425812 with error 0.029453430324792862 KL divergence 18.405500411987305
(Save) Epoch: 29700 Total_Loss: 0.15423408150672913 with error 0.04442105069756508 KL divergence 10.981303215026855
(Save) Epoch: 29700 Total_Loss: 0.2210521250963211 with error 0.037244271486997604 KL divergence 18.380786895751953
(Save) Epoch: 26900 Total_Loss: 0.16395699977874756 with error 0.03475052863359451 KL divergence 12.920646667480469
(Save) Epoch: 29800 Total_Loss: 0.1364741325378418 with error 0.03223947808146477 KL divergence 10.423465728759766
(Save) Epoch: 29800 Total_Loss: 0.23011520504951477 with error 0.044657204300165176 KL divergence 18.54580307006836
(Print) Epoch: 27000 Total_Loss: 0.1745983064174652 with error 0.04386911541223526 KL divergence 13.072918891906738
(Save) Epoch: 27000 Total_Loss: 0.1745983064174652 with error 0.04386911541223526 KL divergence 13.072918891906738
(Save) Epoch: 29900 Total_Loss: 0.13630583882331848 with error 0.03325342386960983 KL divergence 10.305238723754883
(Save) Epoch: 29900 Total_Loss: 0.21848082542419434 with error 0.03393734246492386 KL divergence 18.454347610473633
(Save) Epoch: 27100 Total_Loss: 0.1686284840106964 with error 0.03760135918855667 KL divergence 13.102714538574219
(Print) Epoch: 30000 Total_Loss: 0.13227613270282745 with error 0.02651461586356163 KL divergence 10.576149940490723
(Save) Epoch: 30000 Total_Loss: 0.13227613270282745 with error 0.02651461586356163 KL divergence 10.576149940490723
(Print) Epoch: 30000 Total_Loss: 0.24943459033966064 with error 0.06378667056560516 KL divergence 18.56479263305664
(Save) Epoch: 30000 Total_Loss: 0.24943459033966064 with error 0.06378667056560516 KL divergence 18.56479263305664
(Save) Epoch: 30100 Total_Loss: 0.1280963122844696 with error 0.02210133895277977 KL divergence 10.599496841430664
(Save) Epoch: 27200 Total_Loss: 0.17107784748077393 with error 0.04412417113780975 KL divergence 12.695368766784668
(Save) Epoch: 30100 Total_Loss: 0.21911363303661346 with error 0.03593844920396805 KL divergence 18.317516326904297
(Save) Epoch: 30200 Total_Loss: 0.13463497161865234 with error 0.02582443691790104 KL divergence 10.881053924560547
(Save) Epoch: 27300 Total_Loss: 0.16167601943016052 with error 0.032055120915174484 KL divergence 12.962091445922852
(Save) Epoch: 30200 Total_Loss: 0.2222713679075241 with error 0.04075605422258377 KL divergence 18.151531219482422
(Save) Epoch: 30300 Total_Loss: 0.1363430619239807 with error 0.0283783171325922 KL divergence 10.79647445678711
(Save) Epoch: 27400 Total_Loss: 0.16343340277671814 with error 0.030460912734270096 KL divergence 13.297248840332031
(Save) Epoch: 30300 Total_Loss: 0.2088521271944046 with error 0.021535029634833336 KL divergence 18.73171043395996
(Save) Epoch: 30400 Total_Loss: 0.14245639741420746 with error 0.03317319229245186 KL divergence 10.928319931030273
(Save) Epoch: 27500 Total_Loss: 0.1543639749288559 with error 0.027053434401750565 KL divergence 12.731056213378906
(Save) Epoch: 30400 Total_Loss: 0.2121383249759674 with error 0.030127400532364845 KL divergence 18.201091766357422
(Save) Epoch: 30500 Total_Loss: 0.13804025948047638 with error 0.025439560413360596 KL divergence 11.260068893432617
(Save) Epoch: 27600 Total_Loss: 0.15012893080711365 with error 0.025173908099532127 KL divergence 12.495501518249512
(Save) Epoch: 30500 Total_Loss: 0.2171659916639328 with error 0.03499007970094681 KL divergence 18.21759033203125
(Save) Epoch: 27700 Total_Loss: 0.16367894411087036 with error 0.03337297588586807 KL divergence 13.030596733093262
(Save) Epoch: 30600 Total_Loss: 0.12774887681007385 with error 0.01800687238574028 KL divergence 10.974200248718262
(Save) Epoch: 30600 Total_Loss: 0.25855520367622375 with error 0.0710299089550972 KL divergence 18.75252914428711
(Save) Epoch: 27800 Total_Loss: 0.1597430557012558 with error 0.03148667886853218 KL divergence 12.825639724731445
(Save) Epoch: 30700 Total_Loss: 0.13004206120967865 with error 0.030280757695436478 KL divergence 9.976130485534668
(Save) Epoch: 30700 Total_Loss: 0.224657341837883 with error 0.04146416857838631 KL divergence 18.319316864013672
(Save) Epoch: 30800 Total_Loss: 0.12283776700496674 with error 0.018244445323944092 KL divergence 10.459333419799805
(Save) Epoch: 27900 Total_Loss: 0.14821234345436096 with error 0.021978143602609634 KL divergence 12.623422622680664
(Save) Epoch: 30800 Total_Loss: 0.20427155494689941 with error 0.026558345183730125 KL divergence 17.771324157714844
(Save) Epoch: 30900 Total_Loss: 0.13513335585594177 with error 0.029420312494039536 KL divergence 10.571303367614746
(Print) Epoch: 28000 Total_Loss: 0.15790094435214996 with error 0.032284192740917206 KL divergence 12.561674118041992
(Save) Epoch: 28000 Total_Loss: 0.15790094435214996 with error 0.032284192740917206 KL divergence 12.561674118041992
(Print) Epoch: 31000 Total_Loss: 0.13760145008563995 with error 0.028988460078835487 KL divergence 10.861300468444824
(Save) Epoch: 31000 Total_Loss: 0.13760145008563995 with error 0.028988460078835487 KL divergence 10.861300468444824
(Save) Epoch: 30900 Total_Loss: 0.23112234473228455 with error 0.040893953293561935 KL divergence 19.022842407226562
(Save) Epoch: 28100 Total_Loss: 0.14078442752361298 with error 0.019091758877038956 KL divergence 12.169266700744629
(Save) Epoch: 31100 Total_Loss: 0.14507558941841125 with error 0.032324742525815964 KL divergence 11.275084495544434
(Print) Epoch: 31000 Total_Loss: 0.22168417274951935 with error 0.03743453696370125 KL divergence 18.42496681213379
(Save) Epoch: 31000 Total_Loss: 0.22168417274951935 with error 0.03743453696370125 KL divergence 18.42496681213379
(Save) Epoch: 28200 Total_Loss: 0.15642103552818298 with error 0.03154968097805977 KL divergence 12.487133979797363
(Save) Epoch: 31200 Total_Loss: 0.15173280239105225 with error 0.04480297118425369 KL divergence 10.692983627319336
(Save) Epoch: 31100 Total_Loss: 0.2119567096233368 with error 0.029634153470396996 KL divergence 18.232255935668945
(Save) Epoch: 28300 Total_Loss: 0.1616930514574051 with error 0.03007408045232296 KL divergence 13.161895751953125
(Save) Epoch: 31300 Total_Loss: 0.12488992512226105 with error 0.024665024131536484 KL divergence 10.022490501403809
(Save) Epoch: 31200 Total_Loss: 0.20807626843452454 with error 0.027240917086601257 KL divergence 18.08353614807129
(Save) Epoch: 28400 Total_Loss: 0.15072228014469147 with error 0.027193143963813782 KL divergence 12.352912902832031
(Save) Epoch: 31300 Total_Loss: 0.2244838923215866 with error 0.03991411626338959 KL divergence 18.45697784423828
(Save) Epoch: 31400 Total_Loss: 0.13072603940963745 with error 0.02729920484125614 KL divergence 10.342682838439941
(Save) Epoch: 28500 Total_Loss: 0.14144366979599 with error 0.022282805293798447 KL divergence 11.916086196899414
(Save) Epoch: 31400 Total_Loss: 0.20984259247779846 with error 0.02759578451514244 KL divergence 18.224681854248047
(Save) Epoch: 31500 Total_Loss: 0.12604008615016937 with error 0.024571577087044716 KL divergence 10.146852493286133
(Save) Epoch: 28600 Total_Loss: 0.1448734700679779 with error 0.017527597025036812 KL divergence 12.734589576721191
(Save) Epoch: 31600 Total_Loss: 0.1280709207057953 with error 0.025154199451208115 KL divergence 10.291671752929688
(Save) Epoch: 31500 Total_Loss: 0.20673108100891113 with error 0.025316718965768814 KL divergence 18.141437530517578
(Save) Epoch: 28700 Total_Loss: 0.16400820016860962 with error 0.04091431200504303 KL divergence 12.309388160705566
(Save) Epoch: 31700 Total_Loss: 0.1267433911561966 with error 0.0259479321539402 KL divergence 10.079545974731445
(Save) Epoch: 31600 Total_Loss: 0.20679712295532227 with error 0.02829005941748619 KL divergence 17.850704193115234
(Save) Epoch: 28800 Total_Loss: 0.14930309355258942 with error 0.03120243176817894 KL divergence 11.810064315795898
(Save) Epoch: 31800 Total_Loss: 0.1308707296848297 with error 0.023556366562843323 KL divergence 10.731435775756836
(Save) Epoch: 31700 Total_Loss: 0.2506038248538971 with error 0.06911598145961761 KL divergence 18.148784637451172
(Save) Epoch: 28900 Total_Loss: 0.16697145998477936 with error 0.035153549164533615 KL divergence 13.181791305541992
(Save) Epoch: 31900 Total_Loss: 0.13684126734733582 with error 0.025059092789888382 KL divergence 11.178216934204102
(Save) Epoch: 31800 Total_Loss: 0.21377746760845184 with error 0.03251894563436508 KL divergence 18.125850677490234
(Print) Epoch: 29000 Total_Loss: 0.1387745440006256 with error 0.019758975133299828 KL divergence 11.901556015014648
(Save) Epoch: 29000 Total_Loss: 0.1387745440006256 with error 0.019758975133299828 KL divergence 11.901556015014648
(Print) Epoch: 32000 Total_Loss: 0.12072087824344635 with error 0.016375426203012466 KL divergence 10.434545516967773
(Save) Epoch: 32000 Total_Loss: 0.12072087824344635 with error 0.016375426203012466 KL divergence 10.434545516967773
(Save) Epoch: 31900 Total_Loss: 0.22382421791553497 with error 0.0441761240363121 KL divergence 17.96480941772461
(Save) Epoch: 32100 Total_Loss: 0.13420042395591736 with error 0.02865300513803959 KL divergence 10.554742813110352
(Save) Epoch: 29100 Total_Loss: 0.15136578679084778 with error 0.029646363109350204 KL divergence 12.171943664550781
(Print) Epoch: 32000 Total_Loss: 0.2091011106967926 with error 0.027804965153336525 KL divergence 18.129613876342773
(Save) Epoch: 32000 Total_Loss: 0.2091011106967926 with error 0.027804965153336525 KL divergence 18.129613876342773
(Save) Epoch: 32200 Total_Loss: 0.13106539845466614 with error 0.03186752647161484 KL divergence 9.91978645324707
(Save) Epoch: 29200 Total_Loss: 0.14891725778579712 with error 0.025594811886548996 KL divergence 12.332245826721191
(Save) Epoch: 32100 Total_Loss: 0.2289356291294098 with error 0.05097133666276932 KL divergence 17.796428680419922
(Save) Epoch: 32300 Total_Loss: 0.140703946352005 with error 0.023716820403933525 KL divergence 11.698713302612305
(Save) Epoch: 32200 Total_Loss: 0.21063284575939178 with error 0.03560347855091095 KL divergence 17.5029354095459
(Save) Epoch: 29300 Total_Loss: 0.1598621904850006 with error 0.031015757471323013 KL divergence 12.884641647338867
(Save) Epoch: 32400 Total_Loss: 0.12075446546077728 with error 0.023639360442757607 KL divergence 9.711511611938477
(Save) Epoch: 32300 Total_Loss: 0.1971895396709442 with error 0.018235446885228157 KL divergence 17.895410537719727
(Save) Epoch: 29400 Total_Loss: 0.17625704407691956 with error 0.04497631639242172 KL divergence 13.128072738647461
(Save) Epoch: 32500 Total_Loss: 0.12846869230270386 with error 0.01977214775979519 KL divergence 10.869654655456543
(Save) Epoch: 32400 Total_Loss: 0.21478323638439178 with error 0.036163173615932465 KL divergence 17.862009048461914
(Save) Epoch: 29500 Total_Loss: 0.1667841225862503 with error 0.04521357640624046 KL divergence 12.15705394744873
(Save) Epoch: 32600 Total_Loss: 0.12205401808023453 with error 0.023480337113142014 KL divergence 9.857368469238281
(Save) Epoch: 32500 Total_Loss: 0.20119890570640564 with error 0.024684825912117958 KL divergence 17.65140724182129
(Save) Epoch: 29600 Total_Loss: 0.14315979182720184 with error 0.02207869105041027 KL divergence 12.108110427856445
(Save) Epoch: 32700 Total_Loss: 0.13717368245124817 with error 0.03085433319211006 KL divergence 10.631933212280273
(Save) Epoch: 32600 Total_Loss: 0.2108727991580963 with error 0.03417881578207016 KL divergence 17.669397354125977
(Save) Epoch: 29700 Total_Loss: 0.14128614962100983 with error 0.021875444799661636 KL divergence 11.941071510314941
(Save) Epoch: 32800 Total_Loss: 0.13358117640018463 with error 0.0274687260389328 KL divergence 10.611244201660156
(Save) Epoch: 32700 Total_Loss: 0.2254156619310379 with error 0.050369344651699066 KL divergence 17.5046329498291
(Save) Epoch: 29800 Total_Loss: 0.13692781329154968 with error 0.014910330064594746 KL divergence 12.201748847961426
(Save) Epoch: 32900 Total_Loss: 0.1340436041355133 with error 0.033295124769210815 KL divergence 10.074850082397461
(Save) Epoch: 32800 Total_Loss: 0.23745830357074738 with error 0.05820947885513306 KL divergence 17.924882888793945
(Save) Epoch: 29900 Total_Loss: 0.13370536267757416 with error 0.017529737204313278 KL divergence 11.617563247680664
(Print) Epoch: 33000 Total_Loss: 0.12123842537403107 with error 0.023587096482515335 KL divergence 9.765132904052734
(Save) Epoch: 33000 Total_Loss: 0.12123842537403107 with error 0.023587096482515335 KL divergence 9.765132904052734
(Save) Epoch: 32900 Total_Loss: 0.20516474545001984 with error 0.027458447962999344 KL divergence 17.7706298828125
