use_cuda = False, num_devices = 4, num_processes = 4
Initialized without checkpointing
load from checkpoint
Initialized without checkpointing
load from checkpoint
Initialized without checkpointing
load from checkpoint
Starting to train
Launch training of model 0 on process 27395
Starting training from epoch  33000
Starting to train
Launch training of model 1 on process 27397
Starting to train
Launch training of model 2 on process 27394
Starting training from epoch  29900
Starting training from epoch  32900
(Save) Epoch: 29900 Total_Loss: 0.48260417580604553 with error 0.46972280740737915 KL divergence 12.881406784057617
(Save) Epoch: 32900 Total_Loss: 1.4332462549209595 with error 1.4146069288253784 KL divergence 18.639278411865234
(Print) Epoch: 33000 Total_Loss: 0.3184596300125122 with error 0.3077734112739563 KL divergence 10.68622875213623
(Save) Epoch: 33000 Total_Loss: 0.3184596300125122 with error 0.3077734112739563 KL divergence 10.68622875213623
(Print) Epoch: 30000 Total_Loss: 0.036830104887485504 with error 0.021821236237883568 KL divergence 15.008871078491211
(Save) Epoch: 30000 Total_Loss: 0.036830104887485504 with error 0.021821236237883568 KL divergence 15.008871078491211
(Print) Epoch: 33000 Total_Loss: 0.19950559735298157 with error 0.178196519613266 KL divergence 21.309066772460938
(Save) Epoch: 33000 Total_Loss: 0.19950559735298157 with error 0.178196519613266 KL divergence 21.309066772460938
(Save) Epoch: 33100 Total_Loss: 0.04039430990815163 with error 0.027848582714796066 KL divergence 12.545727729797363
(Save) Epoch: 33100 Total_Loss: 0.4403231739997864 with error 0.41712242364883423 KL divergence 23.20077896118164
(Save) Epoch: 30100 Total_Loss: 0.02484300173819065 with error 0.00867966003715992 KL divergence 16.163341522216797
(Save) Epoch: 33200 Total_Loss: 0.033287204802036285 with error 0.01966121233999729 KL divergence 13.625993728637695
(Save) Epoch: 30200 Total_Loss: 0.02465493232011795 with error 0.008409479632973671 KL divergence 16.245452880859375
(Save) Epoch: 33200 Total_Loss: 0.4590665400028229 with error 0.43528860807418823 KL divergence 23.77796173095703
(Save) Epoch: 33300 Total_Loss: 0.026078205555677414 with error 0.012010534293949604 KL divergence 14.067672729492188
(Save) Epoch: 30300 Total_Loss: 0.021206673234701157 with error 0.004794075153768063 KL divergence 16.412601470947266
(Save) Epoch: 33300 Total_Loss: 0.1782301962375641 with error 0.15300413966178894 KL divergence 25.226036071777344
(Save) Epoch: 33400 Total_Loss: 0.02278909645974636 with error 0.008330059237778187 KL divergence 14.459037780761719
(Save) Epoch: 30400 Total_Loss: 0.021658316254615784 with error 0.0047961450181901455 KL divergence 16.862171173095703
(Save) Epoch: 33400 Total_Loss: 0.15205597877502441 with error 0.12609413266181946 KL divergence 25.961843490600586
(Save) Epoch: 33500 Total_Loss: 0.03320253640413284 with error 0.018399134278297424 KL divergence 14.80340576171875
(Save) Epoch: 30500 Total_Loss: 0.02549697831273079 with error 0.008169924840331078 KL divergence 17.32705307006836
(Save) Epoch: 33500 Total_Loss: 0.2751336395740509 with error 0.24931779503822327 KL divergence 25.815847396850586
(Save) Epoch: 33600 Total_Loss: 0.0238056480884552 with error 0.008813966996967793 KL divergence 14.991679191589355
(Save) Epoch: 30600 Total_Loss: 0.021656543016433716 with error 0.004460060503333807 KL divergence 17.196481704711914
(Save) Epoch: 33600 Total_Loss: 0.14100155234336853 with error 0.11477124691009521 KL divergence 26.23031234741211
(Save) Epoch: 33700 Total_Loss: 0.026043927296996117 with error 0.011088220402598381 KL divergence 14.955708503723145
(Save) Epoch: 30700 Total_Loss: 0.023419950157403946 with error 0.005942907650023699 KL divergence 17.477041244506836
(Save) Epoch: 33700 Total_Loss: 0.12111226469278336 with error 0.09374643862247467 KL divergence 27.365829467773438
(Save) Epoch: 33800 Total_Loss: 0.026526037603616714 with error 0.011301868595182896 KL divergence 15.224164009094238
(Save) Epoch: 30800 Total_Loss: 0.02143217995762825 with error 0.003907776437699795 KL divergence 17.52440071105957
(Save) Epoch: 33800 Total_Loss: 0.14598025381565094 with error 0.11893399804830551 KL divergence 27.046268463134766
(Save) Epoch: 33900 Total_Loss: 0.022218406200408936 with error 0.007021176163107157 KL divergence 15.197229385375977
(Save) Epoch: 30900 Total_Loss: 0.022085929289460182 with error 0.004634686280041933 KL divergence 17.451244354248047
(Save) Epoch: 33900 Total_Loss: 0.10907228291034698 with error 0.08136698603630066 KL divergence 27.705276489257812
(Print) Epoch: 34000 Total_Loss: 0.029558628797531128 with error 0.01402493380010128 KL divergence 15.533697128295898
(Save) Epoch: 34000 Total_Loss: 0.029558628797531128 with error 0.01402493380010128 KL divergence 15.533697128295898
(Print) Epoch: 31000 Total_Loss: 0.02284795604646206 with error 0.005567400716245174 KL divergence 17.28055191040039
(Save) Epoch: 31000 Total_Loss: 0.02284795604646206 with error 0.005567400716245174 KL divergence 17.28055191040039
(Print) Epoch: 34000 Total_Loss: 0.09068001806735992 with error 0.06289045512676239 KL divergence 27.78955078125
(Save) Epoch: 34000 Total_Loss: 0.09068001806735992 with error 0.06289045512676239 KL divergence 27.78955078125
(Save) Epoch: 34100 Total_Loss: 0.029645685106515884 with error 0.014088074676692486 KL divergence 15.557609558105469
(Save) Epoch: 31100 Total_Loss: 0.022262180224061012 with error 0.0044677844271063805 KL divergence 17.79439353942871
(Save) Epoch: 34100 Total_Loss: 0.09341344982385635 with error 0.0653086006641388 KL divergence 28.104839324951172
(Save) Epoch: 34200 Total_Loss: 0.027705645188689232 with error 0.012219792231917381 KL divergence 15.485855102539062
(Save) Epoch: 31200 Total_Loss: 0.025127481669187546 with error 0.007698236498981714 KL divergence 17.429244995117188
(Save) Epoch: 34200 Total_Loss: 0.0758497342467308 with error 0.04764863848686218 KL divergence 28.201091766357422
(Save) Epoch: 34300 Total_Loss: 0.03104494884610176 with error 0.015668105334043503 KL divergence 15.37684440612793
(Save) Epoch: 31300 Total_Loss: 0.021492421627044678 with error 0.003754395293071866 KL divergence 17.738025665283203
(Save) Epoch: 34300 Total_Loss: 0.09457646310329437 with error 0.06619350612163544 KL divergence 28.382953643798828
(Save) Epoch: 34400 Total_Loss: 0.02232600562274456 with error 0.006695655174553394 KL divergence 15.630351066589355
(Save) Epoch: 31400 Total_Loss: 0.021426375955343246 with error 0.003655534703284502 KL divergence 17.770841598510742
(Save) Epoch: 34400 Total_Loss: 0.07935233414173126 with error 0.050889186561107635 KL divergence 28.4631404876709
(Save) Epoch: 34500 Total_Loss: 0.02034996822476387 with error 0.004835359286516905 KL divergence 15.514608383178711
(Save) Epoch: 31500 Total_Loss: 0.02065165713429451 with error 0.003092558356001973 KL divergence 17.559097290039062
(Save) Epoch: 34500 Total_Loss: 0.062022946774959564 with error 0.03357522934675217 KL divergence 28.447717666625977
(Save) Epoch: 34600 Total_Loss: 0.024845845997333527 with error 0.009470595978200436 KL divergence 15.375249862670898
(Save) Epoch: 31600 Total_Loss: 0.022033382207155228 with error 0.004926123656332493 KL divergence 17.107257843017578
(Save) Epoch: 34600 Total_Loss: 0.056614987552165985 with error 0.028250539675354958 KL divergence 28.364450454711914
(Save) Epoch: 31700 Total_Loss: 0.02263640984892845 with error 0.004841465502977371 KL divergence 17.79494285583496
(Save) Epoch: 34700 Total_Loss: 0.01998371258378029 with error 0.004567893221974373 KL divergence 15.41581916809082
(Save) Epoch: 34700 Total_Loss: 0.08705713599920273 with error 0.05828035995364189 KL divergence 28.77676773071289
(Save) Epoch: 31800 Total_Loss: 0.02026994153857231 with error 0.0031458158046007156 KL divergence 17.12412452697754
(Save) Epoch: 34800 Total_Loss: 0.019753525033593178 with error 0.004116122145205736 KL divergence 15.637402534484863
(Save) Epoch: 34800 Total_Loss: 0.05886613577604294 with error 0.03011143207550049 KL divergence 28.754703521728516
(Save) Epoch: 31900 Total_Loss: 0.025640826672315598 with error 0.008246438577771187 KL divergence 17.394390106201172
(Save) Epoch: 34900 Total_Loss: 0.019513729959726334 with error 0.0040251584723591805 KL divergence 15.488571166992188
(Save) Epoch: 34900 Total_Loss: 0.055540651082992554 with error 0.026938509196043015 KL divergence 28.602142333984375
(Print) Epoch: 32000 Total_Loss: 0.02365318313241005 with error 0.005950699560344219 KL divergence 17.70248031616211
(Save) Epoch: 32000 Total_Loss: 0.02365318313241005 with error 0.005950699560344219 KL divergence 17.70248031616211
(Print) Epoch: 35000 Total_Loss: 0.01985696330666542 with error 0.00461405236274004 KL divergence 15.242907524108887
(Save) Epoch: 35000 Total_Loss: 0.01985696330666542 with error 0.00461405236274004 KL divergence 15.242907524108887
(Print) Epoch: 35000 Total_Loss: 0.04461843520402908 with error 0.016009148210287094 KL divergence 28.60927963256836
(Save) Epoch: 35000 Total_Loss: 0.04461843520402908 with error 0.016009148210287094 KL divergence 28.60927963256836
(Save) Epoch: 32100 Total_Loss: 0.02259964309632778 with error 0.004950482863932848 KL divergence 17.649160385131836
(Save) Epoch: 35100 Total_Loss: 0.020306598395109177 with error 0.004773830994963646 KL divergence 15.53276538848877
(Save) Epoch: 32200 Total_Loss: 0.024095283821225166 with error 0.006600997410714626 KL divergence 17.494281768798828
(Save) Epoch: 35100 Total_Loss: 0.05751438066363335 with error 0.028484320268034935 KL divergence 29.03005027770996
(Save) Epoch: 35200 Total_Loss: 0.01974848285317421 with error 0.004095717798918486 KL divergence 15.652766227722168
(Save) Epoch: 32300 Total_Loss: 0.020320717245340347 with error 0.002674994757398963 KL divergence 17.645721435546875
(Save) Epoch: 35200 Total_Loss: 0.050501056015491486 with error 0.021815259009599686 KL divergence 28.6857967376709
(Save) Epoch: 35300 Total_Loss: 0.023391641676425934 with error 0.00782749429345131 KL divergence 15.5641450881958
(Save) Epoch: 32400 Total_Loss: 0.02126113884150982 with error 0.0033825282007455826 KL divergence 17.878610610961914
(Save) Epoch: 35300 Total_Loss: 0.06827537715435028 with error 0.03957931324839592 KL divergence 28.696054458618164
(Save) Epoch: 35400 Total_Loss: 0.018020454794168472 with error 0.002822781214490533 KL divergence 15.197672843933105
(Save) Epoch: 32500 Total_Loss: 0.02268149144947529 with error 0.005089929327368736 KL divergence 17.59156036376953
(Save) Epoch: 35400 Total_Loss: 0.046619512140750885 with error 0.017817357555031776 KL divergence 28.80215072631836
(Save) Epoch: 35500 Total_Loss: 0.020773407071828842 with error 0.005418967921286821 KL divergence 15.354436874389648
(Save) Epoch: 32600 Total_Loss: 0.022435205057263374 with error 0.005152427591383457 KL divergence 17.28277587890625
(Save) Epoch: 35500 Total_Loss: 0.05498305708169937 with error 0.02633950673043728 KL divergence 28.6435546875
(Save) Epoch: 35600 Total_Loss: 0.02033367194235325 with error 0.0048525091260671616 KL divergence 15.481163024902344
(Save) Epoch: 32700 Total_Loss: 0.02281084842979908 with error 0.00529509736225009 KL divergence 17.515750885009766
(Save) Epoch: 35600 Total_Loss: 0.036710355430841446 with error 0.007579877972602844 KL divergence 29.130481719970703
(Save) Epoch: 35700 Total_Loss: 0.02004975639283657 with error 0.0047702728770673275 KL divergence 15.279484748840332
(Save) Epoch: 32800 Total_Loss: 0.021095549687743187 with error 0.003565325168892741 KL divergence 17.530223846435547
(Save) Epoch: 35700 Total_Loss: 0.037391819059848785 with error 0.008444841019809246 KL divergence 28.946979522705078
(Save) Epoch: 35800 Total_Loss: 0.02447907254099846 with error 0.008805831894278526 KL divergence 15.673238754272461
(Save) Epoch: 32900 Total_Loss: 0.023525923490524292 with error 0.006219413131475449 KL divergence 17.306507110595703
(Save) Epoch: 35800 Total_Loss: 0.03803936392068863 with error 0.009048506617546082 KL divergence 28.990856170654297
(Save) Epoch: 35900 Total_Loss: 0.020808588713407516 with error 0.005415030755102634 KL divergence 15.393556594848633
(Print) Epoch: 33000 Total_Loss: 0.022877398878335953 with error 0.005534720607101917 KL divergence 17.34267807006836
(Save) Epoch: 33000 Total_Loss: 0.022877398878335953 with error 0.005534720607101917 KL divergence 17.34267807006836
(Save) Epoch: 35900 Total_Loss: 0.05023524910211563 with error 0.02158324234187603 KL divergence 28.652002334594727
(Print) Epoch: 36000 Total_Loss: 0.027063559740781784 with error 0.011431744322180748 KL divergence 15.631818771362305
(Save) Epoch: 36000 Total_Loss: 0.027063559740781784 with error 0.011431744322180748 KL divergence 15.631818771362305
(Save) Epoch: 33100 Total_Loss: 0.04831439256668091 with error 0.030888933688402176 KL divergence 17.425458908081055
(Print) Epoch: 36000 Total_Loss: 0.04169157147407532 with error 0.012831991538405418 KL divergence 28.85957908630371
(Save) Epoch: 36000 Total_Loss: 0.04169157147407532 with error 0.012831991538405418 KL divergence 28.85957908630371
(Save) Epoch: 36100 Total_Loss: 0.018971994519233704 with error 0.003699780208989978 KL divergence 15.272212028503418
(Save) Epoch: 33200 Total_Loss: 0.024405110627412796 with error 0.006823830306529999 KL divergence 17.581279754638672
(Save) Epoch: 36100 Total_Loss: 0.049107134342193604 with error 0.020278189331293106 KL divergence 28.828948974609375
(Save) Epoch: 36200 Total_Loss: 0.01927630417048931 with error 0.0040941499173641205 KL divergence 15.182153701782227
(Save) Epoch: 33300 Total_Loss: 0.02212539128959179 with error 0.0048461053520441055 KL divergence 17.279285430908203
(Save) Epoch: 36200 Total_Loss: 0.039163850247859955 with error 0.010288179852068424 KL divergence 28.87566566467285
(Save) Epoch: 33400 Total_Loss: 0.02140805311501026 with error 0.0039467462338507175 KL divergence 17.461307525634766
(Save) Epoch: 36300 Total_Loss: 0.020595261827111244 with error 0.005208393093198538 KL divergence 15.386866569519043
(Save) Epoch: 33500 Total_Loss: 0.023075608536601067 with error 0.0059060524217784405 KL divergence 17.1695556640625
(Save) Epoch: 36400 Total_Loss: 0.026110511273145676 with error 0.010671143420040607 KL divergence 15.439364433288574
(Save) Epoch: 36300 Total_Loss: 0.04376574605703354 with error 0.015150276012718678 KL divergence 28.615467071533203
(Save) Epoch: 33600 Total_Loss: 0.0239297766238451 with error 0.006277026142925024 KL divergence 17.652748107910156
(Save) Epoch: 36500 Total_Loss: 0.02230016700923443 with error 0.0068892850540578365 KL divergence 15.41088581085205
(Save) Epoch: 36400 Total_Loss: 0.04707884043455124 with error 0.018419552594423294 KL divergence 28.659290313720703
(Save) Epoch: 33700 Total_Loss: 0.022077390924096107 with error 0.004175297915935516 KL divergence 17.90209197998047
(Save) Epoch: 36600 Total_Loss: 0.01948549970984459 with error 0.00440370524302125 KL divergence 15.081794738769531
(Save) Epoch: 36500 Total_Loss: 0.038595423102378845 with error 0.010019037872552872 KL divergence 28.576379776000977
(Save) Epoch: 33800 Total_Loss: 0.02015633136034012 with error 0.003051863284781575 KL divergence 17.104469299316406
(Save) Epoch: 36700 Total_Loss: 0.04369843378663063 with error 0.028074558824300766 KL divergence 15.623872756958008
(Save) Epoch: 36600 Total_Loss: 0.055753063410520554 with error 0.027188455685973167 KL divergence 28.564611434936523
(Save) Epoch: 33900 Total_Loss: 0.022045543417334557 with error 0.004805979784578085 KL divergence 17.23956298828125
(Save) Epoch: 36800 Total_Loss: 0.021980656310915947 with error 0.0067122019827365875 KL divergence 15.268450736999512
(Save) Epoch: 36700 Total_Loss: 0.059335410594940186 with error 0.030651818960905075 KL divergence 28.683589935302734
(Print) Epoch: 34000 Total_Loss: 0.02040788345038891 with error 0.002519324654713273 KL divergence 17.888561248779297
(Save) Epoch: 34000 Total_Loss: 0.02040788345038891 with error 0.002519324654713273 KL divergence 17.888561248779297
(Save) Epoch: 36900 Total_Loss: 0.020449945703148842 with error 0.005437652114778757 KL divergence 15.012290954589844
(Save) Epoch: 36800 Total_Loss: 0.044091083109378815 with error 0.015516215935349464 KL divergence 28.57486915588379
(Save) Epoch: 34100 Total_Loss: 0.02112923003733158 with error 0.0034931085538119078 KL divergence 17.636119842529297
(Print) Epoch: 37000 Total_Loss: 0.01971970871090889 with error 0.004314081277698278 KL divergence 15.405627250671387
(Save) Epoch: 37000 Total_Loss: 0.01971970871090889 with error 0.004314081277698278 KL divergence 15.405627250671387
(Save) Epoch: 36900 Total_Loss: 0.04481101408600807 with error 0.016192248091101646 KL divergence 28.618762969970703
(Save) Epoch: 34200 Total_Loss: 0.01975882425904274 with error 0.00248865713365376 KL divergence 17.270166397094727
(Save) Epoch: 37100 Total_Loss: 0.020140741020441055 with error 0.005025244317948818 KL divergence 15.115496635437012
(Print) Epoch: 37000 Total_Loss: 0.03678509220480919 with error 0.008305207826197147 KL divergence 28.479883193969727
(Save) Epoch: 37000 Total_Loss: 0.03678509220480919 with error 0.008305207826197147 KL divergence 28.479883193969727
(Save) Epoch: 34300 Total_Loss: 0.021278303116559982 with error 0.0034682925324887037 KL divergence 17.81001091003418
(Save) Epoch: 37200 Total_Loss: 0.03248634934425354 with error 0.017030302435159683 KL divergence 15.456045150756836
(Save) Epoch: 37100 Total_Loss: 0.043034449219703674 with error 0.01458613108843565 KL divergence 28.448314666748047
(Save) Epoch: 34400 Total_Loss: 0.02097846195101738 with error 0.003850680310279131 KL divergence 17.127779006958008
(Save) Epoch: 37300 Total_Loss: 0.02501419186592102 with error 0.00963885523378849 KL divergence 15.375337600708008
(Save) Epoch: 37200 Total_Loss: 0.04061173275113106 with error 0.012109629809856415 KL divergence 28.50210189819336
(Save) Epoch: 34500 Total_Loss: 0.023780062794685364 with error 0.006606223527342081 KL divergence 17.17383575439453
(Save) Epoch: 37400 Total_Loss: 0.018410634249448776 with error 0.003382811788469553 KL divergence 15.02782154083252
(Save) Epoch: 37300 Total_Loss: 0.03999078646302223 with error 0.01154780387878418 KL divergence 28.442977905273438
(Save) Epoch: 34600 Total_Loss: 0.020251285284757614 with error 0.002667394932359457 KL divergence 17.583890914916992
(Save) Epoch: 37500 Total_Loss: 0.021096767857670784 with error 0.00584522495046258 KL divergence 15.251543998718262
(Save) Epoch: 37400 Total_Loss: 0.04242171347141266 with error 0.014035435393452644 KL divergence 28.386276245117188
(Save) Epoch: 34700 Total_Loss: 0.020572319626808167 with error 0.003444214817136526 KL divergence 17.128103256225586
(Save) Epoch: 37600 Total_Loss: 0.019554855301976204 with error 0.004383588209748268 KL divergence 15.17126750946045
(Save) Epoch: 37500 Total_Loss: 0.04380233958363533 with error 0.015325793996453285 KL divergence 28.476543426513672
(Save) Epoch: 34800 Total_Loss: 0.021017681807279587 with error 0.0036852217745035887 KL divergence 17.332460403442383
(Save) Epoch: 37700 Total_Loss: 0.023895997554063797 with error 0.008627695962786674 KL divergence 15.26830005645752
(Save) Epoch: 37600 Total_Loss: 0.033950839191675186 with error 0.00560869462788105 KL divergence 28.34214210510254
(Save) Epoch: 34900 Total_Loss: 0.021699141710996628 with error 0.00457744998857379 KL divergence 17.121692657470703
(Save) Epoch: 37800 Total_Loss: 0.020211104303598404 with error 0.0049974350258708 KL divergence 15.21367073059082
(Save) Epoch: 37700 Total_Loss: 0.037923142313957214 with error 0.009588897228240967 KL divergence 28.334243774414062
(Print) Epoch: 35000 Total_Loss: 0.02250564470887184 with error 0.005561952944844961 KL divergence 16.943689346313477
(Save) Epoch: 35000 Total_Loss: 0.02250564470887184 with error 0.005561952944844961 KL divergence 16.943689346313477
(Save) Epoch: 37900 Total_Loss: 0.023291172459721565 with error 0.008196909911930561 KL divergence 15.094263076782227
(Save) Epoch: 37800 Total_Loss: 0.0372733399271965 with error 0.0088680824264884 KL divergence 28.405258178710938
(Save) Epoch: 35100 Total_Loss: 0.02190353162586689 with error 0.004333065822720528 KL divergence 17.570463180541992
(Print) Epoch: 38000 Total_Loss: 0.019947748631238937 with error 0.004894871264696121 KL divergence 15.052877426147461
(Save) Epoch: 38000 Total_Loss: 0.019947748631238937 with error 0.004894871264696121 KL divergence 15.052877426147461
(Save) Epoch: 37900 Total_Loss: 0.0367623008787632 with error 0.008532725274562836 KL divergence 28.22957420349121
(Save) Epoch: 35200 Total_Loss: 0.02371704950928688 with error 0.0063203200697898865 KL divergence 17.396732330322266
(Save) Epoch: 38100 Total_Loss: 0.018427090719342232 with error 0.0033204432111233473 KL divergence 15.106646537780762
(Print) Epoch: 38000 Total_Loss: 0.03842468559741974 with error 0.010015448555350304 KL divergence 28.409231185913086
(Save) Epoch: 38000 Total_Loss: 0.03842468559741974 with error 0.010015448555350304 KL divergence 28.409231185913086
(Save) Epoch: 35300 Total_Loss: 0.020309459418058395 with error 0.003123363945633173 KL divergence 17.186094284057617
(Save) Epoch: 38200 Total_Loss: 0.026583964005112648 with error 0.01168274786323309 KL divergence 14.901214599609375
(Save) Epoch: 38100 Total_Loss: 0.04046554118394852 with error 0.012285401113331318 KL divergence 28.180133819580078
(Save) Epoch: 35400 Total_Loss: 0.021108800545334816 with error 0.003622771007940173 KL divergence 17.48602867126465
(Save) Epoch: 38300 Total_Loss: 0.018581969663500786 with error 0.0039001822005957365 KL divergence 14.681785583496094
(Save) Epoch: 35500 Total_Loss: 0.022922726348042488 with error 0.005984148941934109 KL divergence 16.93857765197754
(Save) Epoch: 38200 Total_Loss: 0.03567246347665787 with error 0.007390505168586969 KL divergence 28.281951904296875
(Save) Epoch: 38400 Total_Loss: 0.019881397485733032 with error 0.0050502619706094265 KL divergence 14.831133842468262
(Save) Epoch: 35600 Total_Loss: 0.021339746192097664 with error 0.004245450254529715 KL divergence 17.094295501708984
(Save) Epoch: 38300 Total_Loss: 0.03271115943789482 with error 0.0043863398022949696 KL divergence 28.324817657470703
(Save) Epoch: 35700 Total_Loss: 0.020697006955742836 with error 0.0034241590183228254 KL divergence 17.272846221923828
(Save) Epoch: 38500 Total_Loss: 0.020696833729743958 with error 0.005217236466705799 KL divergence 15.479596138000488
(Save) Epoch: 38400 Total_Loss: 0.04064478352665901 with error 0.012508811429142952 KL divergence 28.135967254638672
(Save) Epoch: 35800 Total_Loss: 0.032018255442380905 with error 0.01516241580247879 KL divergence 16.855838775634766
(Save) Epoch: 38600 Total_Loss: 0.020123977214097977 with error 0.005145472474396229 KL divergence 14.978503227233887
(Save) Epoch: 38500 Total_Loss: 0.03549579903483391 with error 0.0072944872081279755 KL divergence 28.201318740844727
(Save) Epoch: 35900 Total_Loss: 0.02146289125084877 with error 0.00419985968619585 KL divergence 17.263031005859375
(Save) Epoch: 38700 Total_Loss: 0.020339032635092735 with error 0.0050647021271288395 KL divergence 15.274330139160156
(Save) Epoch: 38600 Total_Loss: 0.036449696868658066 with error 0.008262412622570992 KL divergence 28.18728256225586
(Print) Epoch: 36000 Total_Loss: 0.021763473749160767 with error 0.0045883688144385815 KL divergence 17.175106048583984
(Save) Epoch: 36000 Total_Loss: 0.021763473749160767 with error 0.0045883688144385815 KL divergence 17.175106048583984
(Save) Epoch: 38800 Total_Loss: 0.02119862101972103 with error 0.006353218108415604 KL divergence 14.845403671264648
(Save) Epoch: 38700 Total_Loss: 0.054574720561504364 with error 0.026603061705827713 KL divergence 27.971660614013672
(Save) Epoch: 36100 Total_Loss: 0.021609706804156303 with error 0.004206736106425524 KL divergence 17.402969360351562
(Save) Epoch: 38900 Total_Loss: 0.027309775352478027 with error 0.01219926867634058 KL divergence 15.110507011413574
(Save) Epoch: 38800 Total_Loss: 0.0329379066824913 with error 0.005059383809566498 KL divergence 27.878520965576172
(Save) Epoch: 36200 Total_Loss: 0.021071553230285645 with error 0.0038066983688622713 KL divergence 17.26485252380371
(Print) Epoch: 39000 Total_Loss: 0.01846562698483467 with error 0.0035455883480608463 KL divergence 14.920039176940918
(Save) Epoch: 39000 Total_Loss: 0.01846562698483467 with error 0.0035455883480608463 KL divergence 14.920039176940918
(Save) Epoch: 38900 Total_Loss: 0.03833025321364403 with error 0.010311904363334179 KL divergence 28.01835060119629
(Save) Epoch: 36300 Total_Loss: 0.021075177937746048 with error 0.0041594007052481174 KL divergence 16.915775299072266
(Save) Epoch: 39100 Total_Loss: 0.017708253115415573 with error 0.0029541184194386005 KL divergence 14.754133224487305
(Print) Epoch: 39000 Total_Loss: 0.04309451952576637 with error 0.015169285237789154 KL divergence 27.925235748291016
(Save) Epoch: 39000 Total_Loss: 0.04309451952576637 with error 0.015169285237789154 KL divergence 27.925235748291016
(Save) Epoch: 36400 Total_Loss: 0.019674330949783325 with error 0.0025574415922164917 KL divergence 17.11688995361328
(Save) Epoch: 39200 Total_Loss: 0.022811351343989372 with error 0.007828673347830772 KL divergence 14.98267936706543
(Save) Epoch: 39100 Total_Loss: 0.03263680636882782 with error 0.0045565213076770306 KL divergence 28.08028221130371
(Save) Epoch: 36500 Total_Loss: 0.023425785824656487 with error 0.005882118828594685 KL divergence 17.543668746948242
(Save) Epoch: 39300 Total_Loss: 0.017949599772691727 with error 0.0030546498019248247 KL divergence 14.894948959350586
(Save) Epoch: 39200 Total_Loss: 0.05545393377542496 with error 0.027367329224944115 KL divergence 28.08660316467285
(Save) Epoch: 36600 Total_Loss: 0.0285500381141901 with error 0.011907284148037434 KL divergence 16.64275360107422
(Save) Epoch: 39400 Total_Loss: 0.01866110973060131 with error 0.0034491545520722866 KL divergence 15.211954116821289
(Save) Epoch: 36700 Total_Loss: 0.025999778881669044 with error 0.009189266711473465 KL divergence 16.81051254272461
(Save) Epoch: 39300 Total_Loss: 0.034699372947216034 with error 0.0067506409250199795 KL divergence 27.94873046875
(Save) Epoch: 39500 Total_Loss: 0.020361384376883507 with error 0.004840023349970579 KL divergence 15.5213623046875
(Save) Epoch: 36800 Total_Loss: 0.02263670414686203 with error 0.005229274742305279 KL divergence 17.407428741455078
(Save) Epoch: 39400 Total_Loss: 0.03181154280900955 with error 0.0035693428944796324 KL divergence 28.242202758789062
(Save) Epoch: 39600 Total_Loss: 0.02048370987176895 with error 0.005713941995054483 KL divergence 14.769765853881836
(Save) Epoch: 36900 Total_Loss: 0.020094692707061768 with error 0.002870474476367235 KL divergence 17.22421646118164
(Save) Epoch: 39500 Total_Loss: 0.0335305817425251 with error 0.005399296525865793 KL divergence 28.13128089904785
(Save) Epoch: 39700 Total_Loss: 0.020143108442425728 with error 0.00454870518296957 KL divergence 15.594400405883789
(Print) Epoch: 37000 Total_Loss: 0.024981196969747543 with error 0.007938680239021778 KL divergence 17.04251480102539
(Save) Epoch: 37000 Total_Loss: 0.024981196969747543 with error 0.007938680239021778 KL divergence 17.04251480102539
(Save) Epoch: 39600 Total_Loss: 0.03520635515451431 with error 0.007396017666906118 KL divergence 27.810333251953125
(Save) Epoch: 39800 Total_Loss: 0.0218103788793087 with error 0.006549312733113766 KL divergence 15.261067390441895
(Save) Epoch: 37100 Total_Loss: 0.02172369696199894 with error 0.005289376247674227 KL divergence 16.434316635131836
(Save) Epoch: 39700 Total_Loss: 0.03425460308790207 with error 0.006241881288588047 KL divergence 28.012720108032227
(Save) Epoch: 39900 Total_Loss: 0.019038870930671692 with error 0.0045339628122746944 KL divergence 14.504907608032227
(Save) Epoch: 37200 Total_Loss: 0.0283773485571146 with error 0.011369573883712292 KL divergence 17.007770538330078
(Save) Epoch: 39800 Total_Loss: 0.03269506245851517 with error 0.004638669081032276 KL divergence 28.0563907623291
(Print) Epoch: 40000 Total_Loss: 0.02460610307753086 with error 0.009140333160758018 KL divergence 15.465766906738281
(Save) Epoch: 40000 Total_Loss: 0.02460610307753086 with error 0.009140333160758018 KL divergence 15.465766906738281
(Save) Epoch: 37300 Total_Loss: 0.02028387226164341 with error 0.0033496669493615627 KL divergence 16.9342041015625
(Save) Epoch: 39900 Total_Loss: 0.03499632701277733 with error 0.007217297796159983 KL divergence 27.779027938842773
(Save) Epoch: 40100 Total_Loss: 0.0257976446300745 with error 0.011023423634469509 KL divergence 14.77422046661377
(Save) Epoch: 37400 Total_Loss: 0.021079108119010925 with error 0.0043431357480585575 KL divergence 16.735971450805664
(Print) Epoch: 40000 Total_Loss: 0.03303002566099167 with error 0.005013572983443737 KL divergence 28.016454696655273
(Save) Epoch: 40000 Total_Loss: 0.03303002566099167 with error 0.005013572983443737 KL divergence 28.016454696655273
(Save) Epoch: 40200 Total_Loss: 0.021179644390940666 with error 0.005089371465146542 KL divergence 16.090274810791016
(Save) Epoch: 37500 Total_Loss: 0.020274195820093155 with error 0.003032703185454011 KL divergence 17.241491317749023
(Save) Epoch: 40100 Total_Loss: 0.03290078788995743 with error 0.005017715040594339 KL divergence 27.883071899414062
(Save) Epoch: 37600 Total_Loss: 0.028762569651007652 with error 0.011484880931675434 KL divergence 17.277685165405273
(Save) Epoch: 40300 Total_Loss: 0.017805522307753563 with error 0.0025119036436080933 KL divergence 15.293619155883789
(Save) Epoch: 40200 Total_Loss: 0.03658592700958252 with error 0.008818334899842739 KL divergence 27.767587661743164
(Save) Epoch: 37700 Total_Loss: 0.01988360658288002 with error 0.0034272007178515196 KL divergence 16.456405639648438
(Save) Epoch: 40400 Total_Loss: 0.017734337598085403 with error 0.002956551034003496 KL divergence 14.777783393859863
(Save) Epoch: 40300 Total_Loss: 0.03218058496713638 with error 0.004350512288510799 KL divergence 27.830066680908203
(Save) Epoch: 37800 Total_Loss: 0.02367919310927391 with error 0.006566147319972515 KL divergence 17.11304473876953
(Save) Epoch: 40500 Total_Loss: 0.017891433089971542 with error 0.0030383362900465727 KL divergence 14.853096008300781
(Save) Epoch: 40400 Total_Loss: 0.049276433885097504 with error 0.02151915803551674 KL divergence 27.757266998291016
(Save) Epoch: 37900 Total_Loss: 0.025296708568930626 with error 0.008585584349930286 KL divergence 16.711124420166016
(Save) Epoch: 40600 Total_Loss: 0.017921825870871544 with error 0.002951571485027671 KL divergence 14.970255851745605
(Print) Epoch: 38000 Total_Loss: 0.020723724737763405 with error 0.004213889129459858 KL divergence 16.509836196899414
(Save) Epoch: 38000 Total_Loss: 0.020723724737763405 with error 0.004213889129459858 KL divergence 16.509836196899414
(Save) Epoch: 40500 Total_Loss: 0.04876597225666046 with error 0.02088937722146511 KL divergence 27.876598358154297
(Save) Epoch: 40700 Total_Loss: 0.019345533102750778 with error 0.004840192850679159 KL divergence 14.505343437194824
(Save) Epoch: 38100 Total_Loss: 0.01946323551237583 with error 0.0022139244247227907 KL divergence 17.249309539794922
(Save) Epoch: 40600 Total_Loss: 0.03330777585506439 with error 0.00553702050819993 KL divergence 27.770751953125
(Save) Epoch: 40800 Total_Loss: 0.01946309022605419 with error 0.004834599327296019 KL divergence 14.62848949432373
(Save) Epoch: 38200 Total_Loss: 0.02001713588833809 with error 0.0028244478162378073 KL divergence 17.192684173583984
(Save) Epoch: 40700 Total_Loss: 0.03361361846327782 with error 0.005746787413954735 KL divergence 27.8668270111084
(Save) Epoch: 40900 Total_Loss: 0.018378518521785736 with error 0.003669146914035082 KL divergence 14.709368705749512
(Save) Epoch: 38300 Total_Loss: 0.05581791326403618 with error 0.03882434591650963 KL divergence 16.99356460571289
(Save) Epoch: 40800 Total_Loss: 0.031891170889139175 with error 0.00407528318464756 KL divergence 27.81588363647461
(Print) Epoch: 41000 Total_Loss: 0.019401321187615395 with error 0.004210472572594881 KL divergence 15.190847396850586
(Save) Epoch: 41000 Total_Loss: 0.019401321187615395 with error 0.004210472572594881 KL divergence 15.190847396850586
(Save) Epoch: 38400 Total_Loss: 0.020695772022008896 with error 0.003720621345564723 KL divergence 16.975147247314453
(Save) Epoch: 40900 Total_Loss: 0.03264707699418068 with error 0.004688490182161331 KL divergence 27.95858383178711
(Save) Epoch: 41100 Total_Loss: 0.021729400381445885 with error 0.006768363062292337 KL divergence 14.961038589477539
(Save) Epoch: 38500 Total_Loss: 0.02095487341284752 with error 0.003947872668504715 KL divergence 17.007003784179688
(Print) Epoch: 41000 Total_Loss: 0.05101779103279114 with error 0.023428726941347122 KL divergence 27.58907127380371
(Save) Epoch: 41000 Total_Loss: 0.05101779103279114 with error 0.023428726941347122 KL divergence 27.58907127380371
(Save) Epoch: 41200 Total_Loss: 0.017882201820611954 with error 0.0031792614609003067 KL divergence 14.70294189453125
(Save) Epoch: 38600 Total_Loss: 0.01972103677690029 with error 0.0024577032309025526 KL divergence 17.26333236694336
(Save) Epoch: 41100 Total_Loss: 0.033885713666677475 with error 0.006065964233130217 KL divergence 27.819747924804688
(Save) Epoch: 41300 Total_Loss: 0.01923203095793724 with error 0.003851515706628561 KL divergence 15.380516052246094
(Save) Epoch: 38700 Total_Loss: 0.020506039261817932 with error 0.004086708649992943 KL divergence 16.419330596923828
(Save) Epoch: 41200 Total_Loss: 0.04200267046689987 with error 0.0145109873265028 KL divergence 27.491680145263672
(Save) Epoch: 41400 Total_Loss: 0.019292205572128296 with error 0.004212754778563976 KL divergence 15.079452514648438
(Save) Epoch: 38800 Total_Loss: 0.024365101009607315 with error 0.007580938749015331 KL divergence 16.78415870666504
(Save) Epoch: 41300 Total_Loss: 0.03249361738562584 with error 0.00490333279594779 KL divergence 27.590286254882812
(Save) Epoch: 41500 Total_Loss: 0.01832020841538906 with error 0.00369776482693851 KL divergence 14.622444152832031
(Save) Epoch: 38900 Total_Loss: 0.0218961201608181 with error 0.00478835916146636 KL divergence 17.10776138305664
(Save) Epoch: 41400 Total_Loss: 0.03490717336535454 with error 0.007214856334030628 KL divergence 27.692310333251953
(Print) Epoch: 39000 Total_Loss: 0.02042170986533165 with error 0.0033545750193297863 KL divergence 17.067138671875
(Save) Epoch: 39000 Total_Loss: 0.02042170986533165 with error 0.0033545750193297863 KL divergence 17.067138671875
(Save) Epoch: 41600 Total_Loss: 0.020047923550009727 with error 0.005136015359312296 KL divergence 14.911908149719238
(Save) Epoch: 39100 Total_Loss: 0.021596232429146767 with error 0.004315527155995369 KL divergence 17.280704498291016
(Save) Epoch: 41700 Total_Loss: 0.019235070794820786 with error 0.004679580684751272 KL divergence 14.555490493774414
(Save) Epoch: 41500 Total_Loss: 0.03835879638791084 with error 0.010582578368484974 KL divergence 27.776214599609375
(Save) Epoch: 39200 Total_Loss: 0.029230978339910507 with error 0.01197761483490467 KL divergence 17.253366470336914
(Save) Epoch: 41600 Total_Loss: 0.03642880171537399 with error 0.00878112018108368 KL divergence 27.647674560546875
(Save) Epoch: 41800 Total_Loss: 0.08150554448366165 with error 0.0670316070318222 KL divergence 14.473933219909668
(Save) Epoch: 39300 Total_Loss: 0.019921697676181793 with error 0.003270766232162714 KL divergence 16.650928497314453
(Save) Epoch: 41700 Total_Loss: 0.03749039024114609 with error 0.00973302498459816 KL divergence 27.757366180419922
(Save) Epoch: 41900 Total_Loss: 0.0197659470140934 with error 0.004967569373548031 KL divergence 14.798376083374023
(Save) Epoch: 39400 Total_Loss: 0.02039453573524952 with error 0.003652255516499281 KL divergence 16.742277145385742
(Save) Epoch: 41800 Total_Loss: 0.033537279814481735 with error 0.0057849944569170475 KL divergence 27.75228500366211
(Print) Epoch: 42000 Total_Loss: 0.018221328034996986 with error 0.003104057628661394 KL divergence 15.117268562316895
(Save) Epoch: 42000 Total_Loss: 0.018221328034996986 with error 0.003104057628661394 KL divergence 15.117268562316895
(Save) Epoch: 39500 Total_Loss: 0.019671939313411713 with error 0.0027375395875424147 KL divergence 16.93440055847168
(Save) Epoch: 41900 Total_Loss: 0.04090393707156181 with error 0.013215090148150921 KL divergence 27.6888427734375
(Save) Epoch: 42100 Total_Loss: 0.018176022917032242 with error 0.0028409124352037907 KL divergence 15.335107803344727
(Save) Epoch: 39600 Total_Loss: 0.020672043785452843 with error 0.0032167420722544193 KL divergence 17.455299377441406
(Print) Epoch: 42000 Total_Loss: 0.0383525975048542 with error 0.010557625442743301 KL divergence 27.794971466064453
(Save) Epoch: 42000 Total_Loss: 0.0383525975048542 with error 0.010557625442743301 KL divergence 27.794971466064453
(Save) Epoch: 42200 Total_Loss: 0.018276948481798172 with error 0.0034661819227039814 KL divergence 14.810768127441406
(Save) Epoch: 39700 Total_Loss: 0.021026309579610825 with error 0.004035607445985079 KL divergence 16.990703582763672
(Save) Epoch: 42100 Total_Loss: 0.032455924898386 with error 0.004975586198270321 KL divergence 27.480337142944336
(Save) Epoch: 42300 Total_Loss: 0.020897995680570602 with error 0.006323743611574173 KL divergence 14.574251174926758
(Save) Epoch: 39800 Total_Loss: 0.02591264247894287 with error 0.008641811087727547 KL divergence 17.270832061767578
(Save) Epoch: 42200 Total_Loss: 0.03377334028482437 with error 0.00614223163574934 KL divergence 27.631103515625
(Save) Epoch: 42400 Total_Loss: 0.019060667604207993 with error 0.004211210645735264 KL divergence 14.849456787109375
(Save) Epoch: 39900 Total_Loss: 0.023853879421949387 with error 0.006422653794288635 KL divergence 17.43122100830078
(Save) Epoch: 42500 Total_Loss: 0.017554443329572678 with error 0.002889531897380948 KL divergence 14.664909362792969
(Save) Epoch: 42300 Total_Loss: 0.04829131439328194 with error 0.020875807851552963 KL divergence 27.415502548217773
(Print) Epoch: 40000 Total_Loss: 0.019392553716897964 with error 0.002441199030727148 KL divergence 16.95135498046875
(Save) Epoch: 40000 Total_Loss: 0.019392553716897964 with error 0.002441199030727148 KL divergence 16.95135498046875
(Save) Epoch: 42600 Total_Loss: 0.017803702503442764 with error 0.00331691512838006 KL divergence 14.486788749694824
(Save) Epoch: 40100 Total_Loss: 0.01872244104743004 with error 0.002124850172549486 KL divergence 16.597591400146484
(Save) Epoch: 42400 Total_Loss: 0.03077421709895134 with error 0.00327663985081017 KL divergence 27.497573852539062
(Save) Epoch: 40200 Total_Loss: 0.019868744537234306 with error 0.0033702272921800613 KL divergence 16.49851417541504
(Save) Epoch: 42700 Total_Loss: 0.018964523449540138 with error 0.004537457600235939 KL divergence 14.427064895629883
(Save) Epoch: 42500 Total_Loss: 0.030627574771642685 with error 0.002922927960753441 KL divergence 27.704647064208984
(Save) Epoch: 40300 Total_Loss: 0.019879963248968124 with error 0.002879159990698099 KL divergence 17.00080108642578
(Save) Epoch: 42800 Total_Loss: 0.03652474284172058 with error 0.02206898108124733 KL divergence 14.455767631530762
(Save) Epoch: 42600 Total_Loss: 0.04813356325030327 with error 0.020446989685297012 KL divergence 27.686573028564453
(Save) Epoch: 40400 Total_Loss: 0.022827260196208954 with error 0.00614676158875227 KL divergence 16.680500030517578
(Save) Epoch: 42900 Total_Loss: 0.018658356741070747 with error 0.0037040808238089085 KL divergence 14.954275131225586
(Save) Epoch: 42700 Total_Loss: 0.03988264128565788 with error 0.012090245261788368 KL divergence 27.79239845275879
(Save) Epoch: 40500 Total_Loss: 0.035561129450798035 with error 0.01878335513174534 KL divergence 16.777774810791016
(Print) Epoch: 43000 Total_Loss: 0.018408332020044327 with error 0.002966143423691392 KL divergence 15.44218635559082
(Save) Epoch: 43000 Total_Loss: 0.018408332020044327 with error 0.002966143423691392 KL divergence 15.44218635559082
(Save) Epoch: 42800 Total_Loss: 0.033753737807273865 with error 0.00629036221653223 KL divergence 27.46337890625
(Save) Epoch: 40600 Total_Loss: 0.020177088677883148 with error 0.003268830943852663 KL divergence 16.90825653076172
(Save) Epoch: 43100 Total_Loss: 0.018564846366643906 with error 0.003688670229166746 KL divergence 14.876176834106445
(Save) Epoch: 42900 Total_Loss: 0.040861401706933975 with error 0.0136089026927948 KL divergence 27.25249671936035
(Save) Epoch: 40700 Total_Loss: 0.020745180547237396 with error 0.003867323277518153 KL divergence 16.877857208251953
(Save) Epoch: 43200 Total_Loss: 0.018070224672555923 with error 0.003329648170620203 KL divergence 14.740574836730957
(Print) Epoch: 43000 Total_Loss: 0.03137926757335663 with error 0.0037225063424557447 KL divergence 27.65675926208496
(Save) Epoch: 43000 Total_Loss: 0.03137926757335663 with error 0.0037225063424557447 KL divergence 27.65675926208496
(Save) Epoch: 40800 Total_Loss: 0.021372925490140915 with error 0.004498994443565607 KL divergence 16.873931884765625
(Save) Epoch: 43300 Total_Loss: 0.01755727455019951 with error 0.003022110555320978 KL divergence 14.535163879394531
(Save) Epoch: 43100 Total_Loss: 0.033698566257953644 with error 0.0060660140588879585 KL divergence 27.632553100585938
(Save) Epoch: 40900 Total_Loss: 0.022201165556907654 with error 0.005714061204344034 KL divergence 16.48710060119629
(Save) Epoch: 43400 Total_Loss: 0.018533648923039436 with error 0.0033840842079371214 KL divergence 15.149563789367676
(Save) Epoch: 43200 Total_Loss: 0.03140074759721756 with error 0.003875818569213152 KL divergence 27.524927139282227
(Print) Epoch: 41000 Total_Loss: 0.02899659052491188 with error 0.011924169957637787 KL divergence 17.07242202758789
(Save) Epoch: 41000 Total_Loss: 0.02899659052491188 with error 0.011924169957637787 KL divergence 17.07242202758789
