use_cuda = False, num_devices = 4, num_processes = 4
Initialized without checkpointing
load from checkpoint
Initialized without checkpointing
load from checkpoint
Initialized without checkpointing
load from checkpoint
Starting to train
Launch training of model 0 on process 17552
Starting training from epoch  50100
Starting to train
Launch training of model 1 on process 17551
Starting training from epoch  47900
Starting to train
Launch training of model 2 on process 17549
Starting training from epoch  50300
(Save) Epoch: 50100 Total_Loss: 0.29862362146377563 with error 0.28225237131118774 KL divergence 16.371274948120117
(Save) Epoch: 47900 Total_Loss: 0.029145797714591026 with error 0.013570040464401245 KL divergence 15.575757026672363
(Save) Epoch: 50300 Total_Loss: 0.3422943651676178 with error 0.31708353757858276 KL divergence 25.210853576660156
(Save) Epoch: 50400 Total_Loss: 0.1116495281457901 with error 0.086605004966259 KL divergence 25.044504165649414
(Save) Epoch: 50200 Total_Loss: 0.04670499637722969 with error 0.03130973130464554 KL divergence 15.39526653289795
(Print) Epoch: 48000 Total_Loss: 0.023922715336084366 with error 0.008652612566947937 KL divergence 15.270098686218262
(Save) Epoch: 48000 Total_Loss: 0.023922715336084366 with error 0.008652612566947937 KL divergence 15.270098686218262
(Save) Epoch: 50500 Total_Loss: 0.11156287044286728 with error 0.08651740103960037 KL divergence 25.04546546936035
(Save) Epoch: 48100 Total_Loss: 0.020508546382188797 with error 0.005346439778804779 KL divergence 15.16210651397705
(Save) Epoch: 50300 Total_Loss: 0.03823477774858475 with error 0.02212006412446499 KL divergence 16.114707946777344
(Save) Epoch: 50600 Total_Loss: 0.07238563150167465 with error 0.04671762138605118 KL divergence 25.668010711669922
(Save) Epoch: 48200 Total_Loss: 0.021011941134929657 with error 0.005443292669951916 KL divergence 15.568647384643555
(Save) Epoch: 50400 Total_Loss: 0.02255447581410408 with error 0.00667972769588232 KL divergence 15.874748229980469
(Save) Epoch: 50700 Total_Loss: 0.06408216804265976 with error 0.03837199881672859 KL divergence 25.71017074584961
(Save) Epoch: 48300 Total_Loss: 0.02324695885181427 with error 0.0075575546361505985 KL divergence 15.689401626586914
(Save) Epoch: 50500 Total_Loss: 0.02194831147789955 with error 0.007070931140333414 KL divergence 14.877382278442383
(Save) Epoch: 50800 Total_Loss: 0.06795556098222733 with error 0.04280514270067215 KL divergence 25.15041160583496
(Save) Epoch: 48400 Total_Loss: 0.018749410286545753 with error 0.003305302234366536 KL divergence 15.444107055664062
(Save) Epoch: 50600 Total_Loss: 0.020161207765340805 with error 0.004944831132888794 KL divergence 15.216377258300781
(Save) Epoch: 50900 Total_Loss: 0.04782732203602791 with error 0.02238432504236698 KL divergence 25.442996978759766
(Save) Epoch: 48500 Total_Loss: 0.02099342830479145 with error 0.005541739519685507 KL divergence 15.451685905456543
(Save) Epoch: 50700 Total_Loss: 0.021393269300460815 with error 0.004692960064858198 KL divergence 16.70030975341797
(Print) Epoch: 51000 Total_Loss: 0.05346933752298355 with error 0.02815954014658928 KL divergence 25.309799194335938
(Save) Epoch: 51000 Total_Loss: 0.05346933752298355 with error 0.02815954014658928 KL divergence 25.309799194335938
(Save) Epoch: 48600 Total_Loss: 0.019855264574289322 with error 0.003977549262344837 KL divergence 15.877716064453125
(Save) Epoch: 50800 Total_Loss: 0.020825719460844994 with error 0.003733355086296797 KL divergence 17.092363357543945
(Save) Epoch: 51100 Total_Loss: 0.042021602392196655 with error 0.016704101115465164 KL divergence 25.317501068115234
(Save) Epoch: 48700 Total_Loss: 0.019498132169246674 with error 0.0036257579922676086 KL divergence 15.87237548828125
(Save) Epoch: 50900 Total_Loss: 0.01923465169966221 with error 0.004015799146145582 KL divergence 15.218853950500488
(Save) Epoch: 51200 Total_Loss: 0.03777839615941048 with error 0.011800209060311317 KL divergence 25.97818946838379
(Save) Epoch: 48800 Total_Loss: 0.019998425617814064 with error 0.004458700306713581 KL divergence 15.539724349975586
(Print) Epoch: 51000 Total_Loss: 0.020759809762239456 with error 0.00474762637168169 KL divergence 16.01218032836914
(Save) Epoch: 51000 Total_Loss: 0.020759809762239456 with error 0.00474762637168169 KL divergence 16.01218032836914
(Save) Epoch: 51300 Total_Loss: 0.03682423382997513 with error 0.010747069492936134 KL divergence 26.077167510986328
(Save) Epoch: 48900 Total_Loss: 0.019102105870842934 with error 0.0038781813345849514 KL divergence 15.22392463684082
(Save) Epoch: 51100 Total_Loss: 0.020648442208766937 with error 0.003809947520494461 KL divergence 16.8384952545166
(Save) Epoch: 51400 Total_Loss: 0.038756005465984344 with error 0.013048914261162281 KL divergence 25.707088470458984
(Print) Epoch: 49000 Total_Loss: 0.019259899854660034 with error 0.003346486482769251 KL divergence 15.913412094116211
(Save) Epoch: 49000 Total_Loss: 0.019259899854660034 with error 0.003346486482769251 KL divergence 15.913412094116211
(Save) Epoch: 51200 Total_Loss: 0.019648849964141846 with error 0.003676301334053278 KL divergence 15.972546577453613
(Save) Epoch: 51500 Total_Loss: 0.03882232680916786 with error 0.013579952530562878 KL divergence 25.24237060546875
(Save) Epoch: 49100 Total_Loss: 0.02077469602227211 with error 0.004884794820100069 KL divergence 15.889898300170898
(Save) Epoch: 51300 Total_Loss: 0.020533084869384766 with error 0.004298701882362366 KL divergence 16.2343807220459
(Save) Epoch: 51600 Total_Loss: 0.035226233303546906 with error 0.008911609649658203 KL divergence 26.314620971679688
(Save) Epoch: 49200 Total_Loss: 0.02026670053601265 with error 0.003786536632105708 KL divergence 16.480161666870117
(Save) Epoch: 51400 Total_Loss: 0.019458262249827385 with error 0.003645563032478094 KL divergence 15.812698364257812
(Save) Epoch: 51700 Total_Loss: 0.034477781504392624 with error 0.008244439959526062 KL divergence 26.23334312438965
(Save) Epoch: 49300 Total_Loss: 0.019415700808167458 with error 0.0035296462010592222 KL divergence 15.886053085327148
(Save) Epoch: 51500 Total_Loss: 0.02140810713171959 with error 0.005026776343584061 KL divergence 16.381330490112305
(Save) Epoch: 51800 Total_Loss: 0.03151940554380417 with error 0.005820808466523886 KL divergence 25.698598861694336
(Save) Epoch: 49400 Total_Loss: 0.019160196185112 with error 0.003798004938289523 KL divergence 15.362190246582031
(Save) Epoch: 51900 Total_Loss: 0.03216755390167236 with error 0.0067323059774935246 KL divergence 25.43524742126465
(Save) Epoch: 51600 Total_Loss: 0.01995476521551609 with error 0.0037075977306813 KL divergence 16.247169494628906
(Save) Epoch: 49500 Total_Loss: 0.01855868473649025 with error 0.003218061523512006 KL divergence 15.34062671661377
(Print) Epoch: 52000 Total_Loss: 0.031230906024575233 with error 0.004631686955690384 KL divergence 26.599218368530273
(Save) Epoch: 52000 Total_Loss: 0.031230906024575233 with error 0.004631686955690384 KL divergence 26.599218368530273
(Save) Epoch: 51700 Total_Loss: 0.01939769648015499 with error 0.003967036958783865 KL divergence 15.430658340454102
(Save) Epoch: 49600 Total_Loss: 0.020105192437767982 with error 0.004345552064478397 KL divergence 15.75964069366455
(Save) Epoch: 52100 Total_Loss: 0.03233298286795616 with error 0.007060234900563955 KL divergence 25.27274513244629
(Save) Epoch: 51800 Total_Loss: 0.0191701240837574 with error 0.0033690452110022306 KL divergence 15.80107593536377
(Save) Epoch: 49700 Total_Loss: 0.01904250681400299 with error 0.0036841128021478653 KL divergence 15.358392715454102
(Save) Epoch: 52200 Total_Loss: 0.03215547278523445 with error 0.005919455550611019 KL divergence 26.23601722717285
(Save) Epoch: 51900 Total_Loss: 0.018928073346614838 with error 0.002869000192731619 KL divergence 16.05907440185547
(Save) Epoch: 49800 Total_Loss: 0.018829699605703354 with error 0.0035627626348286867 KL divergence 15.266935348510742
(Save) Epoch: 52300 Total_Loss: 0.030138423666357994 with error 0.004238374065607786 KL divergence 25.900049209594727
(Print) Epoch: 52000 Total_Loss: 0.020008493214845657 with error 0.003621317446231842 KL divergence 16.38717269897461
(Save) Epoch: 52000 Total_Loss: 0.020008493214845657 with error 0.003621317446231842 KL divergence 16.38717269897461
(Save) Epoch: 49900 Total_Loss: 0.02005046419799328 with error 0.003489511553198099 KL divergence 16.560949325561523
(Save) Epoch: 52400 Total_Loss: 0.030711079016327858 with error 0.004618303384631872 KL divergence 26.092769622802734
(Save) Epoch: 52100 Total_Loss: 0.01960916444659233 with error 0.003676528576761484 KL divergence 15.932635307312012
(Print) Epoch: 50000 Total_Loss: 0.01925116404891014 with error 0.003821751568466425 KL divergence 15.429415702819824
(Save) Epoch: 50000 Total_Loss: 0.01925116404891014 with error 0.003821751568466425 KL divergence 15.429415702819824
(Save) Epoch: 52500 Total_Loss: 0.032825153321027756 with error 0.006475222762674093 KL divergence 26.349925994873047
(Save) Epoch: 52200 Total_Loss: 0.01872115768492222 with error 0.003129334421828389 KL divergence 15.591822624206543
(Save) Epoch: 50100 Total_Loss: 0.02007422409951687 with error 0.0043015568517148495 KL divergence 15.772665023803711
(Save) Epoch: 52600 Total_Loss: 0.030408119782805443 with error 0.004414907656610012 KL divergence 25.993213653564453
(Save) Epoch: 52300 Total_Loss: 0.01950976625084877 with error 0.003506938461214304 KL divergence 16.002826690673828
(Save) Epoch: 50200 Total_Loss: 0.019360104575753212 with error 0.0035604562144726515 KL divergence 15.799646377563477
(Save) Epoch: 52700 Total_Loss: 0.03210229426622391 with error 0.0056861937046051025 KL divergence 26.416095733642578
(Save) Epoch: 52400 Total_Loss: 0.0194050632417202 with error 0.0033018961548805237 KL divergence 16.103166580200195
(Save) Epoch: 52800 Total_Loss: 0.032427769154310226 with error 0.006552114151418209 KL divergence 25.875659942626953
(Save) Epoch: 50300 Total_Loss: 0.01939067244529724 with error 0.0034209773875772953 KL divergence 15.969696044921875
(Save) Epoch: 52500 Total_Loss: 0.020847219973802567 with error 0.0038287886418402195 KL divergence 17.0184326171875
(Save) Epoch: 50400 Total_Loss: 0.018059203401207924 with error 0.0022894125431776047 KL divergence 15.76978874206543
(Save) Epoch: 52900 Total_Loss: 0.03162761032581329 with error 0.005440389271825552 KL divergence 26.187219619750977
(Save) Epoch: 52600 Total_Loss: 0.018822211772203445 with error 0.0024317114148288965 KL divergence 16.390499114990234
(Print) Epoch: 53000 Total_Loss: 0.029444685205817223 with error 0.00367123750038445 KL divergence 25.773447036743164
(Save) Epoch: 53000 Total_Loss: 0.029444685205817223 with error 0.00367123750038445 KL divergence 25.773447036743164
(Save) Epoch: 50500 Total_Loss: 0.019284779205918312 with error 0.003457855898886919 KL divergence 15.826921463012695
(Save) Epoch: 52700 Total_Loss: 0.01901198923587799 with error 0.002898415084928274 KL divergence 16.113571166992188
(Save) Epoch: 53100 Total_Loss: 0.029281919822096825 with error 0.003193790093064308 KL divergence 26.0881290435791
(Save) Epoch: 50600 Total_Loss: 0.01816362515091896 with error 0.0025168717838823795 KL divergence 15.646753311157227
(Save) Epoch: 52800 Total_Loss: 0.018971817567944527 with error 0.0028795148245990276 KL divergence 16.092302322387695
(Save) Epoch: 53200 Total_Loss: 0.030145397409796715 with error 0.004311585333198309 KL divergence 25.833812713623047
(Save) Epoch: 50700 Total_Loss: 0.01943940296769142 with error 0.0034247557632625103 KL divergence 16.014646530151367
(Save) Epoch: 52900 Total_Loss: 0.01987159438431263 with error 0.0036857090890407562 KL divergence 16.185882568359375
(Save) Epoch: 53300 Total_Loss: 0.03169168531894684 with error 0.005779954604804516 KL divergence 25.911731719970703
(Save) Epoch: 50800 Total_Loss: 0.019253971055150032 with error 0.003590000094845891 KL divergence 15.663970947265625
(Print) Epoch: 53000 Total_Loss: 0.020183926448225975 with error 0.00352027197368443 KL divergence 16.663654327392578
(Save) Epoch: 53000 Total_Loss: 0.020183926448225975 with error 0.00352027197368443 KL divergence 16.663654327392578
(Save) Epoch: 53400 Total_Loss: 0.02909901738166809 with error 0.003321967553347349 KL divergence 25.77704429626465
(Save) Epoch: 50900 Total_Loss: 0.020146945491433144 with error 0.004432695917785168 KL divergence 15.714245796203613
(Save) Epoch: 53100 Total_Loss: 0.01851598545908928 with error 0.003204095410183072 KL divergence 15.311891555786133
(Save) Epoch: 53500 Total_Loss: 0.02916475012898445 with error 0.003359561786055565 KL divergence 25.805185317993164
(Print) Epoch: 51000 Total_Loss: 0.01829461008310318 with error 0.002968112239614129 KL divergence 15.326499938964844
(Save) Epoch: 51000 Total_Loss: 0.01829461008310318 with error 0.002968112239614129 KL divergence 15.326499938964844
(Save) Epoch: 53600 Total_Loss: 0.029296938329935074 with error 0.002988626016303897 KL divergence 26.308313369750977
(Save) Epoch: 53200 Total_Loss: 0.01917857490479946 with error 0.0036513947416096926 KL divergence 15.527178764343262
(Save) Epoch: 51100 Total_Loss: 0.01855785772204399 with error 0.003378915134817362 KL divergence 15.178942680358887
(Save) Epoch: 53700 Total_Loss: 0.03018871508538723 with error 0.004463882651180029 KL divergence 25.72483253479004
(Save) Epoch: 53300 Total_Loss: 0.019654925912618637 with error 0.0035428530536592007 KL divergence 16.112071990966797
(Save) Epoch: 51200 Total_Loss: 0.020090334117412567 with error 0.003960025496780872 KL divergence 16.130308151245117
(Save) Epoch: 53800 Total_Loss: 0.02804555930197239 with error 0.0028059971518814564 KL divergence 25.239561080932617
(Save) Epoch: 53400 Total_Loss: 0.018920477479696274 with error 0.0025509302504360676 KL divergence 16.369548797607422
(Save) Epoch: 51300 Total_Loss: 0.019793979823589325 with error 0.004384767264127731 KL divergence 15.409212112426758
(Save) Epoch: 53900 Total_Loss: 0.029549816623330116 with error 0.003730794880539179 KL divergence 25.819021224975586
(Save) Epoch: 53500 Total_Loss: 0.018442120403051376 with error 0.0031012932304292917 KL divergence 15.340825080871582
(Save) Epoch: 51400 Total_Loss: 0.019584011286497116 with error 0.004914585035294294 KL divergence 14.669425964355469
(Print) Epoch: 54000 Total_Loss: 0.03140926733613014 with error 0.005621270276606083 KL divergence 25.787994384765625
(Save) Epoch: 54000 Total_Loss: 0.03140926733613014 with error 0.005621270276606083 KL divergence 25.787994384765625
(Save) Epoch: 53600 Total_Loss: 0.01887894980609417 with error 0.0031169052235782146 KL divergence 15.762042045593262
(Save) Epoch: 51500 Total_Loss: 0.018983324989676476 with error 0.004565010312944651 KL divergence 14.418314933776855
(Save) Epoch: 54100 Total_Loss: 0.030504008755087852 with error 0.004443652927875519 KL divergence 26.060354232788086
(Save) Epoch: 53700 Total_Loss: 0.019681081175804138 with error 0.0034621916711330414 KL divergence 16.218887329101562
(Save) Epoch: 51600 Total_Loss: 0.01853616163134575 with error 0.0032804119400680065 KL divergence 15.255749702453613
(Save) Epoch: 54200 Total_Loss: 0.02732643112540245 with error 0.002389211906120181 KL divergence 24.937219619750977
(Save) Epoch: 53800 Total_Loss: 0.01992790959775448 with error 0.0038063644897192717 KL divergence 16.12154769897461
(Save) Epoch: 51700 Total_Loss: 0.018511563539505005 with error 0.003121024463325739 KL divergence 15.390539169311523
(Save) Epoch: 54300 Total_Loss: 0.028544455766677856 with error 0.002756332280114293 KL divergence 25.788122177124023
(Save) Epoch: 53900 Total_Loss: 0.019394487142562866 with error 0.0031020687893033028 KL divergence 16.292415618896484
(Save) Epoch: 51800 Total_Loss: 0.019177500158548355 with error 0.0033777006901800632 KL divergence 15.799798965454102
(Save) Epoch: 54400 Total_Loss: 0.030371779575943947 with error 0.004550346173346043 KL divergence 25.82143211364746
(Print) Epoch: 54000 Total_Loss: 0.02000172808766365 with error 0.004412805195897818 KL divergence 15.588918685913086
(Save) Epoch: 54000 Total_Loss: 0.02000172808766365 with error 0.004412805195897818 KL divergence 15.588918685913086
(Save) Epoch: 51900 Total_Loss: 0.019580673426389694 with error 0.003919379319995642 KL divergence 15.661291122436523
(Save) Epoch: 54500 Total_Loss: 0.029542148113250732 with error 0.0038305181078612804 KL divergence 25.71162986755371
(Print) Epoch: 52000 Total_Loss: 0.018548227846622467 with error 0.0024477802217006683 KL divergence 16.100448608398438
(Save) Epoch: 52000 Total_Loss: 0.018548227846622467 with error 0.0024477802217006683 KL divergence 16.100448608398438
(Save) Epoch: 54100 Total_Loss: 0.01982596144080162 with error 0.0032718018628656864 KL divergence 16.554161071777344
(Save) Epoch: 54600 Total_Loss: 0.03229336068034172 with error 0.00596588384360075 KL divergence 26.32747459411621
(Save) Epoch: 54200 Total_Loss: 0.019787367433309555 with error 0.003292098641395569 KL divergence 16.49526596069336
(Save) Epoch: 52100 Total_Loss: 0.018325796350836754 with error 0.0029818248003721237 KL divergence 15.343973159790039
(Save) Epoch: 54700 Total_Loss: 0.02780473604798317 with error 0.002467163372784853 KL divergence 25.337566375732422
(Save) Epoch: 54300 Total_Loss: 0.019082624465227127 with error 0.00277953059412539 KL divergence 16.30309295654297
(Save) Epoch: 52200 Total_Loss: 0.01786954514682293 with error 0.0028759052511304617 KL divergence 14.993637084960938
(Save) Epoch: 54800 Total_Loss: 0.028575357049703598 with error 0.003147914307191968 KL divergence 25.427444458007812
(Save) Epoch: 54900 Total_Loss: 0.02921941876411438 with error 0.003440355183556676 KL divergence 25.779062271118164
(Save) Epoch: 52300 Total_Loss: 0.017779650166630745 with error 0.0026618752162903547 KL divergence 15.117772102355957
(Save) Epoch: 54400 Total_Loss: 0.01793793775141239 with error 0.002730252454057336 KL divergence 15.207684516906738
(Save) Epoch: 52400 Total_Loss: 0.018444422632455826 with error 0.0031800635624676943 KL divergence 15.264358520507812
(Print) Epoch: 55000 Total_Loss: 0.029407814145088196 with error 0.0035886461846530437 KL divergence 25.819164276123047
(Save) Epoch: 55000 Total_Loss: 0.029407814145088196 with error 0.0035886461846530437 KL divergence 25.819164276123047
(Save) Epoch: 54500 Total_Loss: 0.020138803869485855 with error 0.0036630150862038136 KL divergence 16.475788116455078
(Save) Epoch: 55100 Total_Loss: 0.02978217974305153 with error 0.003893238725140691 KL divergence 25.888940811157227
(Save) Epoch: 52500 Total_Loss: 0.018513347953557968 with error 0.0026148674078285694 KL divergence 15.898481369018555
(Save) Epoch: 54600 Total_Loss: 0.019618801772594452 with error 0.0030861981213092804 KL divergence 16.532602310180664
(Save) Epoch: 55200 Total_Loss: 0.03016681596636772 with error 0.004171971697360277 KL divergence 25.99484634399414
(Save) Epoch: 52600 Total_Loss: 0.019802821800112724 with error 0.0046410271897912025 KL divergence 15.161794662475586
(Save) Epoch: 54700 Total_Loss: 0.01938527263700962 with error 0.0032798568718135357 KL divergence 16.10541343688965
(Save) Epoch: 55300 Total_Loss: 0.030152222141623497 with error 0.003970045130699873 KL divergence 26.182178497314453
(Save) Epoch: 52700 Total_Loss: 0.018056310713291168 with error 0.0020796104799956083 KL divergence 15.976701736450195
(Save) Epoch: 54800 Total_Loss: 0.01887616701424122 with error 0.00276758661493659 KL divergence 16.108577728271484
(Save) Epoch: 52800 Total_Loss: 0.018112042918801308 with error 0.0027064315509051085 KL divergence 15.405607223510742
(Save) Epoch: 55400 Total_Loss: 0.02955722250044346 with error 0.0036937384866178036 KL divergence 25.86348533630371
(Save) Epoch: 54900 Total_Loss: 0.0191411841660738 with error 0.0034577548503875732 KL divergence 15.683428764343262
(Save) Epoch: 55500 Total_Loss: 0.028597932308912277 with error 0.0032354730647057295 KL divergence 25.36246109008789
(Save) Epoch: 52900 Total_Loss: 0.0179915651679039 with error 0.0025614139158278704 KL divergence 15.430148124694824
(Print) Epoch: 55000 Total_Loss: 0.019053563475608826 with error 0.003245185362175107 KL divergence 15.808378219604492
(Save) Epoch: 55000 Total_Loss: 0.019053563475608826 with error 0.003245185362175107 KL divergence 15.808378219604492
(Save) Epoch: 55600 Total_Loss: 0.03070501610636711 with error 0.004499245900660753 KL divergence 26.205768585205078
(Print) Epoch: 53000 Total_Loss: 0.019442643970251083 with error 0.004178100731223822 KL divergence 15.26453971862793
(Save) Epoch: 53000 Total_Loss: 0.019442643970251083 with error 0.004178100731223822 KL divergence 15.26453971862793
(Save) Epoch: 55100 Total_Loss: 0.018926825374364853 with error 0.003303166013211012 KL divergence 15.62366008758545
(Save) Epoch: 55700 Total_Loss: 0.02891571819782257 with error 0.003406103001907468 KL divergence 25.509614944458008
(Save) Epoch: 53100 Total_Loss: 0.019622957333922386 with error 0.0034325886517763138 KL divergence 16.190370559692383
(Save) Epoch: 55200 Total_Loss: 0.018389590084552765 with error 0.002325478009879589 KL divergence 16.064111709594727
(Save) Epoch: 55800 Total_Loss: 0.029436778277158737 with error 0.0037445020861923695 KL divergence 25.692272186279297
(Save) Epoch: 53200 Total_Loss: 0.019127631559967995 with error 0.003994633909314871 KL divergence 15.1329984664917
(Save) Epoch: 55300 Total_Loss: 0.020083758980035782 with error 0.004185172729194164 KL divergence 15.898582458496094
(Save) Epoch: 55900 Total_Loss: 0.030141493305563927 with error 0.0041024102829396725 KL divergence 26.039081573486328
(Save) Epoch: 53300 Total_Loss: 0.01837271824479103 with error 0.002734490903094411 KL divergence 15.638224601745605
(Save) Epoch: 55400 Total_Loss: 0.017875565215945244 with error 0.002241402165964246 KL divergence 15.634164810180664
(Print) Epoch: 56000 Total_Loss: 0.029576648026704788 with error 0.0031083766371011734 KL divergence 26.468271255493164
(Save) Epoch: 56000 Total_Loss: 0.029576648026704788 with error 0.0031083766371011734 KL divergence 26.468271255493164
(Save) Epoch: 53400 Total_Loss: 0.019145652651786804 with error 0.003704911097884178 KL divergence 15.440742492675781
(Save) Epoch: 55500 Total_Loss: 0.019066695123910904 with error 0.002728263381868601 KL divergence 16.338430404663086
(Save) Epoch: 56100 Total_Loss: 0.029588941484689713 with error 0.003994593862444162 KL divergence 25.594345092773438
(Save) Epoch: 53500 Total_Loss: 0.018495002761483192 with error 0.0033529784996062517 KL divergence 15.142021179199219
(Save) Epoch: 55600 Total_Loss: 0.018611568957567215 with error 0.002478044480085373 KL divergence 16.133520126342773
(Save) Epoch: 56200 Total_Loss: 0.029064837843179703 with error 0.0029310283716768026 KL divergence 26.133804321289062
(Save) Epoch: 53600 Total_Loss: 0.017829198390245438 with error 0.0022357702255249023 KL divergence 15.593429565429688
(Save) Epoch: 55700 Total_Loss: 0.018610922619700432 with error 0.003112995531409979 KL divergence 15.497926712036133
(Save) Epoch: 56300 Total_Loss: 0.03236646205186844 with error 0.006235307548195124 KL divergence 26.131153106689453
(Save) Epoch: 53700 Total_Loss: 0.018238360062241554 with error 0.003045301651582122 KL divergence 15.19305419921875
(Save) Epoch: 56400 Total_Loss: 0.02900402806699276 with error 0.003254967974498868 KL divergence 25.749053955078125
(Save) Epoch: 55800 Total_Loss: 0.01939043216407299 with error 0.0040292153134942055 KL divergence 15.36121654510498
(Save) Epoch: 53800 Total_Loss: 0.018221454694867134 with error 0.0027338415384292603 KL divergence 15.4876127243042
(Save) Epoch: 56500 Total_Loss: 0.02930431440472603 with error 0.003421176690608263 KL divergence 25.883136749267578
(Save) Epoch: 55900 Total_Loss: 0.019320625811815262 with error 0.0033741530496627092 KL divergence 15.94647216796875
(Save) Epoch: 53900 Total_Loss: 0.018578890711069107 with error 0.003521024016663432 KL divergence 15.057866096496582
(Save) Epoch: 56600 Total_Loss: 0.02926919236779213 with error 0.0034454106353223324 KL divergence 25.823780059814453
(Print) Epoch: 54000 Total_Loss: 0.019200459122657776 with error 0.0034972303546965122 KL divergence 15.703227043151855
(Save) Epoch: 54000 Total_Loss: 0.019200459122657776 with error 0.0034972303546965122 KL divergence 15.703227043151855
(Print) Epoch: 56000 Total_Loss: 0.02020093984901905 with error 0.004923335276544094 KL divergence 15.277605056762695
(Save) Epoch: 56000 Total_Loss: 0.02020093984901905 with error 0.004923335276544094 KL divergence 15.277605056762695
(Save) Epoch: 56700 Total_Loss: 0.029241332784295082 with error 0.003621314885094762 KL divergence 25.62001609802246
(Save) Epoch: 54100 Total_Loss: 0.019058730453252792 with error 0.003935276530683041 KL divergence 15.123456001281738
(Save) Epoch: 56100 Total_Loss: 0.01860666833817959 with error 0.002187600824981928 KL divergence 16.419069290161133
(Save) Epoch: 56800 Total_Loss: 0.03277335688471794 with error 0.006788869854062796 KL divergence 25.984485626220703
(Save) Epoch: 54200 Total_Loss: 0.017824333161115646 with error 0.002663776744157076 KL divergence 15.160554885864258
(Save) Epoch: 56200 Total_Loss: 0.02066912315785885 with error 0.003952213563024998 KL divergence 16.716909408569336
(Save) Epoch: 56900 Total_Loss: 0.03064371645450592 with error 0.004329004790633917 KL divergence 26.314708709716797
(Save) Epoch: 54300 Total_Loss: 0.018408695235848427 with error 0.0033080601133406162 KL divergence 15.10063648223877
(Save) Epoch: 56300 Total_Loss: 0.02132406458258629 with error 0.004831980913877487 KL divergence 16.492084503173828
(Print) Epoch: 57000 Total_Loss: 0.030767282471060753 with error 0.0048660882748663425 KL divergence 25.901195526123047
(Save) Epoch: 57000 Total_Loss: 0.030767282471060753 with error 0.0048660882748663425 KL divergence 25.901195526123047
(Save) Epoch: 54400 Total_Loss: 0.017517969012260437 with error 0.0028126942925155163 KL divergence 14.70527458190918
(Save) Epoch: 56400 Total_Loss: 0.018734335899353027 with error 0.0027490034699440002 KL divergence 15.985330581665039
(Save) Epoch: 57100 Total_Loss: 0.029590850695967674 with error 0.0034955746959894896 KL divergence 26.09527587890625
(Save) Epoch: 54500 Total_Loss: 0.01981954276561737 with error 0.004226114135235548 KL divergence 15.593426704406738
(Save) Epoch: 56500 Total_Loss: 0.01778164878487587 with error 0.00247316830791533 KL divergence 15.308479309082031
(Save) Epoch: 57200 Total_Loss: 0.03036857582628727 with error 0.004509070888161659 KL divergence 25.8595027923584
(Save) Epoch: 54600 Total_Loss: 0.01744430884718895 with error 0.0022909482941031456 KL divergence 15.153360366821289
(Save) Epoch: 56600 Total_Loss: 0.01841745339334011 with error 0.0029931883327662945 KL divergence 15.424264907836914
(Save) Epoch: 57300 Total_Loss: 0.028392016887664795 with error 0.0027011441998183727 KL divergence 25.690872192382812
(Save) Epoch: 54700 Total_Loss: 0.0174814835190773 with error 0.0024568852968513966 KL divergence 15.024599075317383
(Save) Epoch: 57400 Total_Loss: 0.030110156163573265 with error 0.004008563235402107 KL divergence 26.10159683227539
(Save) Epoch: 56700 Total_Loss: 0.018823137506842613 with error 0.0027090967632830143 KL divergence 16.11404037475586
(Save) Epoch: 54800 Total_Loss: 0.01846042275428772 with error 0.0033919878769665956 KL divergence 15.068435668945312
(Save) Epoch: 57500 Total_Loss: 0.02996521070599556 with error 0.003765248926356435 KL divergence 26.1999568939209
(Save) Epoch: 56800 Total_Loss: 0.018818074837327003 with error 0.0027502248995006084 KL divergence 16.067848205566406
(Save) Epoch: 54900 Total_Loss: 0.017634311690926552 with error 0.0023658673744648695 KL divergence 15.268445014953613
(Save) Epoch: 57600 Total_Loss: 0.028528312221169472 with error 0.0027393430937081575 KL divergence 25.788965225219727
(Save) Epoch: 56900 Total_Loss: 0.019059378653764725 with error 0.003304906655102968 KL divergence 15.754470825195312
(Print) Epoch: 55000 Total_Loss: 0.018414709717035294 with error 0.003129437565803528 KL divergence 15.285270690917969
(Save) Epoch: 55000 Total_Loss: 0.018414709717035294 with error 0.003129437565803528 KL divergence 15.285270690917969
(Save) Epoch: 57700 Total_Loss: 0.02932243049144745 with error 0.003486608387902379 KL divergence 25.835819244384766
(Print) Epoch: 57000 Total_Loss: 0.01830412819981575 with error 0.0026359737385064363 KL divergence 15.66815185546875
(Save) Epoch: 57000 Total_Loss: 0.01830412819981575 with error 0.0026359737385064363 KL divergence 15.66815185546875
(Save) Epoch: 55100 Total_Loss: 0.0187932588160038 with error 0.003390795085579157 KL divergence 15.4024658203125
(Save) Epoch: 57800 Total_Loss: 0.0294036902487278 with error 0.0038843888323754072 KL divergence 25.519298553466797
(Save) Epoch: 57100 Total_Loss: 0.020226668566465378 with error 0.003467658068984747 KL divergence 16.759010314941406
(Save) Epoch: 55200 Total_Loss: 0.01944732666015625 with error 0.0038552936166524887 KL divergence 15.592033386230469
(Save) Epoch: 57900 Total_Loss: 0.028025608509778976 with error 0.0027949726209044456 KL divergence 25.230634689331055
(Save) Epoch: 57200 Total_Loss: 0.016749070957303047 with error 0.002039087237790227 KL divergence 14.709981918334961
(Save) Epoch: 55300 Total_Loss: 0.018135465681552887 with error 0.002700432436540723 KL divergence 15.435033798217773
(Print) Epoch: 58000 Total_Loss: 0.029544100165367126 with error 0.004054086282849312 KL divergence 25.490009307861328
(Save) Epoch: 58000 Total_Loss: 0.029544100165367126 with error 0.004054086282849312 KL divergence 25.490009307861328
(Save) Epoch: 57300 Total_Loss: 0.01790304109454155 with error 0.002621290273964405 KL divergence 15.281750679016113
(Save) Epoch: 55400 Total_Loss: 0.017737949267029762 with error 0.0021179213654249907 KL divergence 15.620025634765625
(Save) Epoch: 58100 Total_Loss: 0.03136136382818222 with error 0.00596257159486413 KL divergence 25.398792266845703
(Save) Epoch: 57400 Total_Loss: 0.018240109086036682 with error 0.0032339715398848057 KL divergence 15.006136894226074
(Save) Epoch: 55500 Total_Loss: 0.017851125448942184 with error 0.0019734310917556286 KL divergence 15.877695083618164
(Save) Epoch: 58200 Total_Loss: 0.029497016221284866 with error 0.003642401425167918 KL divergence 25.8546142578125
(Save) Epoch: 57500 Total_Loss: 0.018957998603582382 with error 0.002720597665756941 KL divergence 16.237401962280273
(Save) Epoch: 55600 Total_Loss: 0.01994289830327034 with error 0.004397896118462086 KL divergence 15.545001029968262
(Save) Epoch: 58300 Total_Loss: 0.027946239337325096 with error 0.002247115597128868 KL divergence 25.69912338256836
(Save) Epoch: 57600 Total_Loss: 0.020210806280374527 with error 0.003935718443244696 KL divergence 16.27508544921875
(Save) Epoch: 55700 Total_Loss: 0.017924224957823753 with error 0.002854596357792616 KL divergence 15.069625854492188
(Save) Epoch: 58400 Total_Loss: 0.02826009690761566 with error 0.002576942089945078 KL divergence 25.683155059814453
(Save) Epoch: 57700 Total_Loss: 0.01815912313759327 with error 0.0029331473633646965 KL divergence 15.225975036621094
(Save) Epoch: 55800 Total_Loss: 0.020056920126080513 with error 0.003872527275234461 KL divergence 16.184391021728516
(Save) Epoch: 58500 Total_Loss: 0.030615229159593582 with error 0.004950379021465778 KL divergence 25.664846420288086
(Save) Epoch: 57800 Total_Loss: 0.019675621762871742 with error 0.004690080415457487 KL divergence 14.985542297363281
(Save) Epoch: 55900 Total_Loss: 0.01883072778582573 with error 0.002995246322825551 KL divergence 15.835479736328125
(Save) Epoch: 58600 Total_Loss: 0.029561247676610947 with error 0.00332129979506135 KL divergence 26.239948272705078
(Print) Epoch: 56000 Total_Loss: 0.01888958364725113 with error 0.003576558083295822 KL divergence 15.313024520874023
(Save) Epoch: 56000 Total_Loss: 0.01888958364725113 with error 0.003576558083295822 KL divergence 15.313024520874023
(Save) Epoch: 57900 Total_Loss: 0.01876087114214897 with error 0.002690446563065052 KL divergence 16.070423126220703
(Save) Epoch: 58700 Total_Loss: 0.029642214998602867 with error 0.0035322546027600765 KL divergence 26.109960556030273
(Save) Epoch: 56100 Total_Loss: 0.017566900700330734 with error 0.0025215614587068558 KL divergence 15.04533863067627
(Print) Epoch: 58000 Total_Loss: 0.018543493002653122 with error 0.002968702930957079 KL divergence 15.574786186218262
(Save) Epoch: 58000 Total_Loss: 0.018543493002653122 with error 0.002968702930957079 KL divergence 15.574786186218262
(Save) Epoch: 58800 Total_Loss: 0.029596727341413498 with error 0.003992235288023949 KL divergence 25.6044921875
(Save) Epoch: 56200 Total_Loss: 0.018916308879852295 with error 0.0035284790210425854 KL divergence 15.38782787322998
(Save) Epoch: 58100 Total_Loss: 0.018527274951338768 with error 0.0035560838878154755 KL divergence 14.97119140625
(Save) Epoch: 58900 Total_Loss: 0.02862570621073246 with error 0.002940061269327998 KL divergence 25.68564224243164
(Save) Epoch: 56300 Total_Loss: 0.017796043306589127 with error 0.00261105177924037 KL divergence 15.1849946975708
(Save) Epoch: 58200 Total_Loss: 0.0196315199136734 with error 0.0034668189473450184 KL divergence 16.16469955444336
(Print) Epoch: 59000 Total_Loss: 0.028882276266813278 with error 0.0029569477774202824 KL divergence 25.925323486328125
(Save) Epoch: 59000 Total_Loss: 0.028882276266813278 with error 0.0029569477774202824 KL divergence 25.925323486328125
(Save) Epoch: 56400 Total_Loss: 0.01846219226717949 with error 0.0029211167711764574 KL divergence 15.541074752807617
(Save) Epoch: 59100 Total_Loss: 0.028654715046286583 with error 0.0028105706442147493 KL divergence 25.84414291381836
(Save) Epoch: 58300 Total_Loss: 0.0187373049557209 with error 0.002692942274734378 KL divergence 16.044361114501953
(Save) Epoch: 56500 Total_Loss: 0.017520178109407425 with error 0.0028145103715360165 KL divergence 14.705668449401855
(Save) Epoch: 59200 Total_Loss: 0.03111082874238491 with error 0.004599045496433973 KL divergence 26.511783599853516
(Save) Epoch: 58400 Total_Loss: 0.0203324556350708 with error 0.0034635853953659534 KL divergence 16.86886978149414
(Save) Epoch: 56600 Total_Loss: 0.01798102632164955 with error 0.0028710193000733852 KL divergence 15.110003471374512
(Save) Epoch: 59300 Total_Loss: 0.030386367812752724 with error 0.004135646857321262 KL divergence 26.250717163085938
(Save) Epoch: 58500 Total_Loss: 0.018873509019613266 with error 0.002706392901018262 KL divergence 16.167116165161133
(Save) Epoch: 56700 Total_Loss: 0.019345318898558617 with error 0.0037931271363049746 KL divergence 15.552192687988281
(Save) Epoch: 59400 Total_Loss: 0.029554445296525955 with error 0.0034834754187613726 KL divergence 26.070964813232422
(Save) Epoch: 58600 Total_Loss: 0.018036719411611557 with error 0.002210635459050536 KL divergence 15.826083183288574
(Save) Epoch: 56800 Total_Loss: 0.017183024436235428 with error 0.002253754762932658 KL divergence 14.929269790649414
(Save) Epoch: 59500 Total_Loss: 0.02999100089073181 with error 0.004051110241562128 KL divergence 25.939889907836914
(Save) Epoch: 58700 Total_Loss: 0.01885191723704338 with error 0.0025462943594902754 KL divergence 16.305622100830078
(Save) Epoch: 56900 Total_Loss: 0.0187740009278059 with error 0.0027955223340541124 KL divergence 15.978477478027344
(Save) Epoch: 59600 Total_Loss: 0.03006889298558235 with error 0.004641320556402206 KL divergence 25.42757225036621
(Save) Epoch: 58800 Total_Loss: 0.018401015549898148 with error 0.0028221565298736095 KL divergence 15.578857421875
(Print) Epoch: 57000 Total_Loss: 0.018558338284492493 with error 0.0031794949900358915 KL divergence 15.3788423538208
(Save) Epoch: 57000 Total_Loss: 0.018558338284492493 with error 0.0031794949900358915 KL divergence 15.3788423538208
(Save) Epoch: 59700 Total_Loss: 0.028534572571516037 with error 0.0030527866911143064 KL divergence 25.481786727905273
(Save) Epoch: 58900 Total_Loss: 0.017864400520920753 with error 0.002490160521119833 KL divergence 15.374239921569824
(Save) Epoch: 59800 Total_Loss: 0.0296005941927433 with error 0.0033275154419243336 KL divergence 26.2730770111084
(Save) Epoch: 57100 Total_Loss: 0.01902131736278534 with error 0.003374992636963725 KL divergence 15.646322250366211
(Print) Epoch: 59000 Total_Loss: 0.018692675977945328 with error 0.00278954254463315 KL divergence 15.9031343460083
(Save) Epoch: 59000 Total_Loss: 0.018692675977945328 with error 0.00278954254463315 KL divergence 15.9031343460083
(Save) Epoch: 59900 Total_Loss: 0.02813138999044895 with error 0.002356898970901966 KL divergence 25.774486541748047
(Save) Epoch: 57200 Total_Loss: 0.0182243250310421 with error 0.003056618385016918 KL divergence 15.167706489562988
(Save) Epoch: 59100 Total_Loss: 0.018496768549084663 with error 0.0025550301652401686 KL divergence 15.941737174987793
(Save) Epoch: 57300 Total_Loss: 0.018908144906163216 with error 0.0030210267286747694 KL divergence 15.887117385864258
(Save) Epoch: 59200 Total_Loss: 0.018264668062329292 with error 0.002717968076467514 KL divergence 15.546697616577148
(Save) Epoch: 57400 Total_Loss: 0.0200762078166008 with error 0.004598104394972324 KL divergence 15.478103637695312
(Save) Epoch: 59300 Total_Loss: 0.017690464854240417 with error 0.0022060219198465347 KL divergence 15.484440803527832
(Save) Epoch: 57500 Total_Loss: 0.01828930899500847 with error 0.002626942005008459 KL divergence 15.662365913391113
(Save) Epoch: 59400 Total_Loss: 0.019731702283024788 with error 0.0034672704059630632 KL divergence 16.26443099975586
(Save) Epoch: 57600 Total_Loss: 0.018580034375190735 with error 0.0030359108932316303 KL divergence 15.544123649597168
(Save) Epoch: 59500 Total_Loss: 0.018895519897341728 with error 0.002782206516712904 KL divergence 16.113309860229492
(Save) Epoch: 57700 Total_Loss: 0.017124753445386887 with error 0.0021101264283061028 KL divergence 15.014622688293457
(Save) Epoch: 59600 Total_Loss: 0.01921248994767666 with error 0.003424157854169607 KL divergence 15.788331985473633
(Save) Epoch: 57800 Total_Loss: 0.01823197677731514 with error 0.0028321349527686834 KL divergence 15.399839401245117
(Save) Epoch: 59700 Total_Loss: 0.019603775814175606 with error 0.0035484309773892164 KL divergence 16.055341720581055
(Save) Epoch: 57900 Total_Loss: 0.019069133326411247 with error 0.003879975527524948 KL divergence 15.189157485961914
(Save) Epoch: 59800 Total_Loss: 0.018722940236330032 with error 0.0029820625204592943 KL divergence 15.740877151489258
(Print) Epoch: 58000 Total_Loss: 0.018200060352683067 with error 0.00256775738671422 KL divergence 15.632304191589355
(Save) Epoch: 58000 Total_Loss: 0.018200060352683067 with error 0.00256775738671422 KL divergence 15.632304191589355
(Save) Epoch: 59900 Total_Loss: 0.019797343760728836 with error 0.003348301397636533 KL divergence 16.449039459228516
(Save) Epoch: 58100 Total_Loss: 0.01802443340420723 with error 0.003113242331892252 KL divergence 14.911188125610352
(Save) Epoch: 58200 Total_Loss: 0.017885612323880196 with error 0.0026512762997299433 KL divergence 15.234333992004395
(Save) Epoch: 58300 Total_Loss: 0.018348028883337975 with error 0.0031969170086085796 KL divergence 15.151110649108887
(Save) Epoch: 58400 Total_Loss: 0.019261768087744713 with error 0.003124729497358203 KL divergence 16.137035369873047
(Save) Epoch: 58500 Total_Loss: 0.0177511777728796 with error 0.002384366001933813 KL divergence 15.366811752319336
(Save) Epoch: 58600 Total_Loss: 0.017664214596152306 with error 0.0024128067307174206 KL divergence 15.2514066696167
(Save) Epoch: 58700 Total_Loss: 0.01819917932152748 with error 0.002287867246195674 KL divergence 15.9113130569458
(Save) Epoch: 58800 Total_Loss: 0.01758478209376335 with error 0.0028200626838952303 KL divergence 14.764719009399414
(Save) Epoch: 58900 Total_Loss: 0.018185023218393326 with error 0.0025930111296474934 KL divergence 15.592012405395508
(Print) Epoch: 59000 Total_Loss: 0.017778297886252403 with error 0.002943925093859434 KL divergence 14.834371566772461
(Save) Epoch: 59000 Total_Loss: 0.017778297886252403 with error 0.002943925093859434 KL divergence 14.834371566772461
(Save) Epoch: 59100 Total_Loss: 0.018931014463305473 with error 0.003951194230467081 KL divergence 14.979822158813477
(Save) Epoch: 59200 Total_Loss: 0.018935522064566612 with error 0.002716760616749525 KL divergence 16.218761444091797
(Save) Epoch: 59300 Total_Loss: 0.017919227480888367 with error 0.0032341245096176863 KL divergence 14.685102462768555
(Save) Epoch: 59400 Total_Loss: 0.01762974075973034 with error 0.0021511600352823734 KL divergence 15.4785795211792
(Save) Epoch: 59500 Total_Loss: 0.017494799569249153 with error 0.0020309987012296915 KL divergence 15.463801383972168
(Save) Epoch: 59600 Total_Loss: 0.018905309960246086 with error 0.003918674774467945 KL divergence 14.986635208129883
(Save) Epoch: 59700 Total_Loss: 0.01740415021777153 with error 0.0026650414802134037 KL divergence 14.739107131958008
(Save) Epoch: 59800 Total_Loss: 0.01851724460721016 with error 0.003239308949559927 KL divergence 15.277934074401855
(Save) Epoch: 59900 Total_Loss: 0.017675939947366714 with error 0.0025094186421483755 KL divergence 15.166521072387695
use_cuda = False, num_devices = 4, num_processes = 4
Initialized without checkpointing
load from checkpoint
Trained_ode_0: step=59900, loss=0.019797343760728836
Initialized without checkpointing
load from checkpoint
Trained_ode_1: step=59900, loss=0.017675939947366714
Initialized without checkpointing
load from checkpoint
Trained_ode_2: step=59900, loss=0.02813138999044895
