use_cuda = False, num_devices = 4, num_processes = 4
Initialized without checkpointing
load from checkpoint
Initialized without checkpointing
load from checkpoint
Initialized without checkpointing
load from checkpoint
Starting to train
Launch training of model 0 on process 53890
Starting training from epoch  43400
Starting to train
Launch training of model 1 on process 53888
Starting training from epoch  41000
Starting to train
Launch training of model 2 on process 53887
Starting training from epoch  43200
(Print) Epoch: 41000 Total_Loss: 0.19130350649356842 with error 0.17458876967430115 KL divergence 16.714712142944336
(Save) Epoch: 41000 Total_Loss: 0.19130350649356842 with error 0.17458876967430115 KL divergence 16.714712142944336
(Save) Epoch: 43400 Total_Loss: 0.1626015603542328 with error 0.14810168743133545 KL divergence 14.499868392944336
(Save) Epoch: 43200 Total_Loss: 0.3761378228664398 with error 0.3485606908798218 KL divergence 27.577178955078125
(Save) Epoch: 43300 Total_Loss: 0.040445320308208466 with error 0.014077970758080482 KL divergence 26.36734962463379
(Save) Epoch: 43500 Total_Loss: 0.024056535214185715 with error 0.008358125574886799 KL divergence 15.69841194152832
(Save) Epoch: 41100 Total_Loss: 0.021628277376294136 with error 0.004761615768074989 KL divergence 16.866662979125977
(Save) Epoch: 41200 Total_Loss: 0.0217336006462574 with error 0.003518101992085576 KL divergence 18.215499877929688
(Save) Epoch: 43400 Total_Loss: 0.032741788774728775 with error 0.00627260934561491 KL divergence 26.469173431396484
(Save) Epoch: 43600 Total_Loss: 0.02027410827577114 with error 0.005468038376420736 KL divergence 14.806070327758789
(Save) Epoch: 43500 Total_Loss: 0.034282103180885315 with error 0.008070030249655247 KL divergence 26.212072372436523
(Save) Epoch: 41300 Total_Loss: 0.02158641815185547 with error 0.004058280028402805 KL divergence 17.528135299682617
(Save) Epoch: 43700 Total_Loss: 0.019671838730573654 with error 0.004580711014568806 KL divergence 15.0911283493042
(Save) Epoch: 43600 Total_Loss: 0.032814860343933105 with error 0.006911689881235361 KL divergence 25.90317153930664
(Save) Epoch: 41400 Total_Loss: 0.021501390263438225 with error 0.003625823650509119 KL divergence 17.875566482543945
(Save) Epoch: 43800 Total_Loss: 0.020308706909418106 with error 0.004468141123652458 KL divergence 15.840566635131836
(Save) Epoch: 43700 Total_Loss: 0.031851984560489655 with error 0.005505823530256748 KL divergence 26.346155166625977
(Save) Epoch: 41500 Total_Loss: 0.023057516664266586 with error 0.005987085867673159 KL divergence 17.070430755615234
(Save) Epoch: 43900 Total_Loss: 0.021139414981007576 with error 0.0059465160593390465 KL divergence 15.192898750305176
(Save) Epoch: 43800 Total_Loss: 0.03422717750072479 with error 0.008272725157439709 KL divergence 25.954452514648438
(Save) Epoch: 41600 Total_Loss: 0.01978239417076111 with error 0.0023450488224625587 KL divergence 17.437345504760742
(Print) Epoch: 44000 Total_Loss: 0.030132180079817772 with error 0.014901412650942802 KL divergence 15.230766296386719
(Save) Epoch: 44000 Total_Loss: 0.030132180079817772 with error 0.014901412650942802 KL divergence 15.230766296386719
(Save) Epoch: 43900 Total_Loss: 0.03249593824148178 with error 0.006504799239337444 KL divergence 25.991134643554688
(Save) Epoch: 41700 Total_Loss: 0.02036822773516178 with error 0.003162809880450368 KL divergence 17.20541763305664
(Save) Epoch: 44100 Total_Loss: 0.020056966692209244 with error 0.005194338969886303 KL divergence 14.862627029418945
(Print) Epoch: 44000 Total_Loss: 0.03023608960211277 with error 0.0038740201853215694 KL divergence 26.3620662689209
(Save) Epoch: 44000 Total_Loss: 0.03023608960211277 with error 0.0038740201853215694 KL divergence 26.3620662689209
(Save) Epoch: 41800 Total_Loss: 0.019932186231017113 with error 0.0031963244546204805 KL divergence 16.735858917236328
(Save) Epoch: 44200 Total_Loss: 0.018163731321692467 with error 0.0037514702416956425 KL divergence 14.412260055541992
(Save) Epoch: 44100 Total_Loss: 0.029995163902640343 with error 0.004305754788219929 KL divergence 25.689407348632812
(Save) Epoch: 41900 Total_Loss: 0.019774243235588074 with error 0.0031919509638100863 KL divergence 16.582290649414062
(Save) Epoch: 44300 Total_Loss: 0.021418496966362 with error 0.005315050948411226 KL divergence 16.10344696044922
(Save) Epoch: 44200 Total_Loss: 0.02900533750653267 with error 0.003108428092673421 KL divergence 25.89690589904785
(Print) Epoch: 42000 Total_Loss: 0.03146306052803993 with error 0.013903871178627014 KL divergence 17.559185028076172
(Save) Epoch: 42000 Total_Loss: 0.03146306052803993 with error 0.013903871178627014 KL divergence 17.559185028076172
(Save) Epoch: 44400 Total_Loss: 0.01833793707191944 with error 0.003948410041630268 KL divergence 14.389524459838867
(Save) Epoch: 44300 Total_Loss: 0.03410928323864937 with error 0.008445946499705315 KL divergence 25.663330078125
(Save) Epoch: 42100 Total_Loss: 0.02089616283774376 with error 0.003363967640325427 KL divergence 17.532196044921875
(Save) Epoch: 44500 Total_Loss: 0.019437117502093315 with error 0.00418067118152976 KL divergence 15.256444931030273
(Save) Epoch: 44400 Total_Loss: 0.03170355036854744 with error 0.005894075147807598 KL divergence 25.809473037719727
(Save) Epoch: 42200 Total_Loss: 0.02620052918791771 with error 0.009159879758954048 KL divergence 17.040647506713867
(Save) Epoch: 44600 Total_Loss: 0.023120922967791557 with error 0.008416038937866688 KL divergence 14.70488452911377
(Save) Epoch: 44500 Total_Loss: 0.030970191583037376 with error 0.0051975795067846775 KL divergence 25.77260971069336
(Save) Epoch: 42300 Total_Loss: 0.022535288706421852 with error 0.005324999801814556 KL divergence 17.210285186767578
(Save) Epoch: 44700 Total_Loss: 0.018008550629019737 with error 0.003531184745952487 KL divergence 14.477363586425781
(Save) Epoch: 44600 Total_Loss: 0.03035014308989048 with error 0.00426655076444149 KL divergence 26.083593368530273
(Save) Epoch: 42400 Total_Loss: 0.020763691514730453 with error 0.003309261053800583 KL divergence 17.454429626464844
(Save) Epoch: 44800 Total_Loss: 0.020652804523706436 with error 0.004852869547903538 KL divergence 15.799936294555664
(Save) Epoch: 44700 Total_Loss: 0.03216613084077835 with error 0.0067566996440291405 KL divergence 25.409433364868164
(Save) Epoch: 42500 Total_Loss: 0.021128837019205093 with error 0.003695562481880188 KL divergence 17.433277130126953
(Save) Epoch: 44900 Total_Loss: 0.02089570462703705 with error 0.0057003977708518505 KL divergence 15.195306777954102
(Save) Epoch: 44800 Total_Loss: 0.03140819072723389 with error 0.005241728387773037 KL divergence 26.166461944580078
(Save) Epoch: 42600 Total_Loss: 0.021477675065398216 with error 0.0042079538106918335 KL divergence 17.26972007751465
(Print) Epoch: 45000 Total_Loss: 0.019972965121269226 with error 0.004599615931510925 KL divergence 15.373347282409668
(Save) Epoch: 45000 Total_Loss: 0.019972965121269226 with error 0.004599615931510925 KL divergence 15.373347282409668
(Save) Epoch: 44900 Total_Loss: 0.031326305121183395 with error 0.0054917000234127045 KL divergence 25.8346004486084
(Save) Epoch: 42700 Total_Loss: 0.021939918398857117 with error 0.0053426302038133144 KL divergence 16.597286224365234
(Save) Epoch: 45100 Total_Loss: 0.018659459426999092 with error 0.004459715448319912 KL divergence 14.199743270874023
(Save) Epoch: 42800 Total_Loss: 0.019397947937250137 with error 0.0032178969122469425 KL divergence 16.18004608154297
(Print) Epoch: 45000 Total_Loss: 0.03001861274242401 with error 0.0036528550554066896 KL divergence 26.365758895874023
(Save) Epoch: 45000 Total_Loss: 0.03001861274242401 with error 0.0036528550554066896 KL divergence 26.365758895874023
(Save) Epoch: 45200 Total_Loss: 0.019716113805770874 with error 0.004948167130351067 KL divergence 14.76794719696045
(Save) Epoch: 45100 Total_Loss: 0.03382957726716995 with error 0.007671148981899023 KL divergence 26.158428192138672
(Save) Epoch: 42900 Total_Loss: 0.020239029079675674 with error 0.0033747274428606033 KL divergence 16.864299774169922
(Save) Epoch: 45300 Total_Loss: 0.0175426434725523 with error 0.00301242689602077 KL divergence 14.530218124389648
(Save) Epoch: 45200 Total_Loss: 0.03276495262980461 with error 0.006528851576149464 KL divergence 26.236095428466797
(Print) Epoch: 43000 Total_Loss: 0.01911129429936409 with error 0.002619159407913685 KL divergence 16.492130279541016
(Save) Epoch: 43000 Total_Loss: 0.01911129429936409 with error 0.002619159407913685 KL divergence 16.492130279541016
(Save) Epoch: 45400 Total_Loss: 0.02745687961578369 with error 0.01258337963372469 KL divergence 14.873497009277344
(Save) Epoch: 45300 Total_Loss: 0.028149759396910667 with error 0.0028347435873001814 KL divergence 25.315013885498047
(Save) Epoch: 43100 Total_Loss: 0.019824136048555374 with error 0.003852700814604759 KL divergence 15.971435546875
(Save) Epoch: 45500 Total_Loss: 0.018679000437259674 with error 0.003666962729766965 KL divergence 15.012039184570312
(Save) Epoch: 45400 Total_Loss: 0.037195730954408646 with error 0.01111429650336504 KL divergence 26.081432342529297
(Save) Epoch: 43200 Total_Loss: 0.020806029438972473 with error 0.004370426293462515 KL divergence 16.43560218811035
(Save) Epoch: 45600 Total_Loss: 0.01919863000512123 with error 0.003932236693799496 KL divergence 15.266393661499023
(Save) Epoch: 45500 Total_Loss: 0.042974572628736496 with error 0.016580818220973015 KL divergence 26.393749237060547
(Save) Epoch: 43300 Total_Loss: 0.019974594935774803 with error 0.003626236692070961 KL divergence 16.348360061645508
(Save) Epoch: 45700 Total_Loss: 0.017545338720083237 with error 0.003111543133854866 KL divergence 14.433794975280762
(Save) Epoch: 45600 Total_Loss: 0.03645167499780655 with error 0.010835322551429272 KL divergence 25.616348266601562
(Save) Epoch: 43400 Total_Loss: 0.01937609538435936 with error 0.0028739585541188717 KL divergence 16.502138137817383
(Save) Epoch: 45700 Total_Loss: 0.028828293085098267 with error 0.0026644342578947544 KL divergence 26.163854598999023
(Save) Epoch: 45800 Total_Loss: 0.019656963646411896 with error 0.004776357673108578 KL divergence 14.880605697631836
(Save) Epoch: 43500 Total_Loss: 0.019692879170179367 with error 0.0034999146591871977 KL divergence 16.192964553833008
(Save) Epoch: 45800 Total_Loss: 0.030709117650985718 with error 0.004214911721646786 KL divergence 26.494205474853516
(Save) Epoch: 45900 Total_Loss: 0.017732923850417137 with error 0.0032788817770779133 KL divergence 14.454042434692383
(Save) Epoch: 43600 Total_Loss: 0.02217858098447323 with error 0.004121697042137384 KL divergence 18.056882858276367
(Save) Epoch: 45900 Total_Loss: 0.043983642011880875 with error 0.017606228590011597 KL divergence 26.37741470336914
(Print) Epoch: 46000 Total_Loss: 0.019379843026399612 with error 0.004409170709550381 KL divergence 14.970670700073242
(Save) Epoch: 46000 Total_Loss: 0.019379843026399612 with error 0.004409170709550381 KL divergence 14.970670700073242
(Save) Epoch: 43700 Total_Loss: 0.019937429577112198 with error 0.002875277539715171 KL divergence 17.062149047851562
(Print) Epoch: 46000 Total_Loss: 0.03281911090016365 with error 0.006934113800525665 KL divergence 25.884998321533203
(Save) Epoch: 46000 Total_Loss: 0.03281911090016365 with error 0.006934113800525665 KL divergence 25.884998321533203
(Save) Epoch: 46100 Total_Loss: 0.018734298646450043 with error 0.004071605391800404 KL divergence 14.662692070007324
(Save) Epoch: 43800 Total_Loss: 0.021883690729737282 with error 0.004809313453733921 KL divergence 17.07437515258789
(Save) Epoch: 46100 Total_Loss: 0.03333296626806259 with error 0.007390496786683798 KL divergence 25.942468643188477
(Save) Epoch: 46200 Total_Loss: 0.01903827115893364 with error 0.0044249738566577435 KL divergence 14.613296508789062
(Save) Epoch: 43900 Total_Loss: 0.021822145208716393 with error 0.0051963976584374905 KL divergence 16.625747680664062
(Save) Epoch: 46200 Total_Loss: 0.04279005154967308 with error 0.01660921238362789 KL divergence 26.18084144592285
(Save) Epoch: 46300 Total_Loss: 0.020210105925798416 with error 0.005458897911012173 KL divergence 14.751208305358887
(Print) Epoch: 44000 Total_Loss: 0.02181996777653694 with error 0.005132447928190231 KL divergence 16.687519073486328
(Save) Epoch: 44000 Total_Loss: 0.02181996777653694 with error 0.005132447928190231 KL divergence 16.687519073486328
(Save) Epoch: 46300 Total_Loss: 0.029382312670350075 with error 0.0030498856212943792 KL divergence 26.332427978515625
(Save) Epoch: 46400 Total_Loss: 0.018825167790055275 with error 0.0036347873974591494 KL divergence 15.190381050109863
(Save) Epoch: 44100 Total_Loss: 0.020156066864728928 with error 0.0031961898785084486 KL divergence 16.959875106811523
(Save) Epoch: 46400 Total_Loss: 0.03247962146997452 with error 0.0065933591686189175 KL divergence 25.88625717163086
(Save) Epoch: 46500 Total_Loss: 0.019001534208655357 with error 0.005089857615530491 KL divergence 13.911676406860352
(Save) Epoch: 44200 Total_Loss: 0.0203954316675663 with error 0.003278936492279172 KL divergence 17.116497039794922
(Save) Epoch: 46500 Total_Loss: 0.07003387063741684 with error 0.04375998675823212 KL divergence 26.273876190185547
(Save) Epoch: 46600 Total_Loss: 0.018819158896803856 with error 0.0036744512617588043 KL divergence 15.144708633422852
(Save) Epoch: 44300 Total_Loss: 0.018672700971364975 with error 0.0026811559218913317 KL divergence 15.991541862487793
(Save) Epoch: 46600 Total_Loss: 0.030509870499372482 with error 0.005163774359971285 KL divergence 25.34609603881836
(Save) Epoch: 46700 Total_Loss: 0.017290139570832253 with error 0.003318583592772484 KL divergence 13.97155475616455
(Save) Epoch: 44400 Total_Loss: 0.02118149772286415 with error 0.0044548241421580315 KL divergence 16.726673126220703
(Save) Epoch: 46700 Total_Loss: 0.05504302307963371 with error 0.02912735566496849 KL divergence 25.915660858154297
(Save) Epoch: 44500 Total_Loss: 0.020583873614668846 with error 0.0043211947195231915 KL divergence 16.262680053710938
(Save) Epoch: 46800 Total_Loss: 0.021102404221892357 with error 0.006285251118242741 KL divergence 14.817153930664062
(Save) Epoch: 46800 Total_Loss: 0.033352695405483246 with error 0.006881433539092541 KL divergence 26.471261978149414
(Save) Epoch: 44600 Total_Loss: 0.019516192376613617 with error 0.0031972546130418777 KL divergence 16.31893539428711
(Save) Epoch: 46900 Total_Loss: 0.021716490387916565 with error 0.006766666658222675 KL divergence 14.949823379516602
(Save) Epoch: 46900 Total_Loss: 0.03723319247364998 with error 0.011594357900321484 KL divergence 25.638835906982422
(Save) Epoch: 44700 Total_Loss: 0.021717717871069908 with error 0.00443166634067893 KL divergence 17.28605079650879
(Print) Epoch: 47000 Total_Loss: 0.01789485290646553 with error 0.00278814067132771 KL divergence 15.106710433959961
(Save) Epoch: 47000 Total_Loss: 0.01789485290646553 with error 0.00278814067132771 KL divergence 15.106710433959961
(Print) Epoch: 47000 Total_Loss: 0.029620081186294556 with error 0.004004329442977905 KL divergence 25.61574935913086
(Save) Epoch: 47000 Total_Loss: 0.029620081186294556 with error 0.004004329442977905 KL divergence 25.61574935913086
(Save) Epoch: 44800 Total_Loss: 0.01900298334658146 with error 0.002572267781943083 KL divergence 16.430715560913086
(Save) Epoch: 47100 Total_Loss: 0.017558474093675613 with error 0.0031976501923054457 KL divergence 14.360821723937988
(Save) Epoch: 47100 Total_Loss: 0.030941393226385117 with error 0.004643688909709454 KL divergence 26.29770278930664
(Save) Epoch: 47200 Total_Loss: 0.020716318860650063 with error 0.005892625544220209 KL divergence 14.823692321777344
(Save) Epoch: 44900 Total_Loss: 0.019562717527151108 with error 0.0037102815695106983 KL divergence 15.852435111999512
(Save) Epoch: 47200 Total_Loss: 0.029600149020552635 with error 0.004066296853125095 KL divergence 25.533855438232422
(Save) Epoch: 47300 Total_Loss: 0.019161667674779892 with error 0.004835234489291906 KL divergence 14.326433181762695
(Print) Epoch: 45000 Total_Loss: 0.019702184945344925 with error 0.003587719053030014 KL divergence 16.114463806152344
(Save) Epoch: 45000 Total_Loss: 0.019702184945344925 with error 0.003587719053030014 KL divergence 16.114463806152344
(Save) Epoch: 47300 Total_Loss: 0.029244154691696167 with error 0.0037913385313004255 KL divergence 25.45281410217285
(Save) Epoch: 47400 Total_Loss: 0.019072508439421654 with error 0.0037588414270430803 KL divergence 15.313669204711914
(Save) Epoch: 45100 Total_Loss: 0.022692007943987846 with error 0.005758341867476702 KL divergence 16.933666229248047
(Save) Epoch: 47400 Total_Loss: 0.029288778081536293 with error 0.0037196241319179535 KL divergence 25.569150924682617
(Save) Epoch: 45200 Total_Loss: 0.02019328437745571 with error 0.003182101994752884 KL divergence 17.01118278503418
(Save) Epoch: 47500 Total_Loss: 0.025298723950982094 with error 0.010592504404485226 KL divergence 14.706217765808105
(Save) Epoch: 47500 Total_Loss: 0.03598913922905922 with error 0.009632335975766182 KL divergence 26.356801986694336
(Save) Epoch: 45300 Total_Loss: 0.021503811702132225 with error 0.004422398284077644 KL divergence 17.08141326904297
(Save) Epoch: 47600 Total_Loss: 0.03306777402758598 with error 0.007132139056921005 KL divergence 25.935638427734375
(Save) Epoch: 47600 Total_Loss: 0.020965727046132088 with error 0.0063409460708498955 KL divergence 14.624780654907227
(Save) Epoch: 45400 Total_Loss: 0.020699042826890945 with error 0.0028527218382805586 KL divergence 17.846323013305664
(Save) Epoch: 47700 Total_Loss: 0.030522074550390244 with error 0.0053619942627847195 KL divergence 25.16008186340332
(Save) Epoch: 47700 Total_Loss: 0.016143957152962685 with error 0.0024582340847700834 KL divergence 13.685720443725586
(Save) Epoch: 45500 Total_Loss: 0.020321542397141457 with error 0.004420419689267874 KL divergence 15.90112018585205
(Save) Epoch: 47800 Total_Loss: 0.05088057368993759 with error 0.02511030063033104 KL divergence 25.770275115966797
(Save) Epoch: 47800 Total_Loss: 0.016594234853982925 with error 0.0029608269687741995 KL divergence 13.633405685424805
(Save) Epoch: 45600 Total_Loss: 0.01896716095507145 with error 0.0033042829018086195 KL divergence 15.662878036499023
(Save) Epoch: 47900 Total_Loss: 0.028719007968902588 with error 0.002993613015860319 KL divergence 25.72539710998535
(Save) Epoch: 47900 Total_Loss: 0.01786075532436371 with error 0.003326300997287035 KL divergence 14.534452438354492
(Save) Epoch: 45700 Total_Loss: 0.020809689536690712 with error 0.004284861497581005 KL divergence 16.52482795715332
(Print) Epoch: 48000 Total_Loss: 0.030180448666214943 with error 0.004021989647299051 KL divergence 26.1584529876709
(Save) Epoch: 48000 Total_Loss: 0.030180448666214943 with error 0.004021989647299051 KL divergence 26.1584529876709
(Print) Epoch: 48000 Total_Loss: 0.01780233345925808 with error 0.0029329664539545774 KL divergence 14.869366645812988
(Save) Epoch: 48000 Total_Loss: 0.01780233345925808 with error 0.0029329664539545774 KL divergence 14.869366645812988
(Save) Epoch: 45800 Total_Loss: 0.020234744995832443 with error 0.0045827655121684074 KL divergence 15.6519775390625
(Save) Epoch: 48100 Total_Loss: 0.029922347515821457 with error 0.004227754194289446 KL divergence 25.694595336914062
(Save) Epoch: 48100 Total_Loss: 0.019292112439870834 with error 0.004615413956344128 KL divergence 14.6766996383667
(Save) Epoch: 45900 Total_Loss: 0.022008169442415237 with error 0.005876520182937384 KL divergence 16.13164710998535
(Save) Epoch: 48200 Total_Loss: 0.03124469518661499 with error 0.005432211793959141 KL divergence 25.812484741210938
(Save) Epoch: 48200 Total_Loss: 0.01807398535311222 with error 0.0033898805268108845 KL divergence 14.684103012084961
(Print) Epoch: 46000 Total_Loss: 0.0183509923517704 with error 0.0023503717966377735 KL divergence 16.000619888305664
(Save) Epoch: 46000 Total_Loss: 0.0183509923517704 with error 0.0023503717966377735 KL divergence 16.000619888305664
(Save) Epoch: 48300 Total_Loss: 0.03070487454533577 with error 0.004711458925157785 KL divergence 25.993412017822266
(Save) Epoch: 48300 Total_Loss: 0.019424261525273323 with error 0.004110901616513729 KL divergence 15.313359260559082
(Save) Epoch: 46100 Total_Loss: 0.018708486109972 with error 0.002323202323168516 KL divergence 16.385282516479492
(Save) Epoch: 48400 Total_Loss: 0.034949641674757004 with error 0.009349653497338295 KL divergence 25.599987030029297
(Save) Epoch: 48400 Total_Loss: 0.016292711719870567 with error 0.002001021523028612 KL divergence 14.2916898727417
(Save) Epoch: 46200 Total_Loss: 0.019598975777626038 with error 0.003382020862773061 KL divergence 16.21695327758789
(Save) Epoch: 48500 Total_Loss: 0.030409786850214005 with error 0.00412431824952364 KL divergence 26.28546714782715
(Save) Epoch: 48500 Total_Loss: 0.020311769098043442 with error 0.006716160569339991 KL divergence 13.595606803894043
(Save) Epoch: 46300 Total_Loss: 0.01812807284295559 with error 0.001814977964386344 KL divergence 16.313093185424805
(Save) Epoch: 48600 Total_Loss: 0.03469664976000786 with error 0.008807589299976826 KL divergence 25.889062881469727
(Save) Epoch: 48600 Total_Loss: 0.023696446791291237 with error 0.009424149990081787 KL divergence 14.272294998168945
(Save) Epoch: 46400 Total_Loss: 0.02272491343319416 with error 0.0070536257699131966 KL divergence 15.671287536621094
(Save) Epoch: 48700 Total_Loss: 0.05399566888809204 with error 0.028648948296904564 KL divergence 25.346721649169922
(Save) Epoch: 48700 Total_Loss: 0.01660710945725441 with error 0.001801953068934381 KL divergence 14.805155754089355
(Save) Epoch: 46500 Total_Loss: 0.020510699599981308 with error 0.004587533883750439 KL divergence 15.923162460327148
(Save) Epoch: 48800 Total_Loss: 0.030046647414565086 with error 0.004500139970332384 KL divergence 25.5465087890625
(Save) Epoch: 48800 Total_Loss: 0.02382585033774376 with error 0.008639524690806866 KL divergence 15.186327934265137
(Save) Epoch: 46600 Total_Loss: 0.019974423572421074 with error 0.004137268755584955 KL divergence 15.837153434753418
(Save) Epoch: 48900 Total_Loss: 0.03077322244644165 with error 0.005497526377439499 KL divergence 25.275691986083984
(Save) Epoch: 48900 Total_Loss: 0.017096681520342827 with error 0.003330567851662636 KL divergence 13.766111373901367
(Print) Epoch: 49000 Total_Loss: 0.03327992931008339 with error 0.007211637683212757 KL divergence 26.068288803100586
(Save) Epoch: 49000 Total_Loss: 0.03327992931008339 with error 0.007211637683212757 KL divergence 26.068288803100586
(Save) Epoch: 46700 Total_Loss: 0.01737695001065731 with error 0.0021954383701086044 KL divergence 15.181512832641602
(Print) Epoch: 49000 Total_Loss: 0.019245583564043045 with error 0.0046825045719742775 KL divergence 14.563077926635742
(Save) Epoch: 49000 Total_Loss: 0.019245583564043045 with error 0.0046825045719742775 KL divergence 14.563077926635742
(Save) Epoch: 49100 Total_Loss: 0.03086945042014122 with error 0.004846354480832815 KL divergence 26.02309799194336
(Save) Epoch: 46800 Total_Loss: 0.020964890718460083 with error 0.005355930887162685 KL divergence 15.60895824432373
(Save) Epoch: 49200 Total_Loss: 0.035444505512714386 with error 0.009774538688361645 KL divergence 25.669963836669922
(Save) Epoch: 49100 Total_Loss: 0.01940012164413929 with error 0.004883036483079195 KL divergence 14.517084121704102
(Save) Epoch: 46900 Total_Loss: 0.022313613444566727 with error 0.006981574930250645 KL divergence 15.332040786743164
(Save) Epoch: 49300 Total_Loss: 0.030932089313864708 with error 0.004776584915816784 KL divergence 26.155498504638672
(Save) Epoch: 49200 Total_Loss: 0.02619936503469944 with error 0.011072681285440922 KL divergence 15.126686096191406
(Print) Epoch: 47000 Total_Loss: 0.02108277939260006 with error 0.004812946543097496 KL divergence 16.269832611083984
(Save) Epoch: 47000 Total_Loss: 0.02108277939260006 with error 0.004812946543097496 KL divergence 16.269832611083984
(Save) Epoch: 49400 Total_Loss: 0.030922597274184227 with error 0.0054719168692827225 KL divergence 25.450679779052734
(Save) Epoch: 49300 Total_Loss: 0.016554096713662148 with error 0.0021662097424268723 KL divergence 14.387886047363281
(Save) Epoch: 47100 Total_Loss: 0.018990108743309975 with error 0.0030199612956494093 KL divergence 15.970144271850586
(Save) Epoch: 49500 Total_Loss: 0.028489014133810997 with error 0.0031584189273416996 KL divergence 25.330595016479492
(Save) Epoch: 49400 Total_Loss: 0.019793473184108734 with error 0.00623950082808733 KL divergence 13.553975105285645
(Save) Epoch: 47200 Total_Loss: 0.019966740161180496 with error 0.004100173246115446 KL divergence 15.86656665802002
(Save) Epoch: 49600 Total_Loss: 0.028058644384145737 with error 0.002074872376397252 KL divergence 25.983768463134766
(Save) Epoch: 49500 Total_Loss: 0.019405154511332512 with error 0.004592698533087969 KL divergence 14.812454223632812
(Save) Epoch: 47300 Total_Loss: 0.01818760111927986 with error 0.0022015580907464027 KL divergence 15.986042976379395
(Save) Epoch: 49700 Total_Loss: 0.034071166068315506 with error 0.007935965433716774 KL divergence 26.13519859313965
(Save) Epoch: 49600 Total_Loss: 0.02900167740881443 with error 0.013979775831103325 KL divergence 15.021899223327637
(Save) Epoch: 47400 Total_Loss: 0.019577376544475555 with error 0.003006700659170747 KL divergence 16.570674896240234
(Save) Epoch: 49800 Total_Loss: 0.036584626883268356 with error 0.010413706302642822 KL divergence 26.170917510986328
(Save) Epoch: 49700 Total_Loss: 0.016464469954371452 with error 0.002771493513137102 KL divergence 13.692977905273438
(Save) Epoch: 47500 Total_Loss: 0.025546099990606308 with error 0.007786573376506567 KL divergence 17.75952911376953
(Save) Epoch: 49900 Total_Loss: 0.049052294343709946 with error 0.023480895906686783 KL divergence 25.571392059326172
(Save) Epoch: 49800 Total_Loss: 0.01872851513326168 with error 0.004067400004714727 KL divergence 14.661115646362305
(Save) Epoch: 47600 Total_Loss: 0.020123165100812912 with error 0.0042758239433169365 KL divergence 15.847338676452637
(Print) Epoch: 50000 Total_Loss: 0.030487660318613052 with error 0.004557962529361248 KL divergence 25.929698944091797
(Save) Epoch: 50000 Total_Loss: 0.030487660318613052 with error 0.004557962529361248 KL divergence 25.929698944091797
(Save) Epoch: 47700 Total_Loss: 0.019294263795018196 with error 0.002918344922363758 KL divergence 16.375919342041016
(Save) Epoch: 49900 Total_Loss: 0.018884070217609406 with error 0.004484138917177916 KL divergence 14.399930953979492
(Save) Epoch: 50100 Total_Loss: 0.02842387557029724 with error 0.0032641664147377014 KL divergence 25.15970802307129
(Save) Epoch: 47800 Total_Loss: 0.02513236179947853 with error 0.010095055215060711 KL divergence 15.03730583190918
(Print) Epoch: 50000 Total_Loss: 0.027424002066254616 with error 0.012777319177985191 KL divergence 14.646682739257812
(Save) Epoch: 50000 Total_Loss: 0.027424002066254616 with error 0.012777319177985191 KL divergence 14.646682739257812
(Save) Epoch: 50200 Total_Loss: 0.03659532591700554 with error 0.010723302140831947 KL divergence 25.872024536132812
(Save) Epoch: 47900 Total_Loss: 0.019200751557946205 with error 0.003096139756962657 KL divergence 16.104610443115234
(Save) Epoch: 50100 Total_Loss: 0.018273476511240005 with error 0.003856732975691557 KL divergence 14.416743278503418
(Save) Epoch: 50300 Total_Loss: 0.03175216540694237 with error 0.006107975263148546 KL divergence 25.644189834594727
